#
# There is insufficient memory for the Java Runtime Environment to continue.
# Native memory allocation (mmap) failed to map 50331648 bytes for G1 virtual space
# Possible reasons:
#   The system is out of physical RAM or swap space
#   The process is running with CompressedOops enabled, and the Java Heap may be blocking the growth of the native heap
# Possible solutions:
#   Reduce memory load on the system
#   Increase physical memory or swap space
#   Check if swap backing store is full
#   Decrease Java heap size (-Xmx/-Xms)
#   Decrease number of Java threads
#   Decrease Java thread stack sizes (-Xss)
#   Set larger code cache with -XX:ReservedCodeCacheSize=
#   JVM is running with Unscaled Compressed Oops mode in which the Java heap is
#     placed in the first 4GB address space. The Java Heap base address is the
#     maximum limit for the native heap growth. Please use -XX:HeapBaseMinAddress
#     to set the Java Heap base and to place the Java Heap above 4GB virtual address.
# This output file may be truncated or incomplete.
#
#  Out of Memory Error (os_windows.cpp:3769), pid=31328, tid=13676
#
# JRE version: OpenJDK Runtime Environment (17.0.6) (build 17.0.6+0-b2043.56-10027231)
# Java VM: OpenJDK 64-Bit Server VM (17.0.6+0-b2043.56-10027231, mixed mode, tiered, compressed oops, compressed class ptrs, g1 gc, windows-amd64)
# No core dump will be written. Minidumps are not enabled by default on client versions of Windows
#

---------------  S U M M A R Y ------------

Command Line: --add-opens=java.base/java.util=ALL-UNNAMED --add-opens=java.base/java.lang=ALL-UNNAMED --add-opens=java.base/java.lang.invoke=ALL-UNNAMED --add-opens=java.prefs/java.util.prefs=ALL-UNNAMED --add-opens=java.base/java.nio.charset=ALL-UNNAMED --add-opens=java.base/java.net=ALL-UNNAMED --add-opens=java.base/java.util.concurrent.atomic=ALL-UNNAMED -Xmx2048m -Dfile.encoding=UTF-8 -Duser.country=RU -Duser.language=ru -Duser.variant org.gradle.launcher.daemon.bootstrap.GradleDaemon 8.0

Host: Intel(R) Core(TM) i5-10210U CPU @ 1.60GHz, 8 cores, 7G,  Windows 10 , 64 bit Build 19041 (10.0.19041.3636)
Time: Wed Dec 27 00:26:31 2023 RTZ 2 (s 10 , 64 bit Build 19041 (10.0.19041.3636) elapsed time: 46.495644 seconds (0d 0h 0m 46s)

---------------  T H R E A D  ---------------

Current thread (0x0000024f7f15ab10):  VMThread "VM Thread" [stack: 0x0000007828b00000,0x0000007828c00000] [id=13676]

Stack: [0x0000007828b00000,0x0000007828c00000]
Native frames: (J=compiled Java code, j=interpreted, Vv=VM code, C=native code)
V  [jvm.dll+0x683c9a]
V  [jvm.dll+0x8427a4]
V  [jvm.dll+0x843f9e]
V  [jvm.dll+0x844603]
V  [jvm.dll+0x249b75]
V  [jvm.dll+0x680b69]
V  [jvm.dll+0x67505a]
V  [jvm.dll+0x309acb]
V  [jvm.dll+0x310f86]
V  [jvm.dll+0x3608ee]
V  [jvm.dll+0x360b1f]
V  [jvm.dll+0x2dfbf8]
V  [jvm.dll+0x2e2ce6]
V  [jvm.dll+0x2ed478]
V  [jvm.dll+0x322150]
V  [jvm.dll+0x848ccb]
V  [jvm.dll+0x849a04]
V  [jvm.dll+0x849f1d]
V  [jvm.dll+0x84a2f4]
V  [jvm.dll+0x84a3c0]
V  [jvm.dll+0x7f274a]
V  [jvm.dll+0x682ad5]
C  [ucrtbase.dll+0x21bb2]
C  [KERNEL32.DLL+0x17344]
C  [ntdll.dll+0x526b1]

VM_Operation (0x00000078287ff3e0): G1Concurrent, mode: safepoint, requested by thread 0x0000024f7638c820


---------------  P R O C E S S  ---------------

Threads class SMR info:
_java_thread_list=0x0000024f152aa750, length=125, elements={
0x0000024f7631b890, 0x0000024f7f197260, 0x0000024f7f15f490, 0x0000024f7f183fb0,
0x0000024f7fc159b0, 0x0000024f7fc16270, 0x0000024f7fc16b30, 0x0000024f7fc17720,
0x0000024f7fc18020, 0x0000024f7f19e810, 0x0000024f7fdaf610, 0x0000024f7fdafef0,
0x0000024f12467c40, 0x0000024f11ff72a0, 0x0000024f1300c120, 0x0000024f1265b5b0,
0x0000024f13b2b010, 0x0000024f123c8b70, 0x0000024f12641fe0, 0x0000024f134b5520,
0x0000024f134b8540, 0x0000024f134b6860, 0x0000024f134b6d30, 0x0000024f134b76d0,
0x0000024f134b6390, 0x0000024f134b8a10, 0x0000024f134b59f0, 0x0000024f134b7ba0,
0x0000024f134b5ec0, 0x0000024f134b7200, 0x0000024f134b5050, 0x0000024f134b8070,
0x0000024f11a06f60, 0x0000024f11a095e0, 0x0000024f11a0bc60, 0x0000024f11a0b790,
0x0000024f11a07430, 0x0000024f11a0c130, 0x0000024f11a05c20, 0x0000024f11a065c0,
0x0000024f11a07dd0, 0x0000024f11a060f0, 0x0000024f11a08770, 0x0000024f11a09110,
0x0000024f11a07900, 0x0000024f11a082a0, 0x0000024f11a08c40, 0x0000024f11a0a920,
0x0000024f11a0b2c0, 0x0000024f11a0c600, 0x0000024f11a05280, 0x0000024f11a05750,
0x0000024f1595f480, 0x0000024f1595fe20, 0x0000024f15961b00, 0x0000024f15962e40,
0x0000024f15965990, 0x0000024f15961fd0, 0x0000024f159624a0, 0x0000024f1595efb0,
0x0000024f15964ff0, 0x0000024f15962970, 0x0000024f15961630, 0x0000024f15963310,
0x0000024f159637e0, 0x0000024f159607c0, 0x0000024f15963cb0, 0x0000024f15964180,
0x0000024f15964650, 0x0000024f159654c0, 0x0000024f15965e60, 0x0000024f15966330,
0x0000024f1595eae0, 0x0000024f15964b20, 0x0000024f1595f950, 0x0000024f15960c90,
0x0000024f159602f0, 0x0000024f15961160, 0x0000024f15777d70, 0x0000024f15778240,
0x0000024f15779a50, 0x0000024f157790b0, 0x0000024f15778710, 0x0000024f15776f00,
0x0000024f15778be0, 0x0000024f15779580, 0x0000024f15776a30, 0x0000024f157778a0,
0x0000024f157773d0, 0x0000024f15779f20, 0x0000024f15776560, 0x0000024f15f76760,
0x0000024f15f75dc0, 0x0000024f15f7a120, 0x0000024f15f76c30, 0x0000024f15f77100,
0x0000024f15f74f50, 0x0000024f15f792b0, 0x0000024f15f7b930, 0x0000024f15f7a5f0,
0x0000024f15f775d0, 0x0000024f15f77aa0, 0x0000024f15f7be00, 0x0000024f15f7c2d0,
0x0000024f15f77f70, 0x0000024f15f7aac0, 0x0000024f15f7af90, 0x0000024f15f79780,
0x0000024f15f7b460, 0x0000024f15f79c50, 0x0000024f15f758f0, 0x0000024f15f74a80,
0x0000024f15f75420, 0x0000024f15f78910, 0x0000024f15f78de0, 0x0000024f15f76290,
0x0000024f15f78440, 0x0000024f152bc540, 0x0000024f152bf560, 0x0000024f152bdd50,
0x0000024f152bd3b0, 0x0000024f152bebc0, 0x0000024f152be220, 0x0000024f152be6f0,
0x0000024f152bd880
}

Java Threads: ( => current thread )
  0x0000024f7631b890 JavaThread "main" [_thread_blocked, id=26896, stack(0x0000007828500000,0x0000007828600000)]
  0x0000024f7f197260 JavaThread "Reference Handler" daemon [_thread_blocked, id=28816, stack(0x0000007828c00000,0x0000007828d00000)]
  0x0000024f7f15f490 JavaThread "Finalizer" daemon [_thread_blocked, id=11356, stack(0x0000007828d00000,0x0000007828e00000)]
  0x0000024f7f183fb0 JavaThread "Signal Dispatcher" daemon [_thread_blocked, id=1356, stack(0x0000007828e00000,0x0000007828f00000)]
  0x0000024f7fc159b0 JavaThread "Attach Listener" daemon [_thread_blocked, id=2164, stack(0x0000007828f00000,0x0000007829000000)]
  0x0000024f7fc16270 JavaThread "Service Thread" daemon [_thread_blocked, id=13052, stack(0x0000007829000000,0x0000007829100000)]
  0x0000024f7fc16b30 JavaThread "Monitor Deflation Thread" daemon [_thread_blocked, id=26372, stack(0x0000007829100000,0x0000007829200000)]
  0x0000024f7fc17720 JavaThread "C2 CompilerThread0" daemon [_thread_blocked, id=28068, stack(0x0000007829200000,0x0000007829300000)]
  0x0000024f7fc18020 JavaThread "C1 CompilerThread0" daemon [_thread_blocked, id=31560, stack(0x0000007829300000,0x0000007829400000)]
  0x0000024f7f19e810 JavaThread "Sweeper thread" daemon [_thread_blocked, id=19880, stack(0x0000007829400000,0x0000007829500000)]
  0x0000024f7fdaf610 JavaThread "Common-Cleaner" daemon [_thread_blocked, id=29216, stack(0x0000007829500000,0x0000007829600000)]
  0x0000024f7fdafef0 JavaThread "Notification Thread" daemon [_thread_blocked, id=31668, stack(0x0000007829600000,0x0000007829700000)]
  0x0000024f12467c40 JavaThread "Daemon health stats" [_thread_blocked, id=20500, stack(0x0000007829c00000,0x0000007829d00000)]
  0x0000024f11ff72a0 JavaThread "Incoming local TCP Connector on port 64737" [_thread_in_native, id=664, stack(0x0000007829d00000,0x0000007829e00000)]
  0x0000024f1300c120 JavaThread "Daemon periodic checks" [_thread_blocked, id=28972, stack(0x0000007829e00000,0x0000007829f00000)]
  0x0000024f1265b5b0 JavaThread "Daemon" [_thread_blocked, id=26964, stack(0x0000007829f00000,0x000000782a000000)]
  0x0000024f13b2b010 JavaThread "Handler for socket connection from /127.0.0.1:64737 to /127.0.0.1:64738" [_thread_in_native, id=428, stack(0x000000782a000000,0x000000782a100000)]
  0x0000024f123c8b70 JavaThread "Cancel handler" [_thread_blocked, id=28728, stack(0x000000782a100000,0x000000782a200000)]
  0x0000024f12641fe0 JavaThread "Daemon worker" [_thread_blocked, id=19188, stack(0x000000782a200000,0x000000782a300000)]
  0x0000024f134b5520 JavaThread "Asynchronous log dispatcher for DefaultDaemonConnection: socket connection from /127.0.0.1:64737 to /127.0.0.1:64738" [_thread_blocked, id=29248, stack(0x000000782a300000,0x000000782a400000)]
  0x0000024f134b8540 JavaThread "Stdin handler" [_thread_blocked, id=22152, stack(0x000000782a400000,0x000000782a500000)]
  0x0000024f134b6860 JavaThread "Daemon client event forwarder" [_thread_blocked, id=29764, stack(0x000000782a500000,0x000000782a600000)]
  0x0000024f134b6d30 JavaThread "Cache worker for journal cache (C:\Users\Maksim Safonov\.gradle\caches\journal-1)" [_thread_blocked, id=29832, stack(0x000000782aa00000,0x000000782ab00000)]
  0x0000024f134b76d0 JavaThread "File lock request listener" [_thread_in_native, id=30584, stack(0x000000782ab00000,0x000000782ac00000)]
  0x0000024f134b6390 JavaThread "Cache worker for file hash cache (C:\Users\Maksim Safonov\.gradle\caches\8.0\fileHashes)" [_thread_blocked, id=30836, stack(0x000000782ac00000,0x000000782ad00000)]
  0x0000024f134b8a10 JavaThread "File watcher server" daemon [_thread_in_native, id=28724, stack(0x000000782ad00000,0x000000782ae00000)]
  0x0000024f134b59f0 JavaThread "File watcher consumer" daemon [_thread_blocked, id=30436, stack(0x000000782ae00000,0x000000782af00000)]
  0x0000024f134b7ba0 JavaThread "jar transforms" [_thread_blocked, id=2448, stack(0x000000782af00000,0x000000782b000000)]
  0x0000024f134b5ec0 JavaThread "jar transforms Thread 2" [_thread_blocked, id=31024, stack(0x000000782b000000,0x000000782b100000)]
  0x0000024f134b7200 JavaThread "jar transforms Thread 3" [_thread_blocked, id=29584, stack(0x000000782b100000,0x000000782b200000)]
  0x0000024f134b5050 JavaThread "jar transforms Thread 4" [_thread_blocked, id=28708, stack(0x000000782b200000,0x000000782b300000)]
  0x0000024f134b8070 JavaThread "jar transforms Thread 5" [_thread_blocked, id=29944, stack(0x000000782b300000,0x000000782b400000)]
  0x0000024f11a06f60 JavaThread "jar transforms Thread 6" [_thread_blocked, id=17340, stack(0x000000782b400000,0x000000782b500000)]
  0x0000024f11a095e0 JavaThread "jar transforms Thread 7" [_thread_blocked, id=23996, stack(0x000000782b500000,0x000000782b600000)]
  0x0000024f11a0bc60 JavaThread "jar transforms Thread 8" [_thread_blocked, id=12700, stack(0x000000782b600000,0x000000782b700000)]
  0x0000024f11a0b790 JavaThread "Cache worker for checksums cache (C:\Users\Maksim Safonov\AndroidStudioProjects\Schulde\.gradle\8.0\checksums)" [_thread_blocked, id=20816, stack(0x000000782b700000,0x000000782b800000)]
  0x0000024f11a07430 JavaThread "Cache worker for cache directory md-rule (C:\Users\Maksim Safonov\.gradle\caches\8.0\md-rule)" [_thread_blocked, id=2092, stack(0x000000782b800000,0x000000782b900000)]
  0x0000024f11a0c130 JavaThread "Cache worker for file content cache (C:\Users\Maksim Safonov\.gradle\caches\8.0\fileContent)" [_thread_blocked, id=16144, stack(0x000000782b900000,0x000000782ba00000)]
  0x0000024f11a05c20 JavaThread "Cache worker for file hash cache (C:\Users\Maksim Safonov\AndroidStudioProjects\Schulde\.gradle\8.0\fileHashes)" [_thread_blocked, id=20672, stack(0x000000782ba00000,0x000000782bb00000)]
  0x0000024f11a065c0 JavaThread "Cache worker for cache directory md-supplier (C:\Users\Maksim Safonov\.gradle\caches\8.0\md-supplier)" [_thread_blocked, id=28984, stack(0x000000782bb00000,0x000000782bc00000)]
  0x0000024f11a07dd0 JavaThread "Cache worker for execution history cache (C:\Users\Maksim Safonov\.gradle\caches\8.0\executionHistory)" [_thread_blocked, id=31260, stack(0x000000782bc00000,0x000000782bd00000)]
  0x0000024f11a060f0 JavaThread "Cache worker for kotlin-dsl (C:\Users\Maksim Safonov\.gradle\caches\8.0\kotlin-dsl)" [_thread_blocked, id=15124, stack(0x0000007828300000,0x0000007828400000)]
  0x0000024f11a08770 JavaThread "Cache worker for dependencies-accessors (C:\Users\Maksim Safonov\AndroidStudioProjects\Schulde\.gradle\8.0\dependencies-accessors)" [_thread_blocked, id=29044, stack(0x000000782bd00000,0x000000782be00000)]
  0x0000024f11a09110 JavaThread "Cache worker for Build Output Cleanup Cache (C:\Users\Maksim Safonov\AndroidStudioProjects\Schulde\.gradle\buildOutputCleanup)" [_thread_blocked, id=10312, stack(0x000000782be00000,0x000000782bf00000)]
  0x0000024f11a07900 JavaThread "Unconstrained build operations" [_thread_blocked, id=28184, stack(0x000000782bf00000,0x000000782c000000)]
  0x0000024f11a082a0 JavaThread "Unconstrained build operations Thread 2" [_thread_blocked, id=9440, stack(0x000000782c000000,0x000000782c100000)]
  0x0000024f11a08c40 JavaThread "Unconstrained build operations Thread 3" [_thread_blocked, id=2172, stack(0x000000782c100000,0x000000782c200000)]
  0x0000024f11a0a920 JavaThread "Unconstrained build operations Thread 4" [_thread_blocked, id=23492, stack(0x000000782c200000,0x000000782c300000)]
  0x0000024f11a0b2c0 JavaThread "Unconstrained build operations Thread 5" [_thread_blocked, id=22700, stack(0x000000782c300000,0x000000782c400000)]
  0x0000024f11a0c600 JavaThread "Unconstrained build operations Thread 6" [_thread_blocked, id=10196, stack(0x000000782c400000,0x000000782c500000)]
  0x0000024f11a05280 JavaThread "Unconstrained build operations Thread 7" [_thread_blocked, id=21120, stack(0x000000782c500000,0x000000782c600000)]
  0x0000024f11a05750 JavaThread "Unconstrained build operations Thread 8" [_thread_blocked, id=5428, stack(0x000000782c600000,0x000000782c700000)]
  0x0000024f1595f480 JavaThread "Unconstrained build operations Thread 9" [_thread_blocked, id=29884, stack(0x000000782c700000,0x000000782c800000)]
  0x0000024f1595fe20 JavaThread "Unconstrained build operations Thread 10" [_thread_blocked, id=28952, stack(0x000000782c800000,0x000000782c900000)]
  0x0000024f15961b00 JavaThread "Unconstrained build operations Thread 11" [_thread_blocked, id=17040, stack(0x000000782c900000,0x000000782ca00000)]
  0x0000024f15962e40 JavaThread "Unconstrained build operations Thread 12" [_thread_blocked, id=22156, stack(0x000000782ca00000,0x000000782cb00000)]
  0x0000024f15965990 JavaThread "Unconstrained build operations Thread 13" [_thread_blocked, id=5820, stack(0x000000782cb00000,0x000000782cc00000)]
  0x0000024f15961fd0 JavaThread "Unconstrained build operations Thread 14" [_thread_blocked, id=22216, stack(0x000000782cc00000,0x000000782cd00000)]
  0x0000024f159624a0 JavaThread "Unconstrained build operations Thread 15" [_thread_blocked, id=4028, stack(0x000000782cd00000,0x000000782ce00000)]
  0x0000024f1595efb0 JavaThread "Unconstrained build operations Thread 16" [_thread_blocked, id=17448, stack(0x000000782ce00000,0x000000782cf00000)]
  0x0000024f15964ff0 JavaThread "Unconstrained build operations Thread 17" [_thread_blocked, id=15868, stack(0x000000782cf00000,0x000000782d000000)]
  0x0000024f15962970 JavaThread "Unconstrained build operations Thread 18" [_thread_blocked, id=29704, stack(0x000000782d000000,0x000000782d100000)]
  0x0000024f15961630 JavaThread "Unconstrained build operations Thread 19" [_thread_blocked, id=7792, stack(0x000000782d100000,0x000000782d200000)]
  0x0000024f15963310 JavaThread "Unconstrained build operations Thread 20" [_thread_blocked, id=176, stack(0x000000782d200000,0x000000782d300000)]
  0x0000024f159637e0 JavaThread "Unconstrained build operations Thread 21" [_thread_blocked, id=16864, stack(0x000000782d300000,0x000000782d400000)]
  0x0000024f159607c0 JavaThread "Unconstrained build operations Thread 22" [_thread_blocked, id=26672, stack(0x000000782d400000,0x000000782d500000)]
  0x0000024f15963cb0 JavaThread "Unconstrained build operations Thread 23" [_thread_blocked, id=21792, stack(0x000000782d500000,0x000000782d600000)]
  0x0000024f15964180 JavaThread "Unconstrained build operations Thread 24" [_thread_blocked, id=22260, stack(0x000000782d600000,0x000000782d700000)]
  0x0000024f15964650 JavaThread "Unconstrained build operations Thread 25" [_thread_blocked, id=20868, stack(0x000000782d700000,0x000000782d800000)]
  0x0000024f159654c0 JavaThread "Unconstrained build operations Thread 26" [_thread_blocked, id=29916, stack(0x000000782d800000,0x000000782d900000)]
  0x0000024f15965e60 JavaThread "Unconstrained build operations Thread 27" [_thread_blocked, id=30504, stack(0x000000782d900000,0x000000782da00000)]
  0x0000024f15966330 JavaThread "Unconstrained build operations Thread 28" [_thread_blocked, id=29840, stack(0x000000782da00000,0x000000782db00000)]
  0x0000024f1595eae0 JavaThread "Unconstrained build operations Thread 29" [_thread_blocked, id=29700, stack(0x000000782db00000,0x000000782dc00000)]
  0x0000024f15964b20 JavaThread "Unconstrained build operations Thread 30" [_thread_blocked, id=31736, stack(0x000000782dc00000,0x000000782dd00000)]
  0x0000024f1595f950 JavaThread "Unconstrained build operations Thread 31" [_thread_blocked, id=17216, stack(0x000000782dd00000,0x000000782de00000)]
  0x0000024f15960c90 JavaThread "Unconstrained build operations Thread 32" [_thread_blocked, id=31624, stack(0x000000782de00000,0x000000782df00000)]
  0x0000024f159602f0 JavaThread "Unconstrained build operations Thread 33" [_thread_blocked, id=30804, stack(0x000000782df00000,0x000000782e000000)]
  0x0000024f15961160 JavaThread "Unconstrained build operations Thread 34" [_thread_blocked, id=12024, stack(0x000000782e000000,0x000000782e100000)]
  0x0000024f15777d70 JavaThread "Unconstrained build operations Thread 35" [_thread_blocked, id=29456, stack(0x000000782e100000,0x000000782e200000)]
  0x0000024f15778240 JavaThread "Unconstrained build operations Thread 36" [_thread_blocked, id=1676, stack(0x000000782e200000,0x000000782e300000)]
  0x0000024f15779a50 JavaThread "Unconstrained build operations Thread 37" [_thread_blocked, id=29500, stack(0x000000782e300000,0x000000782e400000)]
  0x0000024f157790b0 JavaThread "Unconstrained build operations Thread 38" [_thread_blocked, id=9408, stack(0x000000782e400000,0x000000782e500000)]
  0x0000024f15778710 JavaThread "Unconstrained build operations Thread 39" [_thread_blocked, id=28840, stack(0x000000782e500000,0x000000782e600000)]
  0x0000024f15776f00 JavaThread "Unconstrained build operations Thread 40" [_thread_blocked, id=29828, stack(0x000000782e600000,0x000000782e700000)]
  0x0000024f15778be0 JavaThread "Unconstrained build operations Thread 41" [_thread_blocked, id=10216, stack(0x000000782e700000,0x000000782e800000)]
  0x0000024f15779580 JavaThread "Unconstrained build operations Thread 42" [_thread_blocked, id=15212, stack(0x000000782e800000,0x000000782e900000)]
  0x0000024f15776a30 JavaThread "Unconstrained build operations Thread 43" [_thread_blocked, id=29228, stack(0x000000782e900000,0x000000782ea00000)]
  0x0000024f157778a0 JavaThread "Unconstrained build operations Thread 44" [_thread_blocked, id=9988, stack(0x000000782ea00000,0x000000782eb00000)]
  0x0000024f157773d0 JavaThread "Unconstrained build operations Thread 45" [_thread_blocked, id=19552, stack(0x000000782eb00000,0x000000782ec00000)]
  0x0000024f15779f20 JavaThread "Unconstrained build operations Thread 46" [_thread_blocked, id=22648, stack(0x000000782ec00000,0x000000782ed00000)]
  0x0000024f15776560 JavaThread "Unconstrained build operations Thread 47" [_thread_blocked, id=6736, stack(0x000000782ed00000,0x000000782ee00000)]
  0x0000024f15f76760 JavaThread "Unconstrained build operations Thread 48" [_thread_blocked, id=16788, stack(0x000000782ee00000,0x000000782ef00000)]
  0x0000024f15f75dc0 JavaThread "Unconstrained build operations Thread 49" [_thread_blocked, id=29952, stack(0x000000782ef00000,0x000000782f000000)]
  0x0000024f15f7a120 JavaThread "Unconstrained build operations Thread 50" [_thread_blocked, id=24024, stack(0x000000782f000000,0x000000782f100000)]
  0x0000024f15f76c30 JavaThread "Unconstrained build operations Thread 51" [_thread_blocked, id=20076, stack(0x000000782f100000,0x000000782f200000)]
  0x0000024f15f77100 JavaThread "Unconstrained build operations Thread 52" [_thread_blocked, id=28764, stack(0x000000782f200000,0x000000782f300000)]
  0x0000024f15f74f50 JavaThread "Unconstrained build operations Thread 53" [_thread_blocked, id=7748, stack(0x000000782f300000,0x000000782f400000)]
  0x0000024f15f792b0 JavaThread "Unconstrained build operations Thread 54" [_thread_blocked, id=30556, stack(0x000000782f400000,0x000000782f500000)]
  0x0000024f15f7b930 JavaThread "Unconstrained build operations Thread 55" [_thread_blocked, id=31204, stack(0x000000782f500000,0x000000782f600000)]
  0x0000024f15f7a5f0 JavaThread "Unconstrained build operations Thread 56" [_thread_blocked, id=29272, stack(0x000000782f600000,0x000000782f700000)]
  0x0000024f15f775d0 JavaThread "Unconstrained build operations Thread 57" [_thread_blocked, id=24464, stack(0x000000782f700000,0x000000782f800000)]
  0x0000024f15f77aa0 JavaThread "Unconstrained build operations Thread 58" [_thread_blocked, id=16312, stack(0x000000782f800000,0x000000782f900000)]
  0x0000024f15f7be00 JavaThread "Unconstrained build operations Thread 59" [_thread_blocked, id=12852, stack(0x000000782f900000,0x000000782fa00000)]
  0x0000024f15f7c2d0 JavaThread "Unconstrained build operations Thread 60" [_thread_blocked, id=11712, stack(0x000000782fa00000,0x000000782fb00000)]
  0x0000024f15f77f70 JavaThread "Unconstrained build operations Thread 61" [_thread_blocked, id=15672, stack(0x000000782fb00000,0x000000782fc00000)]
  0x0000024f15f7aac0 JavaThread "Unconstrained build operations Thread 62" [_thread_blocked, id=10528, stack(0x000000782fc00000,0x000000782fd00000)]
  0x0000024f15f7af90 JavaThread "Unconstrained build operations Thread 63" [_thread_blocked, id=29252, stack(0x000000782fd00000,0x000000782fe00000)]
  0x0000024f15f79780 JavaThread "Unconstrained build operations Thread 64" [_thread_blocked, id=11028, stack(0x000000782fe00000,0x000000782ff00000)]
  0x0000024f15f7b460 JavaThread "Unconstrained build operations Thread 65" [_thread_blocked, id=4200, stack(0x000000782ff00000,0x0000007830000000)]
  0x0000024f15f79c50 JavaThread "Unconstrained build operations Thread 66" [_thread_blocked, id=29408, stack(0x0000007830000000,0x0000007830100000)]
  0x0000024f15f758f0 JavaThread "Unconstrained build operations Thread 67" [_thread_blocked, id=27024, stack(0x0000007830100000,0x0000007830200000)]
  0x0000024f15f74a80 JavaThread "Unconstrained build operations Thread 68" [_thread_blocked, id=28916, stack(0x0000007830200000,0x0000007830300000)]
  0x0000024f15f75420 JavaThread "Unconstrained build operations Thread 69" [_thread_blocked, id=16596, stack(0x0000007830300000,0x0000007830400000)]
  0x0000024f15f78910 JavaThread "Unconstrained build operations Thread 70" [_thread_blocked, id=17452, stack(0x0000007830400000,0x0000007830500000)]
  0x0000024f15f78de0 JavaThread "Unconstrained build operations Thread 71" [_thread_blocked, id=5084, stack(0x0000007830500000,0x0000007830600000)]
  0x0000024f15f76290 JavaThread "Unconstrained build operations Thread 72" [_thread_blocked, id=18372, stack(0x0000007830600000,0x0000007830700000)]
  0x0000024f15f78440 JavaThread "Unconstrained build operations Thread 73" [_thread_blocked, id=30016, stack(0x0000007830700000,0x0000007830800000)]
  0x0000024f152bc540 JavaThread "Unconstrained build operations Thread 74" [_thread_blocked, id=16884, stack(0x0000007830800000,0x0000007830900000)]
  0x0000024f152bf560 JavaThread "Unconstrained build operations Thread 75" [_thread_blocked, id=17352, stack(0x0000007830900000,0x0000007830a00000)]
  0x0000024f152bdd50 JavaThread "Unconstrained build operations Thread 76" [_thread_blocked, id=30984, stack(0x0000007830a00000,0x0000007830b00000)]
  0x0000024f152bd3b0 JavaThread "Unconstrained build operations Thread 77" [_thread_blocked, id=10516, stack(0x0000007830b00000,0x0000007830c00000)]
  0x0000024f152bebc0 JavaThread "Unconstrained build operations Thread 78" [_thread_blocked, id=30848, stack(0x0000007830c00000,0x0000007830d00000)]
  0x0000024f152be220 JavaThread "Unconstrained build operations Thread 79" [_thread_blocked, id=31076, stack(0x0000007830d00000,0x0000007830e00000)]
  0x0000024f152be6f0 JavaThread "Unconstrained build operations Thread 80" [_thread_blocked, id=26156, stack(0x0000007830e00000,0x0000007830f00000)]
  0x0000024f152bd880 JavaThread "Memory manager" [_thread_blocked, id=16580, stack(0x0000007831100000,0x0000007831200000)]

Other Threads:
=>0x0000024f7f15ab10 VMThread "VM Thread" [stack: 0x0000007828b00000,0x0000007828c00000] [id=13676]
  0x0000024f7f0fb220 WatcherThread [stack: 0x0000007829700000,0x0000007829800000] [id=31212]
  0x0000024f7637b9d0 GCTaskThread "GC Thread#0" [stack: 0x0000007828600000,0x0000007828700000] [id=23012]
  0x0000024f7ff72780 GCTaskThread "GC Thread#1" [stack: 0x0000007829800000,0x0000007829900000] [id=24468]
  0x0000024f7ff72a30 GCTaskThread "GC Thread#2" [stack: 0x0000007829900000,0x0000007829a00000] [id=10952]
  0x0000024f117f1180 GCTaskThread "GC Thread#3" [stack: 0x0000007829a00000,0x0000007829b00000] [id=14648]
  0x0000024f11bce690 GCTaskThread "GC Thread#4" [stack: 0x0000007829b00000,0x0000007829c00000] [id=2228]
  0x0000024f126cc020 GCTaskThread "GC Thread#5" [stack: 0x000000782a600000,0x000000782a700000] [id=3928]
  0x0000024f135c18c0 GCTaskThread "GC Thread#6" [stack: 0x000000782a700000,0x000000782a800000] [id=23804]
  0x0000024f135c1b70 GCTaskThread "GC Thread#7" [stack: 0x000000782a800000,0x000000782a900000] [id=9060]
  0x0000024f7638c820 ConcurrentGCThread "G1 Main Marker" [stack: 0x0000007828700000,0x0000007828800000] [id=26636]
  0x0000024f7638d8e0 ConcurrentGCThread "G1 Conc#0" [stack: 0x0000007828800000,0x0000007828900000] [id=19668]
  0x0000024f139d9020 ConcurrentGCThread "G1 Conc#1" [stack: 0x000000782a900000,0x000000782aa00000] [id=29732]
  0x0000024f763ee8e0 ConcurrentGCThread "G1 Refine#0" [stack: 0x0000007828900000,0x0000007828a00000] [id=1284]
  0x0000024f7efc5330 ConcurrentGCThread "G1 Service" [stack: 0x0000007828a00000,0x0000007828b00000] [id=4744]

Threads with active compile tasks:
C2 CompilerThread0    46580 7151   !   4       java.util.jar.Attributes::read (494 bytes)

VM state: at safepoint (normal execution)

VM Mutex/Monitor currently owned by a thread:  ([mutex/lock_event])
[0x0000024f763153f0] Threads_lock - owner thread: 0x0000024f7f15ab10
[0x0000024f76315a20] Heap_lock - owner thread: 0x0000024f7638c820

Heap address: 0x0000000080000000, size: 2048 MB, Compressed Oops mode: 32-bit

CDS archive(s) not mapped
Compressed class space mapped at: 0x0000000100000000-0x0000000140000000, reserved size: 1073741824
Narrow klass base: 0x0000000000000000, Narrow klass shift: 3, Narrow klass range: 0x140000000

GC Precious Log:
 CPUs: 8 total, 8 available
 Memory: 8025M
 Large Page Support: Disabled
 NUMA Support: Disabled
 Compressed Oops: Enabled (32-bit)
 Heap Region Size: 1M
 Heap Min Capacity: 8M
 Heap Initial Capacity: 126M
 Heap Max Capacity: 2G
 Pre-touch: Disabled
 Parallel Workers: 8
 Concurrent Workers: 2
 Concurrent Refinement Workers: 8
 Periodic GC: Disabled

Heap:
 garbage-first heap   total 140288K, used 110774K [0x0000000080000000, 0x0000000100000000)
  region size 1024K, 15 young (15360K), 3 survivors (3072K)
 Metaspace       used 66897K, committed 67648K, reserved 1114112K
  class space    used 8928K, committed 9280K, reserved 1048576K

Heap Regions: E=young(eden), S=young(survivor), O=old, HS=humongous(starts), HC=humongous(continues), CS=collection set, F=free, OA=open archive, CA=closed archive, TAMS=top-at-mark-start (previous, next)
|   0|0x0000000080000000, 0x0000000080100000, 0x0000000080100000|100%|HS|  |TAMS 0x0000000080100000, 0x0000000080000000| Complete 
|   1|0x0000000080100000, 0x0000000080200000, 0x0000000080200000|100%|HC|  |TAMS 0x0000000080200000, 0x0000000080100000| Complete 
|   2|0x0000000080200000, 0x0000000080300000, 0x0000000080300000|100%|HC|  |TAMS 0x0000000080300000, 0x0000000080200000| Complete 
|   3|0x0000000080300000, 0x0000000080400000, 0x0000000080400000|100%|HC|  |TAMS 0x0000000080400000, 0x0000000080300000| Complete 
|   4|0x0000000080400000, 0x0000000080500000, 0x0000000080500000|100%| O|  |TAMS 0x0000000080500000, 0x0000000080400000| Untracked 
|   5|0x0000000080500000, 0x0000000080600000, 0x0000000080600000|100%| O|  |TAMS 0x0000000080600000, 0x0000000080500000| Updating 
|   6|0x0000000080600000, 0x0000000080700000, 0x0000000080700000|100%| O|  |TAMS 0x0000000080700000, 0x0000000080600000| Untracked 
|   7|0x0000000080700000, 0x0000000080800000, 0x0000000080800000|100%| O|  |TAMS 0x0000000080800000, 0x0000000080700000| Untracked 
|   8|0x0000000080800000, 0x0000000080900000, 0x0000000080900000|100%| O|  |TAMS 0x0000000080900000, 0x0000000080800000| Untracked 
|   9|0x0000000080900000, 0x0000000080a00000, 0x0000000080a00000|100%| O|  |TAMS 0x0000000080a00000, 0x0000000080900000| Untracked 
|  10|0x0000000080a00000, 0x0000000080b00000, 0x0000000080b00000|100%| O|  |TAMS 0x0000000080b00000, 0x0000000080a00000| Untracked 
|  11|0x0000000080b00000, 0x0000000080c00000, 0x0000000080c00000|100%| O|  |TAMS 0x0000000080c00000, 0x0000000080b00000| Untracked 
|  12|0x0000000080c00000, 0x0000000080d00000, 0x0000000080d00000|100%| O|  |TAMS 0x0000000080d00000, 0x0000000080c00000| Untracked 
|  13|0x0000000080d00000, 0x0000000080e00000, 0x0000000080e00000|100%| O|  |TAMS 0x0000000080e00000, 0x0000000080d00000| Untracked 
|  14|0x0000000080e00000, 0x0000000080f00000, 0x0000000080f00000|100%| O|  |TAMS 0x0000000080f00000, 0x0000000080e00000| Untracked 
|  15|0x0000000080f00000, 0x0000000081000000, 0x0000000081000000|100%| O|  |TAMS 0x0000000081000000, 0x0000000080f00000| Untracked 
|  16|0x0000000081000000, 0x0000000081100000, 0x0000000081100000|100%| O|  |TAMS 0x0000000081100000, 0x0000000081000000| Untracked 
|  17|0x0000000081100000, 0x0000000081200000, 0x0000000081200000|100%| O|  |TAMS 0x0000000081200000, 0x0000000081100000| Untracked 
|  18|0x0000000081200000, 0x0000000081300000, 0x0000000081300000|100%| O|  |TAMS 0x0000000081300000, 0x0000000081200000| Untracked 
|  19|0x0000000081300000, 0x0000000081400000, 0x0000000081400000|100%| O|  |TAMS 0x0000000081400000, 0x0000000081300000| Untracked 
|  20|0x0000000081400000, 0x0000000081500000, 0x0000000081500000|100%| O|  |TAMS 0x0000000081500000, 0x0000000081400000| Updating 
|  21|0x0000000081500000, 0x0000000081600000, 0x0000000081600000|100%|HS|  |TAMS 0x0000000081600000, 0x0000000081500000| Complete 
|  22|0x0000000081600000, 0x0000000081700000, 0x0000000081700000|100%|HC|  |TAMS 0x0000000081700000, 0x0000000081600000| Complete 
|  23|0x0000000081700000, 0x0000000081800000, 0x0000000081800000|100%|HS|  |TAMS 0x0000000081800000, 0x0000000081700000| Complete 
|  24|0x0000000081800000, 0x0000000081900000, 0x0000000081900000|100%|HC|  |TAMS 0x0000000081900000, 0x0000000081800000| Complete 
|  25|0x0000000081900000, 0x0000000081a00000, 0x0000000081a00000|100%|HC|  |TAMS 0x0000000081a00000, 0x0000000081900000| Complete 
|  26|0x0000000081a00000, 0x0000000081b00000, 0x0000000081b00000|100%|HS|  |TAMS 0x0000000081b00000, 0x0000000081a00000| Complete 
|  27|0x0000000081b00000, 0x0000000081c00000, 0x0000000081c00000|100%|HC|  |TAMS 0x0000000081c00000, 0x0000000081b00000| Complete 
|  28|0x0000000081c00000, 0x0000000081d00000, 0x0000000081d00000|100%|HC|  |TAMS 0x0000000081d00000, 0x0000000081c00000| Complete 
|  29|0x0000000081d00000, 0x0000000081e00000, 0x0000000081e00000|100%|HS|  |TAMS 0x0000000081e00000, 0x0000000081d00000| Complete 
|  30|0x0000000081e00000, 0x0000000081f00000, 0x0000000081f00000|100%|HC|  |TAMS 0x0000000081f00000, 0x0000000081e00000| Complete 
|  31|0x0000000081f00000, 0x0000000082000000, 0x0000000082000000|100%|HC|  |TAMS 0x0000000082000000, 0x0000000081f00000| Complete 
|  32|0x0000000082000000, 0x0000000082100000, 0x0000000082100000|100%|HC|  |TAMS 0x0000000082100000, 0x0000000082000000| Complete 
|  33|0x0000000082100000, 0x0000000082200000, 0x0000000082200000|100%|HC|  |TAMS 0x0000000082200000, 0x0000000082100000| Complete 
|  34|0x0000000082200000, 0x0000000082300000, 0x0000000082300000|100%|HC|  |TAMS 0x0000000082300000, 0x0000000082200000| Complete 
|  35|0x0000000082300000, 0x0000000082400000, 0x0000000082400000|100%|HC|  |TAMS 0x0000000082400000, 0x0000000082300000| Complete 
|  36|0x0000000082400000, 0x0000000082500000, 0x0000000082500000|100%|HC|  |TAMS 0x0000000082500000, 0x0000000082400000| Complete 
|  37|0x0000000082500000, 0x0000000082600000, 0x0000000082600000|100%|HC|  |TAMS 0x0000000082600000, 0x0000000082500000| Complete 
|  38|0x0000000082600000, 0x0000000082700000, 0x0000000082700000|100%|HC|  |TAMS 0x0000000082700000, 0x0000000082600000| Complete 
|  39|0x0000000082700000, 0x0000000082800000, 0x0000000082800000|100%|HC|  |TAMS 0x0000000082800000, 0x0000000082700000| Complete 
|  40|0x0000000082800000, 0x0000000082900000, 0x0000000082900000|100%|HC|  |TAMS 0x0000000082900000, 0x0000000082800000| Complete 
|  41|0x0000000082900000, 0x0000000082a00000, 0x0000000082a00000|100%|HS|  |TAMS 0x0000000082a00000, 0x0000000082900000| Complete 
|  42|0x0000000082a00000, 0x0000000082b00000, 0x0000000082b00000|100%|HC|  |TAMS 0x0000000082b00000, 0x0000000082a00000| Complete 
|  43|0x0000000082b00000, 0x0000000082c00000, 0x0000000082c00000|100%| O|  |TAMS 0x0000000082c00000, 0x0000000082b00000| Untracked 
|  44|0x0000000082c00000, 0x0000000082d00000, 0x0000000082d00000|100%| O|  |TAMS 0x0000000082d00000, 0x0000000082c00000| Updating 
|  45|0x0000000082d00000, 0x0000000082e00000, 0x0000000082e00000|100%| O|  |TAMS 0x0000000082e00000, 0x0000000082d00000| Untracked 
|  46|0x0000000082e00000, 0x0000000082f00000, 0x0000000082f00000|100%| O|  |TAMS 0x0000000082f00000, 0x0000000082e00000| Untracked 
|  47|0x0000000082f00000, 0x0000000083000000, 0x0000000083000000|100%| O|  |TAMS 0x0000000083000000, 0x0000000082f00000| Untracked 
|  48|0x0000000083000000, 0x0000000083100000, 0x0000000083100000|100%| O|  |TAMS 0x0000000083100000, 0x0000000083000000| Untracked 
|  49|0x0000000083100000, 0x0000000083200000, 0x0000000083200000|100%| O|  |TAMS 0x0000000083200000, 0x0000000083100000| Updating 
|  50|0x0000000083200000, 0x0000000083300000, 0x0000000083300000|100%| O|  |TAMS 0x0000000083300000, 0x0000000083200000| Untracked 
|  51|0x0000000083300000, 0x0000000083400000, 0x0000000083400000|100%| O|  |TAMS 0x0000000083400000, 0x0000000083300000| Updating 
|  52|0x0000000083400000, 0x0000000083500000, 0x0000000083500000|100%| O|  |TAMS 0x0000000083500000, 0x0000000083400000| Untracked 
|  53|0x0000000083500000, 0x0000000083600000, 0x0000000083600000|100%|HS|  |TAMS 0x0000000083600000, 0x0000000083500000| Complete 
|  54|0x0000000083600000, 0x0000000083700000, 0x0000000083700000|100%|HC|  |TAMS 0x0000000083700000, 0x0000000083600000| Complete 
|  55|0x0000000083700000, 0x0000000083800000, 0x0000000083800000|100%|HC|  |TAMS 0x0000000083800000, 0x0000000083700000| Complete 
|  56|0x0000000083800000, 0x0000000083900000, 0x0000000083900000|100%| O|  |TAMS 0x0000000083900000, 0x0000000083800000| Untracked 
|  57|0x0000000083900000, 0x0000000083a00000, 0x0000000083a00000|100%|HS|  |TAMS 0x0000000083a00000, 0x0000000083900000| Complete 
|  58|0x0000000083a00000, 0x0000000083b00000, 0x0000000083b00000|100%|HC|  |TAMS 0x0000000083b00000, 0x0000000083a00000| Complete 
|  59|0x0000000083b00000, 0x0000000083c00000, 0x0000000083c00000|100%|HC|  |TAMS 0x0000000083c00000, 0x0000000083b00000| Complete 
|  60|0x0000000083c00000, 0x0000000083d00000, 0x0000000083d00000|100%| O|  |TAMS 0x0000000083d00000, 0x0000000083c00000| Untracked 
|  61|0x0000000083d00000, 0x0000000083e00000, 0x0000000083e00000|100%| O|  |TAMS 0x0000000083e00000, 0x0000000083d00000| Untracked 
|  62|0x0000000083e00000, 0x0000000083f00000, 0x0000000083f00000|100%| O|  |TAMS 0x0000000083f00000, 0x0000000083e00000| Updating 
|  63|0x0000000083f00000, 0x0000000084000000, 0x0000000084000000|100%| O|  |TAMS 0x0000000084000000, 0x0000000083f00000| Untracked 
|  64|0x0000000084000000, 0x0000000084100000, 0x0000000084100000|100%| O|  |TAMS 0x0000000084100000, 0x0000000084000000| Untracked 
|  65|0x0000000084100000, 0x0000000084200000, 0x0000000084200000|100%| O|  |TAMS 0x0000000084200000, 0x0000000084100000| Updating 
|  66|0x0000000084200000, 0x0000000084300000, 0x0000000084300000|100%| O|  |TAMS 0x0000000084300000, 0x0000000084200000| Untracked 
|  67|0x0000000084300000, 0x000000008432d800, 0x0000000084400000| 17%| O|  |TAMS 0x0000000084300000, 0x0000000084300000| Updating 
|  68|0x0000000084400000, 0x0000000084500000, 0x0000000084500000|100%| O|  |TAMS 0x0000000084500000, 0x0000000084400000| Untracked 
|  69|0x0000000084500000, 0x0000000084600000, 0x0000000084600000|100%| O|  |TAMS 0x0000000084600000, 0x0000000084500000| Untracked 
|  70|0x0000000084600000, 0x0000000084700000, 0x0000000084700000|100%| O|  |TAMS 0x0000000084700000, 0x0000000084600000| Untracked 
|  71|0x0000000084700000, 0x0000000084800000, 0x0000000084800000|100%| O|  |TAMS 0x0000000084800000, 0x0000000084700000| Updating 
|  72|0x0000000084800000, 0x0000000084900000, 0x0000000084900000|100%|HS|  |TAMS 0x0000000084900000, 0x0000000084800000| Complete 
|  73|0x0000000084900000, 0x0000000084a00000, 0x0000000084a00000|100%|HS|  |TAMS 0x0000000084a00000, 0x0000000084900000| Complete 
|  74|0x0000000084a00000, 0x0000000084b00000, 0x0000000084b00000|100%| O|  |TAMS 0x0000000084b00000, 0x0000000084a00000| Untracked 
|  75|0x0000000084b00000, 0x0000000084c00000, 0x0000000084c00000|100%| O|  |TAMS 0x0000000084c00000, 0x0000000084b00000| Untracked 
|  76|0x0000000084c00000, 0x0000000084d00000, 0x0000000084d00000|100%| O|  |TAMS 0x0000000084d00000, 0x0000000084c00000| Updating 
|  77|0x0000000084d00000, 0x0000000084e00000, 0x0000000084e00000|100%|HS|  |TAMS 0x0000000084e00000, 0x0000000084d00000| Complete 
|  78|0x0000000084e00000, 0x0000000084f00000, 0x0000000084f00000|100%|HC|  |TAMS 0x0000000084f00000, 0x0000000084e00000| Complete 
|  79|0x0000000084f00000, 0x0000000085000000, 0x0000000085000000|100%|HS|  |TAMS 0x0000000085000000, 0x0000000084f00000| Complete 
|  80|0x0000000085000000, 0x0000000085100000, 0x0000000085100000|100%|HS|  |TAMS 0x0000000085100000, 0x0000000085000000| Complete 
|  81|0x0000000085100000, 0x0000000085200000, 0x0000000085200000|100%|HC|  |TAMS 0x0000000085200000, 0x0000000085100000| Complete 
|  82|0x0000000085200000, 0x0000000085300000, 0x0000000085300000|100%|HC|  |TAMS 0x0000000085300000, 0x0000000085200000| Complete 
|  83|0x0000000085300000, 0x0000000085400000, 0x0000000085400000|100%|HC|  |TAMS 0x0000000085400000, 0x0000000085300000| Complete 
|  84|0x0000000085400000, 0x0000000085500000, 0x0000000085500000|100%| O|  |TAMS 0x0000000085500000, 0x0000000085400000| Untracked 
|  85|0x0000000085500000, 0x0000000085600000, 0x0000000085600000|100%| O|  |TAMS 0x0000000085600000, 0x0000000085500000| Untracked 
|  86|0x0000000085600000, 0x0000000085700000, 0x0000000085700000|100%| O|  |TAMS 0x0000000085700000, 0x0000000085600000| Untracked 
|  87|0x0000000085700000, 0x0000000085800000, 0x0000000085800000|100%| O|  |TAMS 0x0000000085800000, 0x0000000085700000| Updating 
|  88|0x0000000085800000, 0x0000000085900000, 0x0000000085900000|100%| O|  |TAMS 0x0000000085900000, 0x0000000085800000| Untracked 
|  89|0x0000000085900000, 0x0000000085a00000, 0x0000000085a00000|100%| O|  |TAMS 0x00000000859f7c00, 0x0000000085900000| Untracked 
|  90|0x0000000085a00000, 0x0000000085b00000, 0x0000000085b00000|100%|HS|  |TAMS 0x0000000085a00000, 0x0000000085a00000| Complete 
|  91|0x0000000085b00000, 0x0000000085c00000, 0x0000000085c00000|100%|HS|  |TAMS 0x0000000085b00000, 0x0000000085b00000| Complete 
|  92|0x0000000085c00000, 0x0000000085d00000, 0x0000000085d00000|100%|HS|  |TAMS 0x0000000085c00000, 0x0000000085c00000| Complete 
|  93|0x0000000085d00000, 0x0000000085e00000, 0x0000000085e00000|100%|HS|  |TAMS 0x0000000085d00000, 0x0000000085d00000| Complete 
|  94|0x0000000085e00000, 0x0000000085f00000, 0x0000000085f00000|100%|HS|  |TAMS 0x0000000085e00000, 0x0000000085e00000| Complete 
|  95|0x0000000085f00000, 0x0000000086000000, 0x0000000086000000|100%|HS|  |TAMS 0x0000000085f00000, 0x0000000085f00000| Complete 
|  96|0x0000000086000000, 0x0000000086000000, 0x0000000086100000|  0%| F|  |TAMS 0x0000000086000000, 0x0000000086000000| Untracked 
|  97|0x0000000086100000, 0x0000000086100000, 0x0000000086200000|  0%| F|  |TAMS 0x0000000086100000, 0x0000000086100000| Untracked 
|  98|0x0000000086200000, 0x0000000086200000, 0x0000000086300000|  0%| F|  |TAMS 0x0000000086200000, 0x0000000086200000| Untracked 
|  99|0x0000000086300000, 0x0000000086300000, 0x0000000086400000|  0%| F|  |TAMS 0x0000000086300000, 0x0000000086300000| Untracked 
| 100|0x0000000086400000, 0x0000000086400000, 0x0000000086500000|  0%| F|  |TAMS 0x0000000086400000, 0x0000000086400000| Untracked 
| 101|0x0000000086500000, 0x0000000086500000, 0x0000000086600000|  0%| F|  |TAMS 0x0000000086500000, 0x0000000086500000| Untracked 
| 102|0x0000000086600000, 0x0000000086600000, 0x0000000086700000|  0%| F|  |TAMS 0x0000000086600000, 0x0000000086600000| Untracked 
| 103|0x0000000086700000, 0x0000000086700000, 0x0000000086800000|  0%| F|  |TAMS 0x0000000086700000, 0x0000000086700000| Untracked 
| 104|0x0000000086800000, 0x0000000086800000, 0x0000000086900000|  0%| F|  |TAMS 0x0000000086800000, 0x0000000086800000| Untracked 
| 105|0x0000000086900000, 0x0000000086900000, 0x0000000086a00000|  0%| F|  |TAMS 0x0000000086900000, 0x0000000086900000| Untracked 
| 106|0x0000000086a00000, 0x0000000086a00000, 0x0000000086b00000|  0%| F|  |TAMS 0x0000000086a00000, 0x0000000086a00000| Untracked 
| 107|0x0000000086b00000, 0x0000000086b00000, 0x0000000086c00000|  0%| F|  |TAMS 0x0000000086b00000, 0x0000000086b00000| Untracked 
| 108|0x0000000086c00000, 0x0000000086c00000, 0x0000000086d00000|  0%| F|  |TAMS 0x0000000086c00000, 0x0000000086c00000| Untracked 
| 109|0x0000000086d00000, 0x0000000086d00000, 0x0000000086e00000|  0%| F|  |TAMS 0x0000000086d00000, 0x0000000086d00000| Untracked 
| 110|0x0000000086e00000, 0x0000000086e00000, 0x0000000086f00000|  0%| F|  |TAMS 0x0000000086e00000, 0x0000000086e00000| Untracked 
| 111|0x0000000086f00000, 0x0000000086f00000, 0x0000000087000000|  0%| F|  |TAMS 0x0000000086f00000, 0x0000000086f00000| Untracked 
| 112|0x0000000087000000, 0x0000000087000000, 0x0000000087100000|  0%| F|  |TAMS 0x0000000087000000, 0x0000000087000000| Untracked 
| 113|0x0000000087100000, 0x0000000087100000, 0x0000000087200000|  0%| F|  |TAMS 0x0000000087100000, 0x0000000087100000| Untracked 
| 114|0x0000000087200000, 0x0000000087200000, 0x0000000087300000|  0%| F|  |TAMS 0x0000000087200000, 0x0000000087200000| Untracked 
| 115|0x0000000087300000, 0x0000000087300000, 0x0000000087400000|  0%| F|  |TAMS 0x0000000087300000, 0x0000000087300000| Untracked 
| 116|0x0000000087400000, 0x0000000087400000, 0x0000000087500000|  0%| F|  |TAMS 0x0000000087400000, 0x0000000087400000| Untracked 
| 117|0x0000000087500000, 0x0000000087500000, 0x0000000087600000|  0%| F|  |TAMS 0x0000000087500000, 0x0000000087500000| Untracked 
| 118|0x0000000087600000, 0x0000000087600000, 0x0000000087700000|  0%| F|  |TAMS 0x0000000087600000, 0x0000000087600000| Untracked 
| 119|0x0000000087700000, 0x0000000087700000, 0x0000000087800000|  0%| F|  |TAMS 0x0000000087700000, 0x0000000087700000| Untracked 
| 120|0x0000000087800000, 0x0000000087900000, 0x0000000087900000|100%| S|CS|TAMS 0x0000000087800000, 0x0000000087800000| Complete 
| 121|0x0000000087900000, 0x0000000087a00000, 0x0000000087a00000|100%| S|CS|TAMS 0x0000000087900000, 0x0000000087900000| Complete 
| 122|0x0000000087a00000, 0x0000000087b00000, 0x0000000087b00000|100%| S|CS|TAMS 0x0000000087a00000, 0x0000000087a00000| Complete 
| 123|0x0000000087b00000, 0x0000000087b00000, 0x0000000087c00000|  0%| F|  |TAMS 0x0000000087b00000, 0x0000000087b00000| Untracked 
| 124|0x0000000087c00000, 0x0000000087c00000, 0x0000000087d00000|  0%| F|  |TAMS 0x0000000087c00000, 0x0000000087c00000| Untracked 
| 125|0x0000000087d00000, 0x0000000087dadfa0, 0x0000000087e00000| 67%| E|  |TAMS 0x0000000087d00000, 0x0000000087d00000| Complete 
| 126|0x0000000087e00000, 0x0000000087f00000, 0x0000000087f00000|100%| E|CS|TAMS 0x0000000087e00000, 0x0000000087e00000| Complete 
| 127|0x0000000087f00000, 0x0000000088000000, 0x0000000088000000|100%| E|CS|TAMS 0x0000000087f00000, 0x0000000087f00000| Complete 
| 128|0x0000000088000000, 0x0000000088100000, 0x0000000088100000|100%| E|CS|TAMS 0x0000000088000000, 0x0000000088000000| Complete 
| 129|0x0000000088100000, 0x0000000088200000, 0x0000000088200000|100%| E|CS|TAMS 0x0000000088100000, 0x0000000088100000| Complete 
| 130|0x0000000088200000, 0x0000000088300000, 0x0000000088300000|100%| E|CS|TAMS 0x0000000088200000, 0x0000000088200000| Complete 
| 131|0x0000000088300000, 0x0000000088400000, 0x0000000088400000|100%| E|CS|TAMS 0x0000000088300000, 0x0000000088300000| Complete 
| 132|0x0000000088400000, 0x0000000088500000, 0x0000000088500000|100%| E|CS|TAMS 0x0000000088400000, 0x0000000088400000| Complete 
| 133|0x0000000088500000, 0x0000000088600000, 0x0000000088600000|100%| E|CS|TAMS 0x0000000088500000, 0x0000000088500000| Complete 
| 134|0x0000000088600000, 0x0000000088700000, 0x0000000088700000|100%| E|  |TAMS 0x0000000088600000, 0x0000000088600000| Complete 
| 135|0x0000000088700000, 0x0000000088800000, 0x0000000088800000|100%| E|CS|TAMS 0x0000000088700000, 0x0000000088700000| Complete 
| 136|0x0000000088800000, 0x0000000088900000, 0x0000000088900000|100%| E|CS|TAMS 0x0000000088800000, 0x0000000088800000| Complete 

Card table byte_map: [0x0000024f79f20000,0x0000024f7a320000] _byte_map_base: 0x0000024f79b20000

Marking Bits (Prev, Next): (CMBitMap*) 0x0000024f7637bef0, (CMBitMap*) 0x0000024f7637bf30
 Prev Bits: [0x0000024f7a720000, 0x0000024f7c720000)
 Next Bits: [0x0000024f7c720000, 0x0000024f7e720000)

Polling page: 0x0000024f742b0000

Metaspace:

Usage:
  Non-class:     56.61 MB used.
      Class:      8.72 MB used.
       Both:     65.33 MB used.

Virtual space:
  Non-class space:       64.00 MB reserved,      57.00 MB ( 89%) committed,  8 nodes.
      Class space:        1.00 GB reserved,       9.06 MB ( <1%) committed,  1 nodes.
             Both:        1.06 GB reserved,      66.06 MB (  6%) committed. 

Chunk freelists:
   Non-Class:  2.99 MB
       Class:  2.93 MB
        Both:  5.93 MB

MaxMetaspaceSize: unlimited
CompressedClassSpaceSize: 1.00 GB
Initial GC threshold: 21.00 MB
Current GC threshold: 93.38 MB
CDS: off
MetaspaceReclaimPolicy: balanced
 - commit_granule_bytes: 65536.
 - commit_granule_words: 8192.
 - virtual_space_node_default_size: 1048576.
 - enlarge_chunks_in_place: 1.
 - new_chunks_are_fully_committed: 0.
 - uncommit_free_chunks: 1.
 - use_allocation_guard: 0.
 - handle_deallocations: 1.


Internal statistics:

num_allocs_failed_limit: 3.
num_arena_births: 794.
num_arena_deaths: 0.
num_vsnodes_births: 9.
num_vsnodes_deaths: 0.
num_space_committed: 1057.
num_space_uncommitted: 0.
num_chunks_returned_to_freelist: 3.
num_chunks_taken_from_freelist: 3068.
num_chunk_merges: 3.
num_chunk_splits: 1997.
num_chunks_enlarged: 1313.
num_purges: 0.
num_inconsistent_stats: 0.

CodeHeap 'non-profiled nmethods': size=120000Kb used=3436Kb max_used=3436Kb free=116563Kb
 bounds [0x0000024f07ad0000, 0x0000024f07e30000, 0x0000024f0f000000]
CodeHeap 'profiled nmethods': size=120000Kb used=12512Kb max_used=12512Kb free=107487Kb
 bounds [0x0000024f00000000, 0x0000024f00c40000, 0x0000024f07530000]
CodeHeap 'non-nmethods': size=5760Kb used=2352Kb max_used=2425Kb free=3407Kb
 bounds [0x0000024f07530000, 0x0000024f077b0000, 0x0000024f07ad0000]
 total_blobs=7252 nmethods=6370 adapters=794
 compilation: enabled
              stopped_count=0, restarted_count=0
 full_count=0

Compilation events (20 events):
Event: 46.434 Thread 0x0000024f7fc18020 7161       3       sun.security.util.ObjectIdentifier::check (80 bytes)
Event: 46.435 Thread 0x0000024f7fc18020 nmethod 7161 0x0000024f00c33f90 code [0x0000024f00c34160, 0x0000024f00c345f8]
Event: 46.435 Thread 0x0000024f7fc18020 7160       3       sun.security.util.ObjectIdentifier::<init> (39 bytes)
Event: 46.435 Thread 0x0000024f7fc18020 nmethod 7160 0x0000024f00c34790 code [0x0000024f00c34940, 0x0000024f00c34bf8]
Event: 46.437 Thread 0x0000024f7fc18020 7162       3       java.math.BigInteger::primitiveLeftShift (37 bytes)
Event: 46.438 Thread 0x0000024f7fc18020 nmethod 7162 0x0000024f00c34d10 code [0x0000024f00c34ee0, 0x0000024f00c352b8]
Event: 46.452 Thread 0x0000024f7fc18020 7167       3       java.math.BigInteger::multiplyToLen (20 bytes)
Event: 46.452 Thread 0x0000024f7fc18020 nmethod 7167 0x0000024f00c35490 code [0x0000024f00c356c0, 0x0000024f00c35e08]
Event: 46.452 Thread 0x0000024f7fc18020 7168       3       java.math.BigInteger::montgomeryMultiply (54 bytes)
Event: 46.453 Thread 0x0000024f7fc18020 nmethod 7168 0x0000024f00c36190 code [0x0000024f00c36380, 0x0000024f00c36798]
Event: 46.453 Thread 0x0000024f7fc18020 7169       3       java.math.BigInteger::implMontgomeryMultiply (22 bytes)
Event: 46.453 Thread 0x0000024f7fc18020 nmethod 7169 0x0000024f00c36990 code [0x0000024f00c36b40, 0x0000024f00c36cb8]
Event: 46.455 Thread 0x0000024f7fc18020 7170       3       sun.security.util.ObjectIdentifier::hashCode (8 bytes)
Event: 46.455 Thread 0x0000024f7fc18020 nmethod 7170 0x0000024f00c36d90 code [0x0000024f00c36f20, 0x0000024f00c37068]
Event: 46.480 Thread 0x0000024f7fc18020 7171       1       sun.security.x509.X509AttributeName::getSuffix (5 bytes)
Event: 46.480 Thread 0x0000024f7fc18020 nmethod 7171 0x0000024f07e2ac90 code [0x0000024f07e2ae20, 0x0000024f07e2aef8]
Event: 46.480 Thread 0x0000024f7fc18020 7172       1       sun.security.x509.X509AttributeName::getPrefix (5 bytes)
Event: 46.480 Thread 0x0000024f7fc18020 nmethod 7172 0x0000024f07e2af90 code [0x0000024f07e2b120, 0x0000024f07e2b1f8]
Event: 46.481 Thread 0x0000024f7fc18020 7173       3       sun.security.util.DerValue::subs (75 bytes)
Event: 46.482 Thread 0x0000024f7fc18020 nmethod 7173 0x0000024f00c37110 code [0x0000024f00c37360, 0x0000024f00c37d58]

GC Heap History (20 events):
Event: 34.479 GC heap before
{Heap before GC invocations=26 (full 0):
 garbage-first heap   total 116736K, used 88799K [0x0000000080000000, 0x0000000100000000)
  region size 1024K, 23 young (23552K), 2 survivors (2048K)
 Metaspace       used 51391K, committed 52032K, reserved 1097728K
  class space    used 6809K, committed 7104K, reserved 1048576K
}
Event: 34.483 GC heap after
{Heap after GC invocations=27 (full 0):
 garbage-first heap   total 116736K, used 69771K [0x0000000080000000, 0x0000000100000000)
  region size 1024K, 2 young (2048K), 2 survivors (2048K)
 Metaspace       used 51391K, committed 52032K, reserved 1097728K
  class space    used 6809K, committed 7104K, reserved 1048576K
}
Event: 35.415 GC heap before
{Heap before GC invocations=28 (full 0):
 garbage-first heap   total 121856K, used 91275K [0x0000000080000000, 0x0000000100000000)
  region size 1024K, 24 young (24576K), 2 survivors (2048K)
 Metaspace       used 53923K, committed 54528K, reserved 1097728K
  class space    used 7251K, committed 7552K, reserved 1048576K
}
Event: 35.419 GC heap after
{Heap after GC invocations=29 (full 0):
 garbage-first heap   total 121856K, used 71305K [0x0000000080000000, 0x0000000100000000)
  region size 1024K, 3 young (3072K), 3 survivors (3072K)
 Metaspace       used 53923K, committed 54528K, reserved 1097728K
  class space    used 7251K, committed 7552K, reserved 1048576K
}
Event: 38.356 GC heap before
{Heap before GC invocations=29 (full 0):
 garbage-first heap   total 121856K, used 96905K [0x0000000080000000, 0x0000000100000000)
  region size 1024K, 29 young (29696K), 3 survivors (3072K)
 Metaspace       used 56276K, committed 56960K, reserved 1105920K
  class space    used 7561K, committed 7872K, reserved 1048576K
}
Event: 38.364 GC heap after
{Heap after GC invocations=30 (full 0):
 garbage-first heap   total 121856K, used 73728K [0x0000000080000000, 0x0000000100000000)
  region size 1024K, 4 young (4096K), 4 survivors (4096K)
 Metaspace       used 56276K, committed 56960K, reserved 1105920K
  class space    used 7561K, committed 7872K, reserved 1048576K
}
Event: 40.767 GC heap before
{Heap before GC invocations=31 (full 0):
 garbage-first heap   total 126976K, used 96256K [0x0000000080000000, 0x0000000100000000)
  region size 1024K, 28 young (28672K), 4 survivors (4096K)
 Metaspace       used 56669K, committed 57344K, reserved 1105920K
  class space    used 7601K, committed 7872K, reserved 1048576K
}
Event: 40.779 GC heap after
{Heap after GC invocations=32 (full 0):
 garbage-first heap   total 126976K, used 76326K [0x0000000080000000, 0x0000000100000000)
  region size 1024K, 4 young (4096K), 4 survivors (4096K)
 Metaspace       used 56669K, committed 57344K, reserved 1105920K
  class space    used 7601K, committed 7872K, reserved 1048576K
}
Event: 40.891 GC heap before
{Heap before GC invocations=33 (full 0):
 garbage-first heap   total 135168K, used 78374K [0x0000000080000000, 0x0000000100000000)
  region size 1024K, 6 young (6144K), 4 survivors (4096K)
 Metaspace       used 56672K, committed 57344K, reserved 1105920K
  class space    used 7602K, committed 7872K, reserved 1048576K
}
Event: 40.897 GC heap after
{Heap after GC invocations=34 (full 0):
 garbage-first heap   total 135168K, used 79649K [0x0000000080000000, 0x0000000100000000)
  region size 1024K, 2 young (2048K), 2 survivors (2048K)
 Metaspace       used 56672K, committed 57344K, reserved 1105920K
  class space    used 7602K, committed 7872K, reserved 1048576K
}
Event: 41.788 GC heap before
{Heap before GC invocations=35 (full 0):
 garbage-first heap   total 140288K, used 105249K [0x0000000080000000, 0x0000000100000000)
  region size 1024K, 20 young (20480K), 2 survivors (2048K)
 Metaspace       used 58183K, committed 58816K, reserved 1105920K
  class space    used 7803K, committed 8064K, reserved 1048576K
}
Event: 41.792 GC heap after
{Heap after GC invocations=36 (full 0):
 garbage-first heap   total 140288K, used 91686K [0x0000000080000000, 0x0000000100000000)
  region size 1024K, 3 young (3072K), 3 survivors (3072K)
 Metaspace       used 58183K, committed 58816K, reserved 1105920K
  class space    used 7803K, committed 8064K, reserved 1048576K
}
Event: 41.954 GC heap before
{Heap before GC invocations=36 (full 0):
 garbage-first heap   total 140288K, used 94758K [0x0000000080000000, 0x0000000100000000)
  region size 1024K, 6 young (6144K), 3 survivors (3072K)
 Metaspace       used 58529K, committed 59136K, reserved 1105920K
  class space    used 7861K, committed 8128K, reserved 1048576K
}
Event: 41.958 GC heap after
{Heap after GC invocations=37 (full 0):
 garbage-first heap   total 140288K, used 91300K [0x0000000080000000, 0x0000000100000000)
  region size 1024K, 1 young (1024K), 1 survivors (1024K)
 Metaspace       used 58529K, committed 59136K, reserved 1105920K
  class space    used 7861K, committed 8128K, reserved 1048576K
}
Event: 43.093 GC heap before
{Heap before GC invocations=37 (full 0):
 garbage-first heap   total 140288K, used 107684K [0x0000000080000000, 0x0000000100000000)
  region size 1024K, 17 young (17408K), 1 survivors (1024K)
 Metaspace       used 60881K, committed 61504K, reserved 1105920K
  class space    used 8150K, committed 8448K, reserved 1048576K
}
Event: 43.096 GC heap after
{Heap after GC invocations=38 (full 0):
 garbage-first heap   total 140288K, used 91910K [0x0000000080000000, 0x0000000100000000)
  region size 1024K, 1 young (1024K), 1 survivors (1024K)
 Metaspace       used 60881K, committed 61504K, reserved 1105920K
  class space    used 8150K, committed 8448K, reserved 1048576K
}
Event: 45.301 GC heap before
{Heap before GC invocations=38 (full 0):
 garbage-first heap   total 140288K, used 109318K [0x0000000080000000, 0x0000000100000000)
  region size 1024K, 19 young (19456K), 1 survivors (1024K)
 Metaspace       used 63487K, committed 64192K, reserved 1105920K
  class space    used 8496K, committed 8768K, reserved 1048576K
}
Event: 45.309 GC heap after
{Heap after GC invocations=39 (full 0):
 garbage-first heap   total 140288K, used 92558K [0x0000000080000000, 0x0000000100000000)
  region size 1024K, 2 young (2048K), 2 survivors (2048K)
 Metaspace       used 63487K, committed 64192K, reserved 1105920K
  class space    used 8496K, committed 8768K, reserved 1048576K
}
Event: 46.353 GC heap before
{Heap before GC invocations=39 (full 0):
 garbage-first heap   total 140288K, used 105870K [0x0000000080000000, 0x0000000100000000)
  region size 1024K, 16 young (16384K), 2 survivors (2048K)
 Metaspace       used 66886K, committed 67648K, reserved 1114112K
  class space    used 8927K, committed 9280K, reserved 1048576K
}
Event: 46.359 GC heap after
{Heap after GC invocations=40 (full 0):
 garbage-first heap   total 140288K, used 94390K [0x0000000080000000, 0x0000000100000000)
  region size 1024K, 3 young (3072K), 3 survivors (3072K)
 Metaspace       used 66886K, committed 67648K, reserved 1114112K
  class space    used 8927K, committed 9280K, reserved 1048576K
}

Dll operation events (2 events):
Event: 0.025 Loaded shared library C:\Users\Maksim Safonov\AppData\Local\Programs\Android Studio\jbr\bin\java.dll
Event: 6.530 Loaded shared library C:\Users\Maksim Safonov\AppData\Local\Programs\Android Studio\jbr\bin\verify.dll

Deoptimization events (20 events):
Event: 46.452 Thread 0x0000024f12641fe0 DEOPT PACKING pc=0x0000024f00c18db8 sp=0x000000782a2f1730
Event: 46.452 Thread 0x0000024f12641fe0 DEOPT UNPACKING pc=0x0000024f07587143 sp=0x000000782a2f0bb0 mode 0
Event: 46.452 Thread 0x0000024f12641fe0 DEOPT PACKING pc=0x0000024f00c185e6 sp=0x000000782a2f1620
Event: 46.452 Thread 0x0000024f12641fe0 DEOPT UNPACKING pc=0x0000024f07587143 sp=0x000000782a2f0aa0 mode 0
Event: 46.467 Thread 0x0000024f12641fe0 DEOPT PACKING pc=0x0000024f0044bf67 sp=0x000000782a2f1c30
Event: 46.467 Thread 0x0000024f12641fe0 DEOPT UNPACKING pc=0x0000024f07587143 sp=0x000000782a2f11c0 mode 0
Event: 46.468 Thread 0x0000024f12641fe0 DEOPT PACKING pc=0x0000024f0044bf67 sp=0x000000782a2f1c30
Event: 46.468 Thread 0x0000024f12641fe0 DEOPT UNPACKING pc=0x0000024f07587143 sp=0x000000782a2f11c0 mode 0
Event: 46.469 Thread 0x0000024f12641fe0 DEOPT PACKING pc=0x0000024f0044bf67 sp=0x000000782a2f1c30
Event: 46.469 Thread 0x0000024f12641fe0 DEOPT UNPACKING pc=0x0000024f07587143 sp=0x000000782a2f11c0 mode 0
Event: 46.470 Thread 0x0000024f12641fe0 DEOPT PACKING pc=0x0000024f0044bf67 sp=0x000000782a2f1c30
Event: 46.470 Thread 0x0000024f12641fe0 DEOPT UNPACKING pc=0x0000024f07587143 sp=0x000000782a2f11c0 mode 0
Event: 46.473 Thread 0x0000024f12641fe0 DEOPT PACKING pc=0x0000024f0044bf67 sp=0x000000782a2f1c30
Event: 46.473 Thread 0x0000024f12641fe0 DEOPT UNPACKING pc=0x0000024f07587143 sp=0x000000782a2f11c0 mode 0
Event: 46.474 Thread 0x0000024f12641fe0 DEOPT PACKING pc=0x0000024f0044bf67 sp=0x000000782a2f1c30
Event: 46.474 Thread 0x0000024f12641fe0 DEOPT UNPACKING pc=0x0000024f07587143 sp=0x000000782a2f11c0 mode 0
Event: 46.476 Thread 0x0000024f12641fe0 DEOPT PACKING pc=0x0000024f0044bf67 sp=0x000000782a2f1c30
Event: 46.476 Thread 0x0000024f12641fe0 DEOPT UNPACKING pc=0x0000024f07587143 sp=0x000000782a2f11c0 mode 0
Event: 46.478 Thread 0x0000024f12641fe0 DEOPT PACKING pc=0x0000024f0044bf67 sp=0x000000782a2f1c30
Event: 46.478 Thread 0x0000024f12641fe0 DEOPT UNPACKING pc=0x0000024f07587143 sp=0x000000782a2f11c0 mode 0

Classes unloaded (0 events):
No events

Classes redefined (0 events):
No events

Internal exceptions (20 events):
Event: 34.579 Thread 0x0000024f12641fe0 Exception <a 'java/lang/ClassNotFoundException'{0x000000008744d810}: org/jetbrains/plugins/gradle/model/DependencyAccessorsModelBeanInfo> (0x000000008744d810) 
thrown [s\src\hotspot\share\classfile\systemDictionary.cpp, line 256]
Event: 34.580 Thread 0x0000024f12641fe0 Exception <a 'java/lang/ClassNotFoundException'{0x0000000087455bc0}: org/jetbrains/plugins/gradle/model/DependencyAccessorsModelCustomizer> (0x0000000087455bc0) 
thrown [s\src\hotspot\share\classfile\systemDictionary.cpp, line 256]
Event: 34.848 Thread 0x0000024f12641fe0 Exception <a 'java/lang/ClassNotFoundException'{0x0000000086d97f90}: org/gradle/api/internal/project/DefaultProject_DecoratedBeanInfo> (0x0000000086d97f90) 
thrown [s\src\hotspot\share\classfile\systemDictionary.cpp, line 256]
Event: 34.849 Thread 0x0000024f12641fe0 Exception <a 'java/lang/ClassNotFoundException'{0x0000000086da4ae8}: org/gradle/api/internal/project/DefaultProjectBeanInfo> (0x0000000086da4ae8) 
thrown [s\src\hotspot\share\classfile\systemDictionary.cpp, line 256]
Event: 34.850 Thread 0x0000024f12641fe0 Exception <a 'java/lang/ClassNotFoundException'{0x0000000086db1648}: org/gradle/api/internal/project/DefaultProjectCustomizer> (0x0000000086db1648) 
thrown [s\src\hotspot\share\classfile\systemDictionary.cpp, line 256]
Event: 34.857 Thread 0x0000024f12641fe0 Exception <a 'java/lang/ClassNotFoundException'{0x0000000086c5ad60}: org/gradle/api/internal/project/DefaultProject_DecoratedCustomizer> (0x0000000086c5ad60) 
thrown [s\src\hotspot\share\classfile\systemDictionary.cpp, line 256]
Event: 36.016 Thread 0x0000024f12641fe0 Exception <a 'java/lang/NoSuchMethodError'{0x0000000086b23808}: 'java.lang.Object java.lang.invoke.DirectMethodHandle$Holder.newInvokeSpecial(java.lang.Object, java.lang.Object, java.lang.Object, java.lang.Object, java.lang.Object, int)'> (0x0000000086b23808) 
thrown [s\src\hotspot\share\interpreter\linkResolver.cpp, line 771]
Event: 36.017 Thread 0x0000024f12641fe0 Exception <a 'java/lang/NoSuchMethodError'{0x0000000086b28e60}: 'java.lang.Object java.lang.invoke.DirectMethodHandle$Holder.invokeSpecial(java.lang.Object, java.lang.Object, java.lang.Object, java.lang.Object, java.lang.Object, java.lang.Object, int)'> (0x0000000086b28e60) 
thrown [s\src\hotspot\share\interpreter\linkResolver.cpp, line 771]
Event: 36.056 Thread 0x0000024f12641fe0 Exception <a 'java/lang/NoSuchMethodError'{0x0000000086bc7018}: 'void java.lang.invoke.DirectMethodHandle$Holder.invokeStatic(java.lang.Object, java.lang.Object, java.lang.Object, int, java.lang.Object)'> (0x0000000086bc7018) 
thrown [s\src\hotspot\share\interpreter\linkResolver.cpp, line 771]
Event: 38.046 Thread 0x0000024f12641fe0 Implicit null exception at 0x0000024f07b9f9ef to 0x0000024f07b9fc4c
Event: 40.760 Thread 0x0000024f12641fe0 Implicit null exception at 0x0000024f07af7a8f to 0x0000024f07af814c
Event: 40.760 Thread 0x0000024f12641fe0 Implicit null exception at 0x0000024f07bad914 to 0x0000024f07badfc4
Event: 41.826 Thread 0x0000024f12641fe0 Exception <a 'java/lang/NoSuchMethodError'{0x000000008889c3d0}: 'java.lang.Object java.lang.invoke.DirectMethodHandle$Holder.newInvokeSpecial(java.lang.Object, java.lang.Object, java.lang.Object, java.lang.Object, int)'> (0x000000008889c3d0) 
thrown [s\src\hotspot\share\interpreter\linkResolver.cpp, line 771]
Event: 41.828 Thread 0x0000024f12641fe0 Exception <a 'java/lang/NoSuchMethodError'{0x00000000888a1a70}: 'java.lang.Object java.lang.invoke.DirectMethodHandle$Holder.invokeSpecial(java.lang.Object, java.lang.Object, java.lang.Object, java.lang.Object, java.lang.Object, int)'> (0x00000000888a1a70) 
thrown [s\src\hotspot\share\interpreter\linkResolver.cpp, line 771]
Event: 41.829 Thread 0x0000024f12641fe0 Exception <a 'java/lang/NoSuchMethodError'{0x00000000888a67f0}: 'java.lang.Object java.lang.invoke.Invokers$Holder.linkToTargetMethod(java.lang.Object, java.lang.Object, java.lang.Object, int, java.lang.Object)'> (0x00000000888a67f0) 
thrown [s\src\hotspot\share\interpreter\linkResolver.cpp, line 771]
Event: 42.543 Thread 0x0000024f12641fe0 Exception <a 'java/lang/NoSuchMethodError'{0x0000000087d8bb00}: 'int java.lang.invoke.DirectMethodHandle$Holder.invokeInterface(java.lang.Object, java.lang.Object, java.lang.Object, java.lang.Object)'> (0x0000000087d8bb00) 
thrown [s\src\hotspot\share\interpreter\linkResolver.cpp, line 771]
Event: 45.449 Thread 0x0000024f12641fe0 Exception <a 'java/lang/IncompatibleClassChangeError'{0x00000000888d2010}: Found class java.lang.Object, but interface was expected> (0x00000000888d2010) 
thrown [s\src\hotspot\share\interpreter\linkResolver.cpp, line 838]
Event: 45.668 Thread 0x0000024f12641fe0 Implicit null exception at 0x0000024f07c3d860 to 0x0000024f07c3da08
Event: 45.668 Thread 0x0000024f12641fe0 Implicit null exception at 0x0000024f07da7280 to 0x0000024f07da8efc
Event: 46.087 Thread 0x0000024f12641fe0 Implicit null exception at 0x0000024f07cca90c to 0x0000024f07ccaa42

VM Operations (20 events):
Event: 41.897 Executing VM operation: HandshakeAllThreads done
Event: 41.954 Executing VM operation: G1CollectForAllocation
Event: 41.958 Executing VM operation: G1CollectForAllocation done
Event: 42.498 Executing VM operation: HandshakeAllThreads
Event: 42.499 Executing VM operation: HandshakeAllThreads done
Event: 42.542 Executing VM operation: HandshakeAllThreads
Event: 42.542 Executing VM operation: HandshakeAllThreads done
Event: 43.093 Executing VM operation: G1CollectForAllocation
Event: 43.096 Executing VM operation: G1CollectForAllocation done
Event: 44.106 Executing VM operation: Cleanup
Event: 44.106 Executing VM operation: Cleanup done
Event: 45.117 Executing VM operation: Cleanup
Event: 45.190 Executing VM operation: Cleanup done
Event: 45.301 Executing VM operation: G1CollectForAllocation
Event: 45.309 Executing VM operation: G1CollectForAllocation done
Event: 45.994 Executing VM operation: HandshakeAllThreads
Event: 45.994 Executing VM operation: HandshakeAllThreads done
Event: 46.353 Executing VM operation: G1TryInitiateConcMark
Event: 46.359 Executing VM operation: G1TryInitiateConcMark done
Event: 46.482 Executing VM operation: G1Concurrent

Events (20 events):
Event: 46.212 loading class java/security/cert/CertPathValidatorException$BasicReason
Event: 46.212 loading class java/security/cert/CertPathValidatorException$Reason
Event: 46.212 loading class java/security/cert/CertPathValidatorException$Reason done
Event: 46.212 loading class java/security/cert/CertPathValidatorException$BasicReason done
Event: 46.212 loading class java/security/SignatureException
Event: 46.213 loading class java/security/SignatureException done
Event: 46.232 loading class sun/security/rsa/RSASignature$SHA256withRSA
Event: 46.233 loading class sun/security/rsa/RSASignature$SHA256withRSA done
Event: 46.240 loading class sun/security/provider/DSA$SHA256withDSA
Event: 46.240 loading class sun/security/provider/DSA$SHA256withDSA done
Event: 46.292 loading class java/util/Base64
Event: 46.292 loading class java/util/Base64 done
Event: 46.292 loading class java/util/Base64$Decoder
Event: 46.293 loading class java/util/Base64$Decoder done
Event: 46.293 loading class java/util/Base64$Encoder
Event: 46.293 loading class java/util/Base64$Encoder done
Event: 46.297 loading class java/util/jar/JarVerifier$VerifierStream
Event: 46.297 loading class java/util/jar/JarVerifier$VerifierStream done
Event: 46.298 loading class sun/security/util/ManifestEntryVerifier$SunProviderHolder
Event: 46.298 loading class sun/security/util/ManifestEntryVerifier$SunProviderHolder done


Dynamic libraries:
0x00007ff61bad0000 - 0x00007ff61bada000 	C:\Users\Maksim Safonov\AppData\Local\Programs\Android Studio\jbr\bin\java.exe
0x00007ffe00670000 - 0x00007ffe00868000 	C:\WINDOWS\SYSTEM32\ntdll.dll
0x00007ffdff950000 - 0x00007ffdffa0d000 	C:\WINDOWS\System32\KERNEL32.DLL
0x00007ffdfdf10000 - 0x00007ffdfe206000 	C:\WINDOWS\System32\KERNELBASE.dll
0x00007ffdfe210000 - 0x00007ffdfe310000 	C:\WINDOWS\System32\ucrtbase.dll
0x00007ffd957c0000 - 0x00007ffd957db000 	C:\Users\Maksim Safonov\AppData\Local\Programs\Android Studio\jbr\bin\VCRUNTIME140.dll
0x00007ffdbabb0000 - 0x00007ffdbabc7000 	C:\Users\Maksim Safonov\AppData\Local\Programs\Android Studio\jbr\bin\jli.dll
0x00007ffdffa10000 - 0x00007ffdffbae000 	C:\WINDOWS\System32\USER32.dll
0x00007ffdfe410000 - 0x00007ffdfe432000 	C:\WINDOWS\System32\win32u.dll
0x00007ffdffc60000 - 0x00007ffdffc8c000 	C:\WINDOWS\System32\GDI32.dll
0x00007ffdfdd50000 - 0x00007ffdfde6a000 	C:\WINDOWS\System32\gdi32full.dll
0x00007ffdfde70000 - 0x00007ffdfdf0d000 	C:\WINDOWS\System32\msvcp_win.dll
0x00007ffde2da0000 - 0x00007ffde303a000 	C:\WINDOWS\WinSxS\amd64_microsoft.windows.common-controls_6595b64144ccf1df_6.0.19041.3636_none_60b6a03d71f818d5\COMCTL32.dll
0x00007ffdffd80000 - 0x00007ffdffe1e000 	C:\WINDOWS\System32\msvcrt.dll
0x00007ffdff280000 - 0x00007ffdff2b0000 	C:\WINDOWS\System32\IMM32.DLL
0x00007ffd95870000 - 0x00007ffd9587c000 	C:\Users\Maksim Safonov\AppData\Local\Programs\Android Studio\jbr\bin\vcruntime140_1.dll
0x00007ffd6c320000 - 0x00007ffd6c3ad000 	C:\Users\Maksim Safonov\AppData\Local\Programs\Android Studio\jbr\bin\msvcp140.dll
0x00007ffd8da80000 - 0x00007ffd8e6ee000 	C:\Users\Maksim Safonov\AppData\Local\Programs\Android Studio\jbr\bin\server\jvm.dll
0x00007ffdff890000 - 0x00007ffdff93f000 	C:\WINDOWS\System32\ADVAPI32.dll
0x00007ffdfe6e0000 - 0x00007ffdfe77c000 	C:\WINDOWS\System32\sechost.dll
0x00007ffdff140000 - 0x00007ffdff266000 	C:\WINDOWS\System32\RPCRT4.dll
0x00007ffdd7970000 - 0x00007ffdd7979000 	C:\WINDOWS\SYSTEM32\WSOCK32.dll
0x00007ffe00420000 - 0x00007ffe0048b000 	C:\WINDOWS\System32\WS2_32.dll
0x00007ffde9f00000 - 0x00007ffde9f27000 	C:\WINDOWS\SYSTEM32\WINMM.dll
0x00007ffdf1fc0000 - 0x00007ffdf1fca000 	C:\WINDOWS\SYSTEM32\VERSION.dll
0x00007ffdfc560000 - 0x00007ffdfc572000 	C:\WINDOWS\SYSTEM32\kernel.appcore.dll
0x00007ffde6190000 - 0x00007ffde619a000 	C:\Users\Maksim Safonov\AppData\Local\Programs\Android Studio\jbr\bin\jimage.dll
0x00007ffdfb960000 - 0x00007ffdfbb44000 	C:\WINDOWS\SYSTEM32\DBGHELP.DLL
0x00007ffddde50000 - 0x00007ffddde84000 	C:\WINDOWS\SYSTEM32\dbgcore.DLL
0x00007ffdfe380000 - 0x00007ffdfe402000 	C:\WINDOWS\System32\bcryptPrimitives.dll
0x00007ffde3b50000 - 0x00007ffde3b75000 	C:\Users\Maksim Safonov\AppData\Local\Programs\Android Studio\jbr\bin\java.dll
0x00007ffde4530000 - 0x00007ffde4548000 	C:\Users\Maksim Safonov\AppData\Local\Programs\Android Studio\jbr\bin\zip.dll
0x00007ffdfe840000 - 0x00007ffdfef85000 	C:\WINDOWS\System32\SHELL32.dll
0x00007ffdfbdb0000 - 0x00007ffdfc54b000 	C:\WINDOWS\SYSTEM32\windows.storage.dll
0x00007ffdff460000 - 0x00007ffdff7b4000 	C:\WINDOWS\System32\combase.dll
0x00007ffdfd790000 - 0x00007ffdfd7bd000 	C:\WINDOWS\SYSTEM32\Wldp.dll
0x00007ffdffbb0000 - 0x00007ffdffc5d000 	C:\WINDOWS\System32\SHCORE.dll
0x00007ffdfe7e0000 - 0x00007ffdfe835000 	C:\WINDOWS\System32\shlwapi.dll
0x00007ffdfdc80000 - 0x00007ffdfdca5000 	C:\WINDOWS\SYSTEM32\profapi.dll
0x00007ffde4110000 - 0x00007ffde4129000 	C:\Users\Maksim Safonov\AppData\Local\Programs\Android Studio\jbr\bin\net.dll
0x00007ffdf4ab0000 - 0x00007ffdf4bba000 	C:\WINDOWS\SYSTEM32\WINHTTP.dll
0x00007ffdfd4b0000 - 0x00007ffdfd51a000 	C:\WINDOWS\system32\mswsock.dll
0x00007ffde4080000 - 0x00007ffde4096000 	C:\Users\Maksim Safonov\AppData\Local\Programs\Android Studio\jbr\bin\nio.dll
0x00007ffde5b40000 - 0x00007ffde5b50000 	C:\Users\Maksim Safonov\AppData\Local\Programs\Android Studio\jbr\bin\verify.dll
0x00007ffdde4c0000 - 0x00007ffdde4e7000 	C:\Users\Maksim Safonov\.gradle\native\68d5fa5c4cc2d200863cafc0d521ce42e7d3e7ee720ec0a83991735586a16f82\windows-amd64\native-platform.dll
0x00007ffcd5c10000 - 0x00007ffcd5d54000 	C:\Users\Maksim Safonov\.gradle\native\e376f236ea51e6404a007f0833ffe2c6e607c4080706a723a18a27aeea778392\windows-amd64\native-platform-file-events.dll
0x00007ffde5890000 - 0x00007ffde5899000 	C:\Users\Maksim Safonov\AppData\Local\Programs\Android Studio\jbr\bin\management.dll
0x00007ffde4f20000 - 0x00007ffde4f2b000 	C:\Users\Maksim Safonov\AppData\Local\Programs\Android Studio\jbr\bin\management_ext.dll
0x00007ffdff940000 - 0x00007ffdff948000 	C:\WINDOWS\System32\PSAPI.DLL
0x00007ffdfd6d0000 - 0x00007ffdfd6e8000 	C:\WINDOWS\SYSTEM32\CRYPTSP.dll
0x00007ffdfcd70000 - 0x00007ffdfcda4000 	C:\WINDOWS\system32\rsaenh.dll
0x00007ffdfe4f0000 - 0x00007ffdfe517000 	C:\WINDOWS\System32\bcrypt.dll
0x00007ffdfdc00000 - 0x00007ffdfdc2e000 	C:\WINDOWS\SYSTEM32\USERENV.dll
0x00007ffdfd6c0000 - 0x00007ffdfd6cc000 	C:\WINDOWS\SYSTEM32\CRYPTBASE.dll
0x00007ffdfd160000 - 0x00007ffdfd19b000 	C:\WINDOWS\SYSTEM32\IPHLPAPI.DLL
0x00007ffdff270000 - 0x00007ffdff278000 	C:\WINDOWS\System32\NSI.dll
0x00007ffdf45b0000 - 0x00007ffdf45c7000 	C:\WINDOWS\SYSTEM32\dhcpcsvc6.DLL
0x00007ffdf4590000 - 0x00007ffdf45ad000 	C:\WINDOWS\SYSTEM32\dhcpcsvc.DLL
0x00007ffdfd1a0000 - 0x00007ffdfd26a000 	C:\WINDOWS\SYSTEM32\DNSAPI.dll
0x00007ffde3880000 - 0x00007ffde3887000 	C:\WINDOWS\system32\wshunix.dll

dbghelp: loaded successfully - version: 4.0.5 - missing functions: none
symbol engine: initialized successfully - sym options: 0x614 - pdb path: .;C:\Users\Maksim Safonov\AppData\Local\Programs\Android Studio\jbr\bin;C:\WINDOWS\SYSTEM32;C:\WINDOWS\WinSxS\amd64_microsoft.windows.common-controls_6595b64144ccf1df_6.0.19041.3636_none_60b6a03d71f818d5;C:\Users\Maksim Safonov\AppData\Local\Programs\Android Studio\jbr\bin\server;C:\Users\Maksim Safonov\.gradle\native\68d5fa5c4cc2d200863cafc0d521ce42e7d3e7ee720ec0a83991735586a16f82\windows-amd64;C:\Users\Maksim Safonov\.gradle\native\e376f236ea51e6404a007f0833ffe2c6e607c4080706a723a18a27aeea778392\windows-amd64

VM Arguments:
jvm_args: --add-opens=java.base/java.util=ALL-UNNAMED --add-opens=java.base/java.lang=ALL-UNNAMED --add-opens=java.base/java.lang.invoke=ALL-UNNAMED --add-opens=java.prefs/java.util.prefs=ALL-UNNAMED --add-opens=java.base/java.nio.charset=ALL-UNNAMED --add-opens=java.base/java.net=ALL-UNNAMED --add-opens=java.base/java.util.concurrent.atomic=ALL-UNNAMED -Xmx2048m -Dfile.encoding=UTF-8 -Duser.country=RU -Duser.language=ru -Duser.variant 
java_command: org.gradle.launcher.daemon.bootstrap.GradleDaemon 8.0
java_class_path (initial): C:\Users\Maksim Safonov\.gradle\wrapper\dists\gradle-8.0-bin\ca5e32bp14vu59qr306oxotwh\gradle-8.0\lib\gradle-launcher-8.0.jar
Launcher Type: SUN_STANDARD

[Global flags]
     intx CICompilerCount                          = 4                                         {product} {ergonomic}
     uint ConcGCThreads                            = 2                                         {product} {ergonomic}
     uint G1ConcRefinementThreads                  = 8                                         {product} {ergonomic}
   size_t G1HeapRegionSize                         = 1048576                                   {product} {ergonomic}
    uintx GCDrainStackTargetSize                   = 64                                        {product} {ergonomic}
   size_t InitialHeapSize                          = 132120576                                 {product} {ergonomic}
   size_t MarkStackSize                            = 4194304                                   {product} {ergonomic}
   size_t MaxHeapSize                              = 2147483648                                {product} {command line}
   size_t MaxNewSize                               = 1287651328                                {product} {ergonomic}
   size_t MinHeapDeltaBytes                        = 1048576                                   {product} {ergonomic}
   size_t MinHeapSize                              = 8388608                                   {product} {ergonomic}
    uintx NonNMethodCodeHeapSize                   = 5839372                                {pd product} {ergonomic}
    uintx NonProfiledCodeHeapSize                  = 122909434                              {pd product} {ergonomic}
    uintx ProfiledCodeHeapSize                     = 122909434                              {pd product} {ergonomic}
    uintx ReservedCodeCacheSize                    = 251658240                              {pd product} {ergonomic}
     bool SegmentedCodeCache                       = true                                      {product} {ergonomic}
   size_t SoftMaxHeapSize                          = 2147483648                             {manageable} {ergonomic}
     bool UseCompressedClassPointers               = true                           {product lp64_product} {ergonomic}
     bool UseCompressedOops                        = true                           {product lp64_product} {ergonomic}
     bool UseG1GC                                  = true                                      {product} {ergonomic}
     bool UseLargePagesIndividualAllocation        = false                                  {pd product} {ergonomic}

Logging:
Log output configuration:
 #0: stdout all=warning uptime,level,tags
 #1: stderr all=off uptime,level,tags

Environment Variables:
PATH=C:\Program Files (x86)\Common Files\Intel\Shared Libraries\redist\intel64\compiler;C:\Program Files\Microsoft\jdk-11.0.12.7-hotspot\bin;C:\Windows\system32;C:\Windows;C:\Windows\System32\Wbem;C:\Windows\System32\WindowsPowerShell\v1.0\;C:\Windows\System32\OpenSSH\;C:\Program Files (x86)\NVIDIA Corporation\PhysX\Common;C:\Program Files\NVIDIA Corporation\NVIDIA NvDLISR;C:\WINDOWS\system32;C:\WINDOWS;C:\WINDOWS\System32\Wbem;C:\WINDOWS\System32\WindowsPowerShell\v1.0\;C:\WINDOWS\System32\OpenSSH\;C:\Program Files\dotnet\;C:\Program Files\Azure Data Studio\bin;C:\Program Files (x86)\Microsoft SQL Server\150\Tools\Binn\;C:\Program Files\Microsoft SQL Server\150\Tools\Binn\;C:\Program Files (x86)\Microsoft SQL Server\150\DTS\Binn\;C:\Program Files\Microsoft SQL Server\150\DTS\Binn\;C:\Program Files\Microsoft SQL Server\Client SDK\ODBC\170\Tools\Binn\;C:\Program Files (x86)\Microsoft SQL Server\160\DTS\Binn\;C:\Program Files\Git\cmd;C:\Users\Maksim Safonov\AppData\Local\Microsoft\WindowsApps;C:\Users\Maksim Safonov\.dotnet\tools;C:\Program Files\Azure Data Studio\bin;C:\Users\Maksim Safonov\AppData\Local\GitHubDesktop\bin;C:\Users\Maksim Safonov\AppData\Local\Programs\Microsoft VS Code\bin;C:\Users\Maksim Safonov\AppData\Local\JetBrains\Toolbox\scripts;C:\Users\Maksim Safonov\.dotnet\tools
USERNAME=Maksim Safonov
OS=Windows_NT
PROCESSOR_IDENTIFIER=Intel64 Family 6 Model 142 Stepping 12, GenuineIntel
TMP=C:\Users\MAKSIM~1\AppData\Local\Temp
TEMP=C:\Users\MAKSIM~1\AppData\Local\Temp


JNI global refs:
JNI global refs: 25, weak refs: 0

JNI global refs memory usage: 843, weak refs: 841


---------------  S Y S T E M  ---------------

OS:
 Windows 10 , 64 bit Build 19041 (10.0.19041.3636)
OS uptime: 6 days 10:42 hours
Hyper-V role detected

CPU: total 8 (initial active 8) (4 cores per cpu, 2 threads per core) family 6 model 142 stepping 12 microcode 0xde, cx8, cmov, fxsr, ht, mmx, 3dnowpref, sse, sse2, sse3, ssse3, sse4.1, sse4.2, popcnt, lzcnt, tsc, tscinvbit, avx, avx2, aes, erms, clmul, bmi1, bmi2, adx, fma, vzeroupper, clflush, clflushopt, hv

Memory: 4k page, system-wide physical 8025M (167M free)
TotalPageFile size 32601M (AvailPageFile size 40M)
current process WorkingSet (physical memory assigned to process): 230M, peak: 241M
current process commit charge ("private bytes"): 354M, peak: 402M

vm_info: OpenJDK 64-Bit Server VM (17.0.6+0-b2043.56-10027231) for windows-amd64 JRE (17.0.6+0-b2043.56-10027231), built on Apr 28 2023 00:43:19 by "androidbuild" with MS VC++ 16.10 / 16.11 (VS2019)

END.
