#
# There is insufficient memory for the Java Runtime Environment to continue.
# Native memory allocation (mmap) failed to map 46137344 bytes for G1 virtual space
# Possible reasons:
#   The system is out of physical RAM or swap space
#   The process is running with CompressedOops enabled, and the Java Heap may be blocking the growth of the native heap
# Possible solutions:
#   Reduce memory load on the system
#   Increase physical memory or swap space
#   Check if swap backing store is full
#   Decrease Java heap size (-Xmx/-Xms)
#   Decrease number of Java threads
#   Decrease Java thread stack sizes (-Xss)
#   Set larger code cache with -XX:ReservedCodeCacheSize=
#   JVM is running with Unscaled Compressed Oops mode in which the Java heap is
#     placed in the first 4GB address space. The Java Heap base address is the
#     maximum limit for the native heap growth. Please use -XX:HeapBaseMinAddress
#     to set the Java Heap base and to place the Java Heap above 4GB virtual address.
# This output file may be truncated or incomplete.
#
#  Out of Memory Error (os_windows.cpp:3769), pid=30876, tid=31116
#
# JRE version: OpenJDK Runtime Environment (17.0.6) (build 17.0.6+0-b2043.56-10027231)
# Java VM: OpenJDK 64-Bit Server VM (17.0.6+0-b2043.56-10027231, mixed mode, tiered, compressed oops, compressed class ptrs, g1 gc, windows-amd64)
# No core dump will be written. Minidumps are not enabled by default on client versions of Windows
#

---------------  S U M M A R Y ------------

Command Line: --add-opens=java.base/java.util=ALL-UNNAMED --add-opens=java.base/java.lang=ALL-UNNAMED --add-opens=java.base/java.lang.invoke=ALL-UNNAMED --add-opens=java.prefs/java.util.prefs=ALL-UNNAMED --add-opens=java.base/java.nio.charset=ALL-UNNAMED --add-opens=java.base/java.net=ALL-UNNAMED --add-opens=java.base/java.util.concurrent.atomic=ALL-UNNAMED -Xmx2048m -Dfile.encoding=UTF-8 -Duser.country=RU -Duser.language=ru -Duser.variant org.gradle.launcher.daemon.bootstrap.GradleDaemon 8.0

Host: Intel(R) Core(TM) i5-10210U CPU @ 1.60GHz, 8 cores, 7G,  Windows 10 , 64 bit Build 19041 (10.0.19041.3636)
Time: Wed Dec 27 00:25:18 2023 RTZ 2 (s 10 , 64 bit Build 19041 (10.0.19041.3636) elapsed time: 58.319251 seconds (0d 0h 0m 58s)

---------------  T H R E A D  ---------------

Current thread (0x000001ea33efe7d0):  VMThread "VM Thread" [stack: 0x0000002338c00000,0x0000002338d00000] [id=31116]

Stack: [0x0000002338c00000,0x0000002338d00000]
Native frames: (J=compiled Java code, j=interpreted, Vv=VM code, C=native code)
V  [jvm.dll+0x683c9a]
V  [jvm.dll+0x8427a4]
V  [jvm.dll+0x843f9e]
V  [jvm.dll+0x844603]
V  [jvm.dll+0x249b75]
V  [jvm.dll+0x680b69]
V  [jvm.dll+0x67505a]
V  [jvm.dll+0x309acb]
V  [jvm.dll+0x310f86]
V  [jvm.dll+0x3608ee]
V  [jvm.dll+0x360b1f]
V  [jvm.dll+0x2dfbf8]
V  [jvm.dll+0x2e2ce6]
V  [jvm.dll+0x2ed478]
V  [jvm.dll+0x322150]
V  [jvm.dll+0x848ccb]
V  [jvm.dll+0x849a04]
V  [jvm.dll+0x849f1d]
V  [jvm.dll+0x84a2f4]
V  [jvm.dll+0x84a3c0]
V  [jvm.dll+0x7f274a]
V  [jvm.dll+0x682ad5]
C  [ucrtbase.dll+0x21bb2]
C  [KERNEL32.DLL+0x17344]
C  [ntdll.dll+0x526b1]

VM_Operation (0x00000023388ff720): G1Concurrent, mode: safepoint, requested by thread 0x000001ea1815bf30


---------------  P R O C E S S  ---------------

Threads class SMR info:
_java_thread_list=0x000001ea3b41f660, length=125, elements={
0x000001ea180eb750, 0x000001ea33f39a60, 0x000001ea33f03180, 0x000001ea34814060,
0x000001ea34816930, 0x000001ea34831000, 0x000001ea348318c0, 0x000001ea34832180,
0x000001ea348337c0, 0x000001ea34836e10, 0x000001ea349c1940, 0x000001ea349dccf0,
0x000001ea35c98760, 0x000001ea37a9eae0, 0x000001ea3599a0d0, 0x000001ea379e6810,
0x000001ea354cba50, 0x000001ea34dbcb80, 0x000001ea34dbf200, 0x000001ea34dbf6d0,
0x000001ea34dbfba0, 0x000001ea34dbe860, 0x000001ea34dbd050, 0x000001ea34dc0070,
0x000001ea34dbed30, 0x000001ea34dc0540, 0x000001ea34dbd520, 0x000001ea34dbd9f0,
0x000001ea34dbdec0, 0x000001ea34dbe390, 0x000001ea376f0180, 0x000001ea376ebe20,
0x000001ea376ee4a0, 0x000001ea376ec7c0, 0x000001ea376ee970, 0x000001ea376eb950,
0x000001ea376ef310, 0x000001ea376ea610, 0x000001ea376f0650, 0x000001ea376ec2f0,
0x000001ea376eb480, 0x000001ea376efcb0, 0x000001ea376ecc90, 0x000001ea376eafb0,
0x000001ea376eaae0, 0x000001ea376e9c70, 0x000001ea376edfd0, 0x000001ea37bbf1a0,
0x000001ea37bbb7e0, 0x000001ea37bbbcb0, 0x000001ea37bc1cf0, 0x000001ea37bbecd0,
0x000001ea37bbf670, 0x000001ea37bbc180, 0x000001ea37bc1820, 0x000001ea37bc2690,
0x000001ea37bc0010, 0x000001ea37bbae40, 0x000001ea37bbc650, 0x000001ea37bbcb20,
0x000001ea37bc21c0, 0x000001ea37bbfb40, 0x000001ea37bbcff0, 0x000001ea37bbd4c0,
0x000001ea37bc0e80, 0x000001ea37bbd990, 0x000001ea37bbde60, 0x000001ea37bbe330,
0x000001ea37bc04e0, 0x000001ea37bbe800, 0x000001ea37bc09b0, 0x000001ea37bc1350,
0x000001ea37bbb310, 0x000001ea379bce30, 0x000001ea379befe0, 0x000001ea379b9940,
0x000001ea379b8ad0, 0x000001ea379bd300, 0x000001ea379b7790, 0x000001ea379b8130,
0x000001ea379b9470, 0x000001ea379b7c60, 0x000001ea379bd7d0, 0x000001ea379b9e10,
0x000001ea379be170, 0x000001ea379bdca0, 0x000001ea379bac80, 0x000001ea379be640,
0x000001ea379ba2e0, 0x000001ea379bc490, 0x000001ea379beb10, 0x000001ea379ba7b0,
0x000001ea379b8600, 0x000001ea379b8fa0, 0x000001ea379bbaf0, 0x000001ea379bb150,
0x000001ea379bb620, 0x000001ea379bbfc0, 0x000001ea379bc960, 0x000001ea37b33320,
0x000001ea37b37b50, 0x000001ea37b38020, 0x000001ea37b36340, 0x000001ea37b34190,
0x000001ea37b384f0, 0x000001ea37b389c0, 0x000001ea37b34660, 0x000001ea37b38e90,
0x000001ea37b37680, 0x000001ea37b32980, 0x000001ea37b34b30, 0x000001ea37b39360,
0x000001ea37b36ce0, 0x000001ea37b39830, 0x000001ea37b39d00, 0x000001ea37b324b0,
0x000001ea37b35000, 0x000001ea37b354d0, 0x000001ea37b32e50, 0x000001ea37b33cc0,
0x000001ea37b359a0, 0x000001ea37b35e70, 0x000001ea37b36810, 0x000001ea37b337f0,
0x000001ea37b371b0
}

Java Threads: ( => current thread )
  0x000001ea180eb750 JavaThread "main" [_thread_blocked, id=31040, stack(0x0000002338600000,0x0000002338700000)]
  0x000001ea33f39a60 JavaThread "Reference Handler" daemon [_thread_blocked, id=17748, stack(0x0000002338d00000,0x0000002338e00000)]
  0x000001ea33f03180 JavaThread "Finalizer" daemon [_thread_blocked, id=13376, stack(0x0000002338e00000,0x0000002338f00000)]
  0x000001ea34814060 JavaThread "Signal Dispatcher" daemon [_thread_blocked, id=28928, stack(0x0000002338f00000,0x0000002339000000)]
  0x000001ea34816930 JavaThread "Attach Listener" daemon [_thread_blocked, id=16048, stack(0x0000002339000000,0x0000002339100000)]
  0x000001ea34831000 JavaThread "Service Thread" daemon [_thread_blocked, id=15164, stack(0x0000002339100000,0x0000002339200000)]
  0x000001ea348318c0 JavaThread "Monitor Deflation Thread" daemon [_thread_blocked, id=16472, stack(0x0000002339200000,0x0000002339300000)]
  0x000001ea34832180 JavaThread "C2 CompilerThread0" daemon [_thread_blocked, id=30848, stack(0x0000002339300000,0x0000002339400000)]
  0x000001ea348337c0 JavaThread "C1 CompilerThread0" daemon [_thread_blocked, id=31564, stack(0x0000002339400000,0x0000002339500000)]
  0x000001ea34836e10 JavaThread "Sweeper thread" daemon [_thread_blocked, id=14044, stack(0x0000002339500000,0x0000002339600000)]
  0x000001ea349c1940 JavaThread "Common-Cleaner" daemon [_thread_blocked, id=10628, stack(0x0000002339600000,0x0000002339700000)]
  0x000001ea349dccf0 JavaThread "Notification Thread" daemon [_thread_blocked, id=1072, stack(0x0000002339700000,0x0000002339800000)]
  0x000001ea35c98760 JavaThread "Daemon health stats" [_thread_blocked, id=11688, stack(0x0000002339d00000,0x0000002339e00000)]
  0x000001ea37a9eae0 JavaThread "Incoming local TCP Connector on port 64680" [_thread_in_native, id=6408, stack(0x0000002339e00000,0x0000002339f00000)]
  0x000001ea3599a0d0 JavaThread "Daemon periodic checks" [_thread_blocked, id=26340, stack(0x0000002339f00000,0x000000233a000000)]
  0x000001ea379e6810 JavaThread "Daemon" [_thread_blocked, id=29904, stack(0x000000233a000000,0x000000233a100000)]
  0x000001ea354cba50 JavaThread "Handler for socket connection from /127.0.0.1:64680 to /127.0.0.1:64681" [_thread_in_native, id=7684, stack(0x000000233a100000,0x000000233a200000)]
  0x000001ea34dbcb80 JavaThread "Cancel handler" [_thread_blocked, id=18868, stack(0x000000233a200000,0x000000233a300000)]
  0x000001ea34dbf200 JavaThread "Daemon worker" [_thread_blocked, id=29780, stack(0x000000233a300000,0x000000233a400000)]
  0x000001ea34dbf6d0 JavaThread "Asynchronous log dispatcher for DefaultDaemonConnection: socket connection from /127.0.0.1:64680 to /127.0.0.1:64681" [_thread_blocked, id=16672, stack(0x000000233a400000,0x000000233a500000)]
  0x000001ea34dbfba0 JavaThread "Stdin handler" [_thread_blocked, id=7504, stack(0x000000233a500000,0x000000233a600000)]
  0x000001ea34dbe860 JavaThread "Daemon client event forwarder" [_thread_blocked, id=31600, stack(0x000000233a600000,0x000000233a700000)]
  0x000001ea34dbd050 JavaThread "Cache worker for journal cache (C:\Users\Maksim Safonov\.gradle\caches\journal-1)" [_thread_blocked, id=29300, stack(0x000000233ab00000,0x000000233ac00000)]
  0x000001ea34dc0070 JavaThread "File lock request listener" [_thread_in_native, id=5464, stack(0x000000233ac00000,0x000000233ad00000)]
  0x000001ea34dbed30 JavaThread "Cache worker for file hash cache (C:\Users\Maksim Safonov\.gradle\caches\8.0\fileHashes)" [_thread_blocked, id=17692, stack(0x000000233ad00000,0x000000233ae00000)]
  0x000001ea34dc0540 JavaThread "File watcher server" daemon [_thread_in_native, id=31008, stack(0x000000233ae00000,0x000000233af00000)]
  0x000001ea34dbd520 JavaThread "File watcher consumer" daemon [_thread_blocked, id=22176, stack(0x000000233af00000,0x000000233b000000)]
  0x000001ea34dbd9f0 JavaThread "jar transforms" [_thread_blocked, id=29224, stack(0x000000233b000000,0x000000233b100000)]
  0x000001ea34dbdec0 JavaThread "jar transforms Thread 2" [_thread_blocked, id=29088, stack(0x000000233b100000,0x000000233b200000)]
  0x000001ea34dbe390 JavaThread "jar transforms Thread 3" [_thread_blocked, id=28420, stack(0x000000233b200000,0x000000233b300000)]
  0x000001ea376f0180 JavaThread "jar transforms Thread 4" [_thread_blocked, id=1512, stack(0x000000233b300000,0x000000233b400000)]
  0x000001ea376ebe20 JavaThread "jar transforms Thread 5" [_thread_blocked, id=15900, stack(0x000000233b400000,0x000000233b500000)]
  0x000001ea376ee4a0 JavaThread "jar transforms Thread 6" [_thread_blocked, id=29752, stack(0x000000233b500000,0x000000233b600000)]
  0x000001ea376ec7c0 JavaThread "jar transforms Thread 7" [_thread_blocked, id=29016, stack(0x000000233b600000,0x000000233b700000)]
  0x000001ea376ee970 JavaThread "jar transforms Thread 8" [_thread_blocked, id=436, stack(0x000000233b700000,0x000000233b800000)]
  0x000001ea376eb950 JavaThread "Cache worker for checksums cache (C:\Users\Maksim Safonov\AndroidStudioProjects\Schulde\.gradle\8.0\checksums)" [_thread_blocked, id=26792, stack(0x000000233b800000,0x000000233b900000)]
  0x000001ea376ef310 JavaThread "Cache worker for cache directory md-rule (C:\Users\Maksim Safonov\.gradle\caches\8.0\md-rule)" [_thread_blocked, id=15276, stack(0x000000233b900000,0x000000233ba00000)]
  0x000001ea376ea610 JavaThread "Cache worker for file content cache (C:\Users\Maksim Safonov\.gradle\caches\8.0\fileContent)" [_thread_blocked, id=4860, stack(0x000000233ba00000,0x000000233bb00000)]
  0x000001ea376f0650 JavaThread "Cache worker for file hash cache (C:\Users\Maksim Safonov\AndroidStudioProjects\Schulde\.gradle\8.0\fileHashes)" [_thread_blocked, id=14992, stack(0x000000233bb00000,0x000000233bc00000)]
  0x000001ea376ec2f0 JavaThread "Cache worker for cache directory md-supplier (C:\Users\Maksim Safonov\.gradle\caches\8.0\md-supplier)" [_thread_blocked, id=22044, stack(0x000000233bc00000,0x000000233bd00000)]
  0x000001ea376eb480 JavaThread "Cache worker for execution history cache (C:\Users\Maksim Safonov\.gradle\caches\8.0\executionHistory)" [_thread_blocked, id=16392, stack(0x000000233bd00000,0x000000233be00000)]
  0x000001ea376efcb0 JavaThread "Cache worker for kotlin-dsl (C:\Users\Maksim Safonov\.gradle\caches\8.0\kotlin-dsl)" [_thread_blocked, id=30080, stack(0x000000233be00000,0x000000233bf00000)]
  0x000001ea376ecc90 JavaThread "Cache worker for dependencies-accessors (C:\Users\Maksim Safonov\AndroidStudioProjects\Schulde\.gradle\8.0\dependencies-accessors)" [_thread_blocked, id=30672, stack(0x0000002338300000,0x0000002338400000)]
  0x000001ea376eafb0 JavaThread "Cache worker for Build Output Cleanup Cache (C:\Users\Maksim Safonov\AndroidStudioProjects\Schulde\.gradle\buildOutputCleanup)" [_thread_blocked, id=2352, stack(0x000000233bf00000,0x000000233c000000)]
  0x000001ea376eaae0 JavaThread "Unconstrained build operations" [_thread_blocked, id=12796, stack(0x000000233c100000,0x000000233c200000)]
  0x000001ea376e9c70 JavaThread "Unconstrained build operations Thread 2" [_thread_blocked, id=22920, stack(0x000000233c200000,0x000000233c300000)]
  0x000001ea376edfd0 JavaThread "Unconstrained build operations Thread 3" [_thread_blocked, id=9372, stack(0x000000233c300000,0x000000233c400000)]
  0x000001ea37bbf1a0 JavaThread "Unconstrained build operations Thread 4" [_thread_blocked, id=18596, stack(0x000000233c400000,0x000000233c500000)]
  0x000001ea37bbb7e0 JavaThread "Unconstrained build operations Thread 5" [_thread_blocked, id=30256, stack(0x000000233c500000,0x000000233c600000)]
  0x000001ea37bbbcb0 JavaThread "Unconstrained build operations Thread 6" [_thread_blocked, id=30800, stack(0x000000233c600000,0x000000233c700000)]
  0x000001ea37bc1cf0 JavaThread "Unconstrained build operations Thread 7" [_thread_blocked, id=4864, stack(0x000000233c700000,0x000000233c800000)]
  0x000001ea37bbecd0 JavaThread "Unconstrained build operations Thread 8" [_thread_blocked, id=15896, stack(0x000000233c800000,0x000000233c900000)]
  0x000001ea37bbf670 JavaThread "Unconstrained build operations Thread 9" [_thread_blocked, id=30336, stack(0x000000233c900000,0x000000233ca00000)]
  0x000001ea37bbc180 JavaThread "Unconstrained build operations Thread 10" [_thread_blocked, id=28720, stack(0x000000233ca00000,0x000000233cb00000)]
  0x000001ea37bc1820 JavaThread "Unconstrained build operations Thread 11" [_thread_blocked, id=29636, stack(0x000000233cb00000,0x000000233cc00000)]
  0x000001ea37bc2690 JavaThread "Unconstrained build operations Thread 12" [_thread_blocked, id=29992, stack(0x000000233cc00000,0x000000233cd00000)]
  0x000001ea37bc0010 JavaThread "Unconstrained build operations Thread 13" [_thread_blocked, id=31428, stack(0x000000233cd00000,0x000000233ce00000)]
  0x000001ea37bbae40 JavaThread "Unconstrained build operations Thread 14" [_thread_blocked, id=17944, stack(0x000000233ce00000,0x000000233cf00000)]
  0x000001ea37bbc650 JavaThread "Unconstrained build operations Thread 15" [_thread_blocked, id=19572, stack(0x000000233cf00000,0x000000233d000000)]
  0x000001ea37bbcb20 JavaThread "Unconstrained build operations Thread 16" [_thread_blocked, id=26148, stack(0x000000233d000000,0x000000233d100000)]
  0x000001ea37bc21c0 JavaThread "Unconstrained build operations Thread 17" [_thread_blocked, id=20756, stack(0x000000233d100000,0x000000233d200000)]
  0x000001ea37bbfb40 JavaThread "Unconstrained build operations Thread 18" [_thread_blocked, id=30304, stack(0x000000233d200000,0x000000233d300000)]
  0x000001ea37bbcff0 JavaThread "Unconstrained build operations Thread 19" [_thread_blocked, id=31584, stack(0x000000233d300000,0x000000233d400000)]
  0x000001ea37bbd4c0 JavaThread "Unconstrained build operations Thread 20" [_thread_blocked, id=14652, stack(0x000000233d400000,0x000000233d500000)]
  0x000001ea37bc0e80 JavaThread "Unconstrained build operations Thread 21" [_thread_blocked, id=13196, stack(0x000000233d500000,0x000000233d600000)]
  0x000001ea37bbd990 JavaThread "Unconstrained build operations Thread 22" [_thread_blocked, id=27572, stack(0x000000233d600000,0x000000233d700000)]
  0x000001ea37bbde60 JavaThread "Unconstrained build operations Thread 23" [_thread_blocked, id=19188, stack(0x000000233d700000,0x000000233d800000)]
  0x000001ea37bbe330 JavaThread "Unconstrained build operations Thread 24" [_thread_blocked, id=26060, stack(0x000000233d800000,0x000000233d900000)]
  0x000001ea37bc04e0 JavaThread "Unconstrained build operations Thread 25" [_thread_blocked, id=7760, stack(0x000000233d900000,0x000000233da00000)]
  0x000001ea37bbe800 JavaThread "Unconstrained build operations Thread 26" [_thread_blocked, id=2064, stack(0x000000233da00000,0x000000233db00000)]
  0x000001ea37bc09b0 JavaThread "Unconstrained build operations Thread 27" [_thread_blocked, id=31080, stack(0x000000233db00000,0x000000233dc00000)]
  0x000001ea37bc1350 JavaThread "Unconstrained build operations Thread 28" [_thread_blocked, id=3312, stack(0x000000233dc00000,0x000000233dd00000)]
  0x000001ea37bbb310 JavaThread "Unconstrained build operations Thread 29" [_thread_blocked, id=3524, stack(0x000000233dd00000,0x000000233de00000)]
  0x000001ea379bce30 JavaThread "Unconstrained build operations Thread 30" [_thread_blocked, id=26144, stack(0x000000233de00000,0x000000233df00000)]
  0x000001ea379befe0 JavaThread "Unconstrained build operations Thread 31" [_thread_blocked, id=664, stack(0x000000233df00000,0x000000233e000000)]
  0x000001ea379b9940 JavaThread "Unconstrained build operations Thread 32" [_thread_blocked, id=30136, stack(0x000000233e000000,0x000000233e100000)]
  0x000001ea379b8ad0 JavaThread "Unconstrained build operations Thread 33" [_thread_blocked, id=11560, stack(0x000000233e100000,0x000000233e200000)]
  0x000001ea379bd300 JavaThread "Unconstrained build operations Thread 34" [_thread_blocked, id=22064, stack(0x000000233e200000,0x000000233e300000)]
  0x000001ea379b7790 JavaThread "Unconstrained build operations Thread 35" [_thread_blocked, id=31032, stack(0x000000233e300000,0x000000233e400000)]
  0x000001ea379b8130 JavaThread "Unconstrained build operations Thread 36" [_thread_blocked, id=20584, stack(0x000000233e400000,0x000000233e500000)]
  0x000001ea379b9470 JavaThread "Unconstrained build operations Thread 37" [_thread_blocked, id=25288, stack(0x000000233e500000,0x000000233e600000)]
  0x000001ea379b7c60 JavaThread "Unconstrained build operations Thread 38" [_thread_blocked, id=26612, stack(0x000000233e600000,0x000000233e700000)]
  0x000001ea379bd7d0 JavaThread "Unconstrained build operations Thread 39" [_thread_blocked, id=28788, stack(0x000000233e700000,0x000000233e800000)]
  0x000001ea379b9e10 JavaThread "Unconstrained build operations Thread 40" [_thread_blocked, id=4468, stack(0x000000233e800000,0x000000233e900000)]
  0x000001ea379be170 JavaThread "Unconstrained build operations Thread 41" [_thread_blocked, id=25332, stack(0x000000233e900000,0x000000233ea00000)]
  0x000001ea379bdca0 JavaThread "Unconstrained build operations Thread 42" [_thread_blocked, id=28676, stack(0x000000233ea00000,0x000000233eb00000)]
  0x000001ea379bac80 JavaThread "Unconstrained build operations Thread 43" [_thread_blocked, id=24784, stack(0x000000233eb00000,0x000000233ec00000)]
  0x000001ea379be640 JavaThread "Unconstrained build operations Thread 44" [_thread_blocked, id=14740, stack(0x000000233ec00000,0x000000233ed00000)]
  0x000001ea379ba2e0 JavaThread "Unconstrained build operations Thread 45" [_thread_blocked, id=27460, stack(0x000000233ed00000,0x000000233ee00000)]
  0x000001ea379bc490 JavaThread "Unconstrained build operations Thread 46" [_thread_blocked, id=13404, stack(0x000000233ee00000,0x000000233ef00000)]
  0x000001ea379beb10 JavaThread "Unconstrained build operations Thread 47" [_thread_blocked, id=23716, stack(0x000000233ef00000,0x000000233f000000)]
  0x000001ea379ba7b0 JavaThread "Unconstrained build operations Thread 48" [_thread_blocked, id=18656, stack(0x000000233f000000,0x000000233f100000)]
  0x000001ea379b8600 JavaThread "Unconstrained build operations Thread 49" [_thread_blocked, id=27052, stack(0x000000233f100000,0x000000233f200000)]
  0x000001ea379b8fa0 JavaThread "Unconstrained build operations Thread 50" [_thread_blocked, id=9536, stack(0x000000233f200000,0x000000233f300000)]
  0x000001ea379bbaf0 JavaThread "Unconstrained build operations Thread 51" [_thread_blocked, id=30908, stack(0x000000233f300000,0x000000233f400000)]
  0x000001ea379bb150 JavaThread "Unconstrained build operations Thread 52" [_thread_blocked, id=23452, stack(0x000000233f400000,0x000000233f500000)]
  0x000001ea379bb620 JavaThread "Unconstrained build operations Thread 53" [_thread_blocked, id=31392, stack(0x000000233f500000,0x000000233f600000)]
  0x000001ea379bbfc0 JavaThread "Unconstrained build operations Thread 54" [_thread_blocked, id=7728, stack(0x000000233f600000,0x000000233f700000)]
  0x000001ea379bc960 JavaThread "Unconstrained build operations Thread 55" [_thread_blocked, id=18584, stack(0x000000233f700000,0x000000233f800000)]
  0x000001ea37b33320 JavaThread "Unconstrained build operations Thread 56" [_thread_blocked, id=9268, stack(0x000000233f800000,0x000000233f900000)]
  0x000001ea37b37b50 JavaThread "Unconstrained build operations Thread 57" [_thread_blocked, id=28532, stack(0x000000233f900000,0x000000233fa00000)]
  0x000001ea37b38020 JavaThread "Unconstrained build operations Thread 58" [_thread_blocked, id=20492, stack(0x000000233fa00000,0x000000233fb00000)]
  0x000001ea37b36340 JavaThread "Unconstrained build operations Thread 59" [_thread_blocked, id=31044, stack(0x000000233fb00000,0x000000233fc00000)]
  0x000001ea37b34190 JavaThread "Unconstrained build operations Thread 60" [_thread_blocked, id=29788, stack(0x000000233fc00000,0x000000233fd00000)]
  0x000001ea37b384f0 JavaThread "Unconstrained build operations Thread 61" [_thread_blocked, id=31256, stack(0x000000233fd00000,0x000000233fe00000)]
  0x000001ea37b389c0 JavaThread "Unconstrained build operations Thread 62" [_thread_blocked, id=30984, stack(0x000000233fe00000,0x000000233ff00000)]
  0x000001ea37b34660 JavaThread "Unconstrained build operations Thread 63" [_thread_blocked, id=25488, stack(0x000000233ff00000,0x0000002340000000)]
  0x000001ea37b38e90 JavaThread "Unconstrained build operations Thread 64" [_thread_blocked, id=9060, stack(0x0000002340000000,0x0000002340100000)]
  0x000001ea37b37680 JavaThread "Unconstrained build operations Thread 65" [_thread_blocked, id=12604, stack(0x0000002340100000,0x0000002340200000)]
  0x000001ea37b32980 JavaThread "Unconstrained build operations Thread 66" [_thread_blocked, id=5456, stack(0x0000002340200000,0x0000002340300000)]
  0x000001ea37b34b30 JavaThread "Unconstrained build operations Thread 67" [_thread_blocked, id=31156, stack(0x0000002340300000,0x0000002340400000)]
  0x000001ea37b39360 JavaThread "Unconstrained build operations Thread 68" [_thread_blocked, id=1332, stack(0x0000002340400000,0x0000002340500000)]
  0x000001ea37b36ce0 JavaThread "Unconstrained build operations Thread 69" [_thread_blocked, id=9296, stack(0x0000002340500000,0x0000002340600000)]
  0x000001ea37b39830 JavaThread "Unconstrained build operations Thread 70" [_thread_blocked, id=29732, stack(0x0000002340600000,0x0000002340700000)]
  0x000001ea37b39d00 JavaThread "Unconstrained build operations Thread 71" [_thread_blocked, id=13132, stack(0x0000002340700000,0x0000002340800000)]
  0x000001ea37b324b0 JavaThread "Unconstrained build operations Thread 72" [_thread_blocked, id=24408, stack(0x0000002340800000,0x0000002340900000)]
  0x000001ea37b35000 JavaThread "Unconstrained build operations Thread 73" [_thread_blocked, id=428, stack(0x0000002340900000,0x0000002340a00000)]
  0x000001ea37b354d0 JavaThread "Unconstrained build operations Thread 74" [_thread_blocked, id=4660, stack(0x0000002340a00000,0x0000002340b00000)]
  0x000001ea37b32e50 JavaThread "Unconstrained build operations Thread 75" [_thread_blocked, id=31292, stack(0x0000002340b00000,0x0000002340c00000)]
  0x000001ea37b33cc0 JavaThread "Unconstrained build operations Thread 76" [_thread_blocked, id=28972, stack(0x0000002340c00000,0x0000002340d00000)]
  0x000001ea37b359a0 JavaThread "Unconstrained build operations Thread 77" [_thread_blocked, id=29436, stack(0x0000002340d00000,0x0000002340e00000)]
  0x000001ea37b35e70 JavaThread "Unconstrained build operations Thread 78" [_thread_blocked, id=15128, stack(0x0000002340e00000,0x0000002340f00000)]
  0x000001ea37b36810 JavaThread "Unconstrained build operations Thread 79" [_thread_blocked, id=28564, stack(0x0000002340f00000,0x0000002341000000)]
  0x000001ea37b337f0 JavaThread "Unconstrained build operations Thread 80" [_thread_blocked, id=26348, stack(0x0000002341000000,0x0000002341100000)]
  0x000001ea37b371b0 JavaThread "Memory manager" [_thread_blocked, id=31632, stack(0x0000002341300000,0x0000002341400000)]

Other Threads:
=>0x000001ea33efe7d0 VMThread "VM Thread" [stack: 0x0000002338c00000,0x0000002338d00000] [id=31116]
  0x000001ea349c2220 WatcherThread [stack: 0x0000002339800000,0x0000002339900000] [id=24372]
  0x000001ea1814a940 GCTaskThread "GC Thread#0" [stack: 0x0000002338700000,0x0000002338800000] [id=16756]
  0x000001ea34db30f0 GCTaskThread "GC Thread#1" [stack: 0x0000002339900000,0x0000002339a00000] [id=24844]
  0x000001ea34db3650 GCTaskThread "GC Thread#2" [stack: 0x0000002339a00000,0x0000002339b00000] [id=23996]
  0x000001ea34db2e40 GCTaskThread "GC Thread#3" [stack: 0x0000002339b00000,0x0000002339c00000] [id=29504]
  0x000001ea34db3900 GCTaskThread "GC Thread#4" [stack: 0x0000002339c00000,0x0000002339d00000] [id=31276]
  0x000001ea34db20d0 GCTaskThread "GC Thread#5" [stack: 0x000000233a700000,0x000000233a800000] [id=30112]
  0x000001ea34db2630 GCTaskThread "GC Thread#6" [stack: 0x000000233a800000,0x000000233a900000] [id=19492]
  0x000001ea34db28e0 GCTaskThread "GC Thread#7" [stack: 0x000000233a900000,0x000000233aa00000] [id=18076]
  0x000001ea1815bf30 ConcurrentGCThread "G1 Main Marker" [stack: 0x0000002338800000,0x0000002338900000] [id=31272]
  0x000001ea1815c850 ConcurrentGCThread "G1 Conc#0" [stack: 0x0000002338900000,0x0000002338a00000] [id=30568]
  0x000001ea35903450 ConcurrentGCThread "G1 Conc#1" [stack: 0x000000233aa00000,0x000000233ab00000] [id=20500]
  0x000001ea181be7b0 ConcurrentGCThread "G1 Refine#0" [stack: 0x0000002338a00000,0x0000002338b00000] [id=11712]
  0x000001ea38ec6130 ConcurrentGCThread "G1 Refine#1" [stack: 0x0000002341400000,0x0000002341500000] [id=26664]
  0x000001ea38ec66f0 ConcurrentGCThread "G1 Refine#2" [stack: 0x0000002341500000,0x0000002341600000] [id=31016]
  0x000001ea38ec69d0 ConcurrentGCThread "G1 Refine#3" [stack: 0x0000002341600000,0x0000002341700000] [id=21268]
  0x000001ea38ec4ff0 ConcurrentGCThread "G1 Refine#4" [stack: 0x0000002341700000,0x0000002341800000] [id=3992]
  0x000001ea33d65230 ConcurrentGCThread "G1 Service" [stack: 0x0000002338b00000,0x0000002338c00000] [id=10708]

Threads with active compile tasks:

VM state: at safepoint (normal execution)

VM Mutex/Monitor currently owned by a thread:  ([mutex/lock_event])
[0x000001ea180e58e0] Threads_lock - owner thread: 0x000001ea33efe7d0
[0x000001ea180e68a0] Heap_lock - owner thread: 0x000001ea1815bf30

Heap address: 0x0000000080000000, size: 2048 MB, Compressed Oops mode: 32-bit

CDS archive(s) not mapped
Compressed class space mapped at: 0x0000000100000000-0x0000000140000000, reserved size: 1073741824
Narrow klass base: 0x0000000000000000, Narrow klass shift: 3, Narrow klass range: 0x140000000

GC Precious Log:
 CPUs: 8 total, 8 available
 Memory: 8025M
 Large Page Support: Disabled
 NUMA Support: Disabled
 Compressed Oops: Enabled (32-bit)
 Heap Region Size: 1M
 Heap Min Capacity: 8M
 Heap Initial Capacity: 126M
 Heap Max Capacity: 2G
 Pre-touch: Disabled
 Parallel Workers: 8
 Concurrent Workers: 2
 Concurrent Refinement Workers: 8
 Periodic GC: Disabled

Heap:
 garbage-first heap   total 199680K, used 144713K [0x0000000080000000, 0x0000000100000000)
  region size 1024K, 5 young (5120K), 2 survivors (2048K)
 Metaspace       used 100606K, committed 101376K, reserved 1138688K
  class space    used 13721K, committed 14080K, reserved 1048576K

Heap Regions: E=young(eden), S=young(survivor), O=old, HS=humongous(starts), HC=humongous(continues), CS=collection set, F=free, OA=open archive, CA=closed archive, TAMS=top-at-mark-start (previous, next)
|   0|0x0000000080000000, 0x0000000080100000, 0x0000000080100000|100%|HS|  |TAMS 0x0000000080100000, 0x0000000080000000| Complete 
|   1|0x0000000080100000, 0x0000000080200000, 0x0000000080200000|100%|HC|  |TAMS 0x0000000080200000, 0x0000000080100000| Complete 
|   2|0x0000000080200000, 0x0000000080300000, 0x0000000080300000|100%|HC|  |TAMS 0x0000000080300000, 0x0000000080200000| Complete 
|   3|0x0000000080300000, 0x0000000080400000, 0x0000000080400000|100%|HC|  |TAMS 0x0000000080400000, 0x0000000080300000| Complete 
|   4|0x0000000080400000, 0x0000000080500000, 0x0000000080500000|100%| O|  |TAMS 0x0000000080500000, 0x0000000080400000| Untracked 
|   5|0x0000000080500000, 0x0000000080600000, 0x0000000080600000|100%| O|  |TAMS 0x0000000080600000, 0x0000000080500000| Updating 
|   6|0x0000000080600000, 0x0000000080700000, 0x0000000080700000|100%| O|  |TAMS 0x0000000080700000, 0x0000000080600000| Untracked 
|   7|0x0000000080700000, 0x0000000080800000, 0x0000000080800000|100%| O|  |TAMS 0x0000000080800000, 0x0000000080700000| Untracked 
|   8|0x0000000080800000, 0x0000000080900000, 0x0000000080900000|100%| O|  |TAMS 0x0000000080900000, 0x0000000080800000| Untracked 
|   9|0x0000000080900000, 0x0000000080a00000, 0x0000000080a00000|100%| O|  |TAMS 0x0000000080a00000, 0x0000000080900000| Untracked 
|  10|0x0000000080a00000, 0x0000000080b00000, 0x0000000080b00000|100%| O|  |TAMS 0x0000000080b00000, 0x0000000080a00000| Untracked 
|  11|0x0000000080b00000, 0x0000000080c00000, 0x0000000080c00000|100%| O|  |TAMS 0x0000000080c00000, 0x0000000080b00000| Untracked 
|  12|0x0000000080c00000, 0x0000000080d00000, 0x0000000080d00000|100%| O|  |TAMS 0x0000000080d00000, 0x0000000080c00000| Updating 
|  13|0x0000000080d00000, 0x0000000080e00000, 0x0000000080e00000|100%| O|  |TAMS 0x0000000080e00000, 0x0000000080d00000| Untracked 
|  14|0x0000000080e00000, 0x0000000080f00000, 0x0000000080f00000|100%| O|  |TAMS 0x0000000080f00000, 0x0000000080e00000| Untracked 
|  15|0x0000000080f00000, 0x0000000081000000, 0x0000000081000000|100%| O|  |TAMS 0x0000000081000000, 0x0000000080f00000| Untracked 
|  16|0x0000000081000000, 0x0000000081100000, 0x0000000081100000|100%| O|  |TAMS 0x0000000081100000, 0x0000000081000000| Untracked 
|  17|0x0000000081100000, 0x0000000081200000, 0x0000000081200000|100%| O|  |TAMS 0x0000000081200000, 0x0000000081100000| Untracked 
|  18|0x0000000081200000, 0x0000000081300000, 0x0000000081300000|100%| O|  |TAMS 0x0000000081300000, 0x0000000081200000| Untracked 
|  19|0x0000000081300000, 0x0000000081400000, 0x0000000081400000|100%| O|  |TAMS 0x0000000081400000, 0x0000000081300000| Untracked 
|  20|0x0000000081400000, 0x0000000081500000, 0x0000000081500000|100%| O|  |TAMS 0x0000000081500000, 0x0000000081400000| Updating 
|  21|0x0000000081500000, 0x0000000081600000, 0x0000000081600000|100%|HS|  |TAMS 0x0000000081600000, 0x0000000081500000| Complete 
|  22|0x0000000081600000, 0x0000000081700000, 0x0000000081700000|100%|HC|  |TAMS 0x0000000081700000, 0x0000000081600000| Complete 
|  23|0x0000000081700000, 0x0000000081800000, 0x0000000081800000|100%|HS|  |TAMS 0x0000000081800000, 0x0000000081700000| Complete 
|  24|0x0000000081800000, 0x0000000081900000, 0x0000000081900000|100%|HC|  |TAMS 0x0000000081900000, 0x0000000081800000| Complete 
|  25|0x0000000081900000, 0x0000000081a00000, 0x0000000081a00000|100%|HC|  |TAMS 0x0000000081a00000, 0x0000000081900000| Complete 
|  26|0x0000000081a00000, 0x0000000081b00000, 0x0000000081b00000|100%|HS|  |TAMS 0x0000000081b00000, 0x0000000081a00000| Complete 
|  27|0x0000000081b00000, 0x0000000081c00000, 0x0000000081c00000|100%|HC|  |TAMS 0x0000000081c00000, 0x0000000081b00000| Complete 
|  28|0x0000000081c00000, 0x0000000081d00000, 0x0000000081d00000|100%|HC|  |TAMS 0x0000000081d00000, 0x0000000081c00000| Complete 
|  29|0x0000000081d00000, 0x0000000081e00000, 0x0000000081e00000|100%| O|  |TAMS 0x0000000081e00000, 0x0000000081d00000| Untracked 
|  30|0x0000000081e00000, 0x0000000081f00000, 0x0000000081f00000|100%| O|  |TAMS 0x0000000081f00000, 0x0000000081e00000| Untracked 
|  31|0x0000000081f00000, 0x0000000082000000, 0x0000000082000000|100%| O|  |TAMS 0x0000000082000000, 0x0000000081f00000| Untracked 
|  32|0x0000000082000000, 0x0000000082100000, 0x0000000082100000|100%|HS|  |TAMS 0x0000000082100000, 0x0000000082000000| Complete 
|  33|0x0000000082100000, 0x0000000082200000, 0x0000000082200000|100%|HC|  |TAMS 0x0000000082200000, 0x0000000082100000| Complete 
|  34|0x0000000082200000, 0x0000000082300000, 0x0000000082300000|100%| O|  |TAMS 0x0000000082300000, 0x0000000082200000| Untracked 
|  35|0x0000000082300000, 0x0000000082400000, 0x0000000082400000|100%| O|  |TAMS 0x0000000082400000, 0x0000000082300000| Untracked 
|  36|0x0000000082400000, 0x0000000082500000, 0x0000000082500000|100%| O|  |TAMS 0x0000000082500000, 0x0000000082400000| Untracked 
|  37|0x0000000082500000, 0x0000000082600000, 0x0000000082600000|100%| O|  |TAMS 0x0000000082600000, 0x0000000082500000| Untracked 
|  38|0x0000000082600000, 0x0000000082700000, 0x0000000082700000|100%| O|  |TAMS 0x0000000082700000, 0x0000000082600000| Untracked 
|  39|0x0000000082700000, 0x0000000082800000, 0x0000000082800000|100%| O|  |TAMS 0x0000000082800000, 0x0000000082700000| Untracked 
|  40|0x0000000082800000, 0x0000000082900000, 0x0000000082900000|100%| O|  |TAMS 0x0000000082900000, 0x0000000082800000| Updating 
|  41|0x0000000082900000, 0x0000000082a00000, 0x0000000082a00000|100%|HS|  |TAMS 0x0000000082a00000, 0x0000000082900000| Complete 
|  42|0x0000000082a00000, 0x0000000082b00000, 0x0000000082b00000|100%|HC|  |TAMS 0x0000000082b00000, 0x0000000082a00000| Complete 
|  43|0x0000000082b00000, 0x0000000082c00000, 0x0000000082c00000|100%|HC|  |TAMS 0x0000000082c00000, 0x0000000082b00000| Complete 
|  44|0x0000000082c00000, 0x0000000082d00000, 0x0000000082d00000|100%|HS|  |TAMS 0x0000000082d00000, 0x0000000082c00000| Complete 
|  45|0x0000000082d00000, 0x0000000082e00000, 0x0000000082e00000|100%|HC|  |TAMS 0x0000000082e00000, 0x0000000082d00000| Complete 
|  46|0x0000000082e00000, 0x0000000082f00000, 0x0000000082f00000|100%|HC|  |TAMS 0x0000000082f00000, 0x0000000082e00000| Complete 
|  47|0x0000000082f00000, 0x0000000083000000, 0x0000000083000000|100%|HC|  |TAMS 0x0000000083000000, 0x0000000082f00000| Complete 
|  48|0x0000000083000000, 0x0000000083100000, 0x0000000083100000|100%|HC|  |TAMS 0x0000000083100000, 0x0000000083000000| Complete 
|  49|0x0000000083100000, 0x0000000083200000, 0x0000000083200000|100%|HC|  |TAMS 0x0000000083200000, 0x0000000083100000| Complete 
|  50|0x0000000083200000, 0x0000000083300000, 0x0000000083300000|100%|HC|  |TAMS 0x0000000083300000, 0x0000000083200000| Complete 
|  51|0x0000000083300000, 0x0000000083400000, 0x0000000083400000|100%|HC|  |TAMS 0x0000000083400000, 0x0000000083300000| Complete 
|  52|0x0000000083400000, 0x0000000083500000, 0x0000000083500000|100%|HC|  |TAMS 0x0000000083500000, 0x0000000083400000| Complete 
|  53|0x0000000083500000, 0x0000000083600000, 0x0000000083600000|100%|HC|  |TAMS 0x0000000083600000, 0x0000000083500000| Complete 
|  54|0x0000000083600000, 0x0000000083700000, 0x0000000083700000|100%|HC|  |TAMS 0x0000000083700000, 0x0000000083600000| Complete 
|  55|0x0000000083700000, 0x0000000083800000, 0x0000000083800000|100%|HC|  |TAMS 0x0000000083800000, 0x0000000083700000| Complete 
|  56|0x0000000083800000, 0x0000000083900000, 0x0000000083900000|100%| O|  |TAMS 0x0000000083900000, 0x0000000083800000| Untracked 
|  57|0x0000000083900000, 0x0000000083a00000, 0x0000000083a00000|100%|HS|  |TAMS 0x0000000083a00000, 0x0000000083900000| Complete 
|  58|0x0000000083a00000, 0x0000000083b00000, 0x0000000083b00000|100%|HC|  |TAMS 0x0000000083b00000, 0x0000000083a00000| Complete 
|  59|0x0000000083b00000, 0x0000000083c00000, 0x0000000083c00000|100%|HC|  |TAMS 0x0000000083c00000, 0x0000000083b00000| Complete 
|  60|0x0000000083c00000, 0x0000000083d00000, 0x0000000083d00000|100%| O|  |TAMS 0x0000000083d00000, 0x0000000083c00000| Untracked 
|  61|0x0000000083d00000, 0x0000000083e00000, 0x0000000083e00000|100%| O|  |TAMS 0x0000000083e00000, 0x0000000083d00000| Untracked 
|  62|0x0000000083e00000, 0x0000000083f00000, 0x0000000083f00000|100%| O|  |TAMS 0x0000000083f00000, 0x0000000083e00000| Untracked 
|  63|0x0000000083f00000, 0x0000000084000000, 0x0000000084000000|100%| O|  |TAMS 0x0000000084000000, 0x0000000083f00000| Updating 
|  64|0x0000000084000000, 0x0000000084100000, 0x0000000084100000|100%| O|  |TAMS 0x0000000084100000, 0x0000000084000000| Untracked 
|  65|0x0000000084100000, 0x0000000084200000, 0x0000000084200000|100%| O|  |TAMS 0x0000000084200000, 0x0000000084100000| Updating 
|  66|0x0000000084200000, 0x0000000084300000, 0x0000000084300000|100%| O|  |TAMS 0x0000000084300000, 0x0000000084200000| Untracked 
|  67|0x0000000084300000, 0x0000000084400000, 0x0000000084400000|100%| O|  |TAMS 0x0000000084400000, 0x0000000084300000| Updating 
|  68|0x0000000084400000, 0x0000000084500000, 0x0000000084500000|100%| O|  |TAMS 0x0000000084500000, 0x0000000084400000| Untracked 
|  69|0x0000000084500000, 0x0000000084600000, 0x0000000084600000|100%| O|  |TAMS 0x0000000084600000, 0x0000000084500000| Untracked 
|  70|0x0000000084600000, 0x0000000084700000, 0x0000000084700000|100%| O|  |TAMS 0x0000000084700000, 0x0000000084600000| Untracked 
|  71|0x0000000084700000, 0x0000000084800000, 0x0000000084800000|100%| O|  |TAMS 0x0000000084800000, 0x0000000084700000| Updating 
|  72|0x0000000084800000, 0x0000000084900000, 0x0000000084900000|100%| O|  |TAMS 0x0000000084900000, 0x0000000084800000| Untracked 
|  73|0x0000000084900000, 0x0000000084a00000, 0x0000000084a00000|100%| O|  |TAMS 0x0000000084a00000, 0x0000000084900000| Updating 
|  74|0x0000000084a00000, 0x0000000084b00000, 0x0000000084b00000|100%| O|  |TAMS 0x0000000084b00000, 0x0000000084a00000| Untracked 
|  75|0x0000000084b00000, 0x0000000084c00000, 0x0000000084c00000|100%| O|  |TAMS 0x0000000084c00000, 0x0000000084b00000| Updating 
|  76|0x0000000084c00000, 0x0000000084d00000, 0x0000000084d00000|100%| O|  |TAMS 0x0000000084d00000, 0x0000000084c00000| Untracked 
|  77|0x0000000084d00000, 0x0000000084e00000, 0x0000000084e00000|100%| O|  |TAMS 0x0000000084e00000, 0x0000000084d00000| Untracked 
|  78|0x0000000084e00000, 0x0000000084f00000, 0x0000000084f00000|100%| O|  |TAMS 0x0000000084f00000, 0x0000000084e00000| Untracked 
|  79|0x0000000084f00000, 0x0000000085000000, 0x0000000085000000|100%|HS|  |TAMS 0x0000000085000000, 0x0000000084f00000| Complete 
|  80|0x0000000085000000, 0x0000000085100000, 0x0000000085100000|100%|HS|  |TAMS 0x0000000085100000, 0x0000000085000000| Complete 
|  81|0x0000000085100000, 0x0000000085200000, 0x0000000085200000|100%|HS|  |TAMS 0x0000000085200000, 0x0000000085100000| Complete 
|  82|0x0000000085200000, 0x0000000085300000, 0x0000000085300000|100%|HC|  |TAMS 0x0000000085300000, 0x0000000085200000| Complete 
|  83|0x0000000085300000, 0x0000000085400000, 0x0000000085400000|100%|HS|  |TAMS 0x0000000085400000, 0x0000000085300000| Complete 
|  84|0x0000000085400000, 0x0000000085500000, 0x0000000085500000|100%|HS|  |TAMS 0x0000000085500000, 0x0000000085400000| Complete 
|  85|0x0000000085500000, 0x0000000085600000, 0x0000000085600000|100%|HC|  |TAMS 0x0000000085600000, 0x0000000085500000| Complete 
|  86|0x0000000085600000, 0x0000000085700000, 0x0000000085700000|100%|HC|  |TAMS 0x0000000085700000, 0x0000000085600000| Complete 
|  87|0x0000000085700000, 0x0000000085800000, 0x0000000085800000|100%|HC|  |TAMS 0x0000000085800000, 0x0000000085700000| Complete 
|  88|0x0000000085800000, 0x0000000085900000, 0x0000000085900000|100%| O|  |TAMS 0x0000000085900000, 0x0000000085800000| Untracked 
|  89|0x0000000085900000, 0x0000000085a00000, 0x0000000085a00000|100%| O|  |TAMS 0x0000000085a00000, 0x0000000085900000| Updating 
|  90|0x0000000085a00000, 0x0000000085b00000, 0x0000000085b00000|100%| O|  |TAMS 0x0000000085b00000, 0x0000000085a00000| Untracked 
|  91|0x0000000085b00000, 0x0000000085c00000, 0x0000000085c00000|100%| O|  |TAMS 0x0000000085c00000, 0x0000000085b00000| Updating 
|  92|0x0000000085c00000, 0x0000000085d00000, 0x0000000085d00000|100%| O|  |TAMS 0x0000000085d00000, 0x0000000085c00000| Untracked 
|  93|0x0000000085d00000, 0x0000000085e00000, 0x0000000085e00000|100%| O|  |TAMS 0x0000000085e00000, 0x0000000085d00000| Untracked 
|  94|0x0000000085e00000, 0x0000000085f00000, 0x0000000085f00000|100%| O|  |TAMS 0x0000000085f00000, 0x0000000085e00000| Updating 
|  95|0x0000000085f00000, 0x0000000086000000, 0x0000000086000000|100%| O|  |TAMS 0x0000000086000000, 0x0000000085f00000| Untracked 
|  96|0x0000000086000000, 0x0000000086100000, 0x0000000086100000|100%| O|  |TAMS 0x0000000086100000, 0x0000000086000000| Untracked 
|  97|0x0000000086100000, 0x0000000086200000, 0x0000000086200000|100%| O|  |TAMS 0x0000000086200000, 0x0000000086100000| Untracked 
|  98|0x0000000086200000, 0x0000000086300000, 0x0000000086300000|100%| O|  |TAMS 0x0000000086300000, 0x0000000086200000| Untracked 
|  99|0x0000000086300000, 0x0000000086400000, 0x0000000086400000|100%| O|  |TAMS 0x0000000086400000, 0x0000000086300000| Untracked 
| 100|0x0000000086400000, 0x0000000086500000, 0x0000000086500000|100%| O|  |TAMS 0x0000000086500000, 0x0000000086400000| Updating 
| 101|0x0000000086500000, 0x0000000086600000, 0x0000000086600000|100%| O|  |TAMS 0x0000000086600000, 0x0000000086500000| Untracked 
| 102|0x0000000086600000, 0x0000000086700000, 0x0000000086700000|100%| O|  |TAMS 0x0000000086700000, 0x0000000086600000| Updating 
| 103|0x0000000086700000, 0x0000000086800000, 0x0000000086800000|100%| O|  |TAMS 0x0000000086800000, 0x0000000086700000| Untracked 
| 104|0x0000000086800000, 0x0000000086900000, 0x0000000086900000|100%| O|  |TAMS 0x0000000086900000, 0x0000000086800000| Updating 
| 105|0x0000000086900000, 0x0000000086a00000, 0x0000000086a00000|100%| O|  |TAMS 0x0000000086a00000, 0x0000000086900000| Updating 
| 106|0x0000000086a00000, 0x0000000086b00000, 0x0000000086b00000|100%| O|  |TAMS 0x0000000086b00000, 0x0000000086a00000| Untracked 
| 107|0x0000000086b00000, 0x0000000086c00000, 0x0000000086c00000|100%| O|  |TAMS 0x0000000086c00000, 0x0000000086b00000| Untracked 
| 108|0x0000000086c00000, 0x0000000086d00000, 0x0000000086d00000|100%| O|  |TAMS 0x0000000086d00000, 0x0000000086c00000| Untracked 
| 109|0x0000000086d00000, 0x0000000086e00000, 0x0000000086e00000|100%|HS|  |TAMS 0x0000000086e00000, 0x0000000086d00000| Complete 
| 110|0x0000000086e00000, 0x0000000086f00000, 0x0000000086f00000|100%|HC|  |TAMS 0x0000000086f00000, 0x0000000086e00000| Complete 
| 111|0x0000000086f00000, 0x0000000087000000, 0x0000000087000000|100%|HC|  |TAMS 0x0000000087000000, 0x0000000086f00000| Complete 
| 112|0x0000000087000000, 0x0000000087100000, 0x0000000087100000|100%|HC|  |TAMS 0x0000000087100000, 0x0000000087000000| Complete 
| 113|0x0000000087100000, 0x0000000087200000, 0x0000000087200000|100%| O|  |TAMS 0x0000000087200000, 0x0000000087100000| Untracked 
| 114|0x0000000087200000, 0x0000000087300000, 0x0000000087300000|100%| O|  |TAMS 0x0000000087300000, 0x0000000087200000| Updating 
| 115|0x0000000087300000, 0x0000000087400000, 0x0000000087400000|100%| O|  |TAMS 0x0000000087400000, 0x0000000087300000| Untracked 
| 116|0x0000000087400000, 0x0000000087500000, 0x0000000087500000|100%| O|  |TAMS 0x0000000087500000, 0x0000000087400000| Untracked 
| 117|0x0000000087500000, 0x0000000087600000, 0x0000000087600000|100%| O|  |TAMS 0x0000000087600000, 0x0000000087500000| Untracked 
| 118|0x0000000087600000, 0x0000000087700000, 0x0000000087700000|100%| O|  |TAMS 0x0000000087700000, 0x0000000087600000| Untracked 
| 119|0x0000000087700000, 0x0000000087800000, 0x0000000087800000|100%| O|  |TAMS 0x0000000087800000, 0x0000000087700000| Untracked 
| 120|0x0000000087800000, 0x0000000087900000, 0x0000000087900000|100%| O|  |TAMS 0x0000000087900000, 0x0000000087800000| Updating 
| 121|0x0000000087900000, 0x0000000087a00000, 0x0000000087a00000|100%| O|  |TAMS 0x0000000087a00000, 0x0000000087900000| Untracked 
| 122|0x0000000087a00000, 0x0000000087b00000, 0x0000000087b00000|100%| O|  |TAMS 0x0000000087b00000, 0x0000000087a00000| Untracked 
| 123|0x0000000087b00000, 0x0000000087c00000, 0x0000000087c00000|100%| O|  |TAMS 0x0000000087c00000, 0x0000000087b00000| Untracked 
| 124|0x0000000087c00000, 0x0000000087d00000, 0x0000000087d00000|100%| O|  |TAMS 0x0000000087d00000, 0x0000000087c00000| Untracked 
| 125|0x0000000087d00000, 0x0000000087e00000, 0x0000000087e00000|100%| O|  |TAMS 0x0000000087e00000, 0x0000000087d00000| Untracked 
| 126|0x0000000087e00000, 0x0000000087f00000, 0x0000000087f00000|100%| O|  |TAMS 0x0000000087f00000, 0x0000000087e00000| Untracked 
| 127|0x0000000087f00000, 0x0000000088000000, 0x0000000088000000|100%| O|  |TAMS 0x0000000088000000, 0x0000000087f00000| Untracked 
| 128|0x0000000088000000, 0x0000000088100000, 0x0000000088100000|100%| O|  |TAMS 0x0000000088100000, 0x0000000088000000| Untracked 
| 129|0x0000000088100000, 0x0000000088200000, 0x0000000088200000|100%| O|  |TAMS 0x0000000088200000, 0x0000000088100000| Untracked 
| 130|0x0000000088200000, 0x0000000088300000, 0x0000000088300000|100%| O|  |TAMS 0x0000000088300000, 0x0000000088200000| Untracked 
| 131|0x0000000088300000, 0x0000000088400000, 0x0000000088400000|100%| O|  |TAMS 0x0000000088400000, 0x0000000088300000| Untracked 
| 132|0x0000000088400000, 0x0000000088500000, 0x0000000088500000|100%| O|  |TAMS 0x00000000884a7e00, 0x0000000088400000| Updating 
| 133|0x0000000088500000, 0x0000000088600000, 0x0000000088600000|100%| O|  |TAMS 0x0000000088500000, 0x0000000088500000| Untracked 
| 134|0x0000000088600000, 0x0000000088700000, 0x0000000088700000|100%| O|  |TAMS 0x0000000088600000, 0x0000000088600000| Untracked 
| 135|0x0000000088700000, 0x0000000088800000, 0x0000000088800000|100%| O|  |TAMS 0x0000000088700000, 0x0000000088700000| Untracked 
| 136|0x0000000088800000, 0x0000000088900000, 0x0000000088900000|100%| O|  |TAMS 0x0000000088800000, 0x0000000088800000| Untracked 
| 137|0x0000000088900000, 0x0000000088a00000, 0x0000000088a00000|100%| O|  |TAMS 0x0000000088900000, 0x0000000088900000| Untracked 
| 138|0x0000000088a00000, 0x0000000088a00000, 0x0000000088b00000|  0%| F|  |TAMS 0x0000000088a00000, 0x0000000088a00000| Untracked 
| 139|0x0000000088b00000, 0x0000000088b00000, 0x0000000088c00000|  0%| F|  |TAMS 0x0000000088b00000, 0x0000000088b00000| Untracked 
| 140|0x0000000088c00000, 0x0000000088c00000, 0x0000000088d00000|  0%| F|  |TAMS 0x0000000088c00000, 0x0000000088c00000| Untracked 
| 141|0x0000000088d00000, 0x0000000088d00000, 0x0000000088e00000|  0%| F|  |TAMS 0x0000000088d00000, 0x0000000088d00000| Untracked 
| 142|0x0000000088e00000, 0x0000000088e00000, 0x0000000088f00000|  0%| F|  |TAMS 0x0000000088e00000, 0x0000000088e00000| Untracked 
| 143|0x0000000088f00000, 0x0000000088f00000, 0x0000000089000000|  0%| F|  |TAMS 0x0000000088f00000, 0x0000000088f00000| Untracked 
| 144|0x0000000089000000, 0x0000000089000000, 0x0000000089100000|  0%| F|  |TAMS 0x0000000089000000, 0x0000000089000000| Untracked 
| 145|0x0000000089100000, 0x0000000089100000, 0x0000000089200000|  0%| F|  |TAMS 0x0000000089100000, 0x0000000089100000| Untracked 
| 146|0x0000000089200000, 0x0000000089200000, 0x0000000089300000|  0%| F|  |TAMS 0x0000000089200000, 0x0000000089200000| Untracked 
| 147|0x0000000089300000, 0x0000000089300000, 0x0000000089400000|  0%| F|  |TAMS 0x0000000089300000, 0x0000000089300000| Untracked 
| 148|0x0000000089400000, 0x0000000089400000, 0x0000000089500000|  0%| F|  |TAMS 0x0000000089400000, 0x0000000089400000| Untracked 
| 149|0x0000000089500000, 0x0000000089500000, 0x0000000089600000|  0%| F|  |TAMS 0x0000000089500000, 0x0000000089500000| Untracked 
| 150|0x0000000089600000, 0x0000000089600000, 0x0000000089700000|  0%| F|  |TAMS 0x0000000089600000, 0x0000000089600000| Untracked 
| 151|0x0000000089700000, 0x0000000089700000, 0x0000000089800000|  0%| F|  |TAMS 0x0000000089700000, 0x0000000089700000| Untracked 
| 152|0x0000000089800000, 0x0000000089800000, 0x0000000089900000|  0%| F|  |TAMS 0x0000000089800000, 0x0000000089800000| Untracked 
| 153|0x0000000089900000, 0x0000000089900000, 0x0000000089a00000|  0%| F|  |TAMS 0x0000000089900000, 0x0000000089900000| Untracked 
| 154|0x0000000089a00000, 0x0000000089a00000, 0x0000000089b00000|  0%| F|  |TAMS 0x0000000089a00000, 0x0000000089a00000| Untracked 
| 155|0x0000000089b00000, 0x0000000089b00000, 0x0000000089c00000|  0%| F|  |TAMS 0x0000000089b00000, 0x0000000089b00000| Untracked 
| 156|0x0000000089c00000, 0x0000000089c00000, 0x0000000089d00000|  0%| F|  |TAMS 0x0000000089c00000, 0x0000000089c00000| Untracked 
| 157|0x0000000089d00000, 0x0000000089d00000, 0x0000000089e00000|  0%| F|  |TAMS 0x0000000089d00000, 0x0000000089d00000| Untracked 
| 158|0x0000000089e00000, 0x0000000089e00000, 0x0000000089f00000|  0%| F|  |TAMS 0x0000000089e00000, 0x0000000089e00000| Untracked 
| 159|0x0000000089f00000, 0x0000000089f00000, 0x000000008a000000|  0%| F|  |TAMS 0x0000000089f00000, 0x0000000089f00000| Untracked 
| 160|0x000000008a000000, 0x000000008a000000, 0x000000008a100000|  0%| F|  |TAMS 0x000000008a000000, 0x000000008a000000| Untracked 
| 161|0x000000008a100000, 0x000000008a100000, 0x000000008a200000|  0%| F|  |TAMS 0x000000008a100000, 0x000000008a100000| Untracked 
| 162|0x000000008a200000, 0x000000008a200000, 0x000000008a300000|  0%| F|  |TAMS 0x000000008a200000, 0x000000008a200000| Untracked 
| 163|0x000000008a300000, 0x000000008a300000, 0x000000008a400000|  0%| F|  |TAMS 0x000000008a300000, 0x000000008a300000| Untracked 
| 164|0x000000008a400000, 0x000000008a400000, 0x000000008a500000|  0%| F|  |TAMS 0x000000008a400000, 0x000000008a400000| Untracked 
| 165|0x000000008a500000, 0x000000008a500000, 0x000000008a600000|  0%| F|  |TAMS 0x000000008a500000, 0x000000008a500000| Untracked 
| 166|0x000000008a600000, 0x000000008a600000, 0x000000008a700000|  0%| F|  |TAMS 0x000000008a600000, 0x000000008a600000| Untracked 
| 167|0x000000008a700000, 0x000000008a700000, 0x000000008a800000|  0%| F|  |TAMS 0x000000008a700000, 0x000000008a700000| Untracked 
| 168|0x000000008a800000, 0x000000008a800000, 0x000000008a900000|  0%| F|  |TAMS 0x000000008a800000, 0x000000008a800000| Untracked 
| 169|0x000000008a900000, 0x000000008a900000, 0x000000008aa00000|  0%| F|  |TAMS 0x000000008a900000, 0x000000008a900000| Untracked 
| 170|0x000000008aa00000, 0x000000008aa00000, 0x000000008ab00000|  0%| F|  |TAMS 0x000000008aa00000, 0x000000008aa00000| Untracked 
| 171|0x000000008ab00000, 0x000000008ab524e8, 0x000000008ac00000| 32%| S|CS|TAMS 0x000000008ab00000, 0x000000008ab00000| Complete 
| 172|0x000000008ac00000, 0x000000008ad00000, 0x000000008ad00000|100%| S|CS|TAMS 0x000000008ac00000, 0x000000008ac00000| Complete 
| 173|0x000000008ad00000, 0x000000008ad00000, 0x000000008ae00000|  0%| F|  |TAMS 0x000000008ad00000, 0x000000008ad00000| Untracked 
| 174|0x000000008ae00000, 0x000000008ae00000, 0x000000008af00000|  0%| F|  |TAMS 0x000000008ae00000, 0x000000008ae00000| Untracked 
| 175|0x000000008af00000, 0x000000008af00000, 0x000000008b000000|  0%| F|  |TAMS 0x000000008af00000, 0x000000008af00000| Untracked 
| 176|0x000000008b000000, 0x000000008b000000, 0x000000008b100000|  0%| F|  |TAMS 0x000000008b000000, 0x000000008b000000| Untracked 
| 177|0x000000008b100000, 0x000000008b100000, 0x000000008b200000|  0%| F|  |TAMS 0x000000008b100000, 0x000000008b100000| Untracked 
| 178|0x000000008b200000, 0x000000008b200000, 0x000000008b300000|  0%| F|  |TAMS 0x000000008b200000, 0x000000008b200000| Untracked 
| 179|0x000000008b300000, 0x000000008b300000, 0x000000008b400000|  0%| F|  |TAMS 0x000000008b300000, 0x000000008b300000| Untracked 
| 180|0x000000008b400000, 0x000000008b400000, 0x000000008b500000|  0%| F|  |TAMS 0x000000008b400000, 0x000000008b400000| Untracked 
| 181|0x000000008b500000, 0x000000008b500000, 0x000000008b600000|  0%| F|  |TAMS 0x000000008b500000, 0x000000008b500000| Untracked 
| 182|0x000000008b600000, 0x000000008b600000, 0x000000008b700000|  0%| F|  |TAMS 0x000000008b600000, 0x000000008b600000| Untracked 
| 183|0x000000008b700000, 0x000000008b700000, 0x000000008b800000|  0%| F|  |TAMS 0x000000008b700000, 0x000000008b700000| Untracked 
| 184|0x000000008b800000, 0x000000008b800000, 0x000000008b900000|  0%| F|  |TAMS 0x000000008b800000, 0x000000008b800000| Untracked 
| 185|0x000000008b900000, 0x000000008b900000, 0x000000008ba00000|  0%| F|  |TAMS 0x000000008b900000, 0x000000008b900000| Untracked 
| 186|0x000000008ba00000, 0x000000008ba00000, 0x000000008bb00000|  0%| F|  |TAMS 0x000000008ba00000, 0x000000008ba00000| Untracked 
| 187|0x000000008bb00000, 0x000000008bb00000, 0x000000008bc00000|  0%| F|  |TAMS 0x000000008bb00000, 0x000000008bb00000| Untracked 
| 188|0x000000008bc00000, 0x000000008bc00000, 0x000000008bd00000|  0%| F|  |TAMS 0x000000008bc00000, 0x000000008bc00000| Untracked 
| 189|0x000000008bd00000, 0x000000008bd00000, 0x000000008be00000|  0%| F|  |TAMS 0x000000008bd00000, 0x000000008bd00000| Untracked 
| 190|0x000000008be00000, 0x000000008be00000, 0x000000008bf00000|  0%| F|  |TAMS 0x000000008be00000, 0x000000008be00000| Untracked 
| 191|0x000000008bf00000, 0x000000008bf00000, 0x000000008c000000|  0%| F|  |TAMS 0x000000008bf00000, 0x000000008bf00000| Untracked 
| 192|0x000000008c000000, 0x000000008c06ee70, 0x000000008c100000| 43%| E|  |TAMS 0x000000008c000000, 0x000000008c000000| Complete 
| 193|0x000000008c100000, 0x000000008c200000, 0x000000008c200000|100%| E|CS|TAMS 0x000000008c100000, 0x000000008c100000| Complete 
| 194|0x000000008c200000, 0x000000008c300000, 0x000000008c300000|100%| E|CS|TAMS 0x000000008c200000, 0x000000008c200000| Complete 

Card table byte_map: [0x000001ea2cc20000,0x000001ea2d020000] _byte_map_base: 0x000001ea2c820000

Marking Bits (Prev, Next): (CMBitMap*) 0x000001ea1814ae60, (CMBitMap*) 0x000001ea1814aea0
 Prev Bits: [0x000001ea2d420000, 0x000001ea2f420000)
 Next Bits: [0x000001ea2f420000, 0x000001ea31420000)

Polling page: 0x000001ea181c0000

Metaspace:

Usage:
  Non-class:     84.85 MB used.
      Class:     13.40 MB used.
       Both:     98.25 MB used.

Virtual space:
  Non-class space:       88.00 MB reserved,      85.25 MB ( 97%) committed,  11 nodes.
      Class space:        1.00 GB reserved,      13.75 MB (  1%) committed,  1 nodes.
             Both:        1.09 GB reserved,      99.00 MB (  9%) committed. 

Chunk freelists:
   Non-Class:  2.09 MB
       Class:  2.17 MB
        Both:  4.27 MB

MaxMetaspaceSize: unlimited
CompressedClassSpaceSize: 1.00 GB
Initial GC threshold: 21.00 MB
Current GC threshold: 150.62 MB
CDS: off
MetaspaceReclaimPolicy: balanced
 - commit_granule_bytes: 65536.
 - commit_granule_words: 8192.
 - virtual_space_node_default_size: 1048576.
 - enlarge_chunks_in_place: 1.
 - new_chunks_are_fully_committed: 0.
 - uncommit_free_chunks: 1.
 - use_allocation_guard: 0.
 - handle_deallocations: 1.


Internal statistics:

num_allocs_failed_limit: 3.
num_arena_births: 940.
num_arena_deaths: 0.
num_vsnodes_births: 12.
num_vsnodes_deaths: 0.
num_space_committed: 1583.
num_space_uncommitted: 0.
num_chunks_returned_to_freelist: 3.
num_chunks_taken_from_freelist: 4321.
num_chunk_merges: 3.
num_chunk_splits: 3026.
num_chunks_enlarged: 2192.
num_purges: 0.
num_inconsistent_stats: 0.

CodeHeap 'non-profiled nmethods': size=120000Kb used=5050Kb max_used=5050Kb free=114949Kb
 bounds [0x000001ea24880000, 0x000001ea24d70000, 0x000001ea2bdb0000]
CodeHeap 'profiled nmethods': size=120000Kb used=16754Kb max_used=16754Kb free=103245Kb
 bounds [0x000001ea1cdb0000, 0x000001ea1de10000, 0x000001ea242e0000]
CodeHeap 'non-nmethods': size=5760Kb used=2435Kb max_used=2500Kb free=3324Kb
 bounds [0x000001ea242e0000, 0x000001ea24560000, 0x000001ea24880000]
 total_blobs=9401 nmethods=8420 adapters=893
 compilation: enabled
              stopped_count=0, restarted_count=0
 full_count=0

Compilation events (20 events):
Event: 57.804 Thread 0x000001ea34832180 9287   !   4       java.util.zip.ZipFile$Source::getEntryPos (173 bytes)
Event: 57.821 Thread 0x000001ea348337c0 9288       3       java.util.zip.ZipCoder$UTF8ZipCoder::hasTrailingSlash (20 bytes)
Event: 57.822 Thread 0x000001ea348337c0 nmethod 9288 0x000001ea1de0b190 code [0x000001ea1de0b320, 0x000001ea1de0b4f8]
Event: 57.831 Thread 0x000001ea34832180 nmethod 9287 0x000001ea24d6c010 code [0x000001ea24d6c1e0, 0x000001ea24d6ccb8]
Event: 57.831 Thread 0x000001ea34832180 9286       4       java.util.zip.ZipCoder::hash (36 bytes)
Event: 57.845 Thread 0x000001ea34832180 nmethod 9286 0x000001ea24d6d590 code [0x000001ea24d6d720, 0x000001ea24d6dbc8]
Event: 57.935 Thread 0x000001ea348337c0 9289       1       java.util.Collections$SingletonSet::size (2 bytes)
Event: 57.936 Thread 0x000001ea348337c0 nmethod 9289 0x000001ea24d6de90 code [0x000001ea24d6e020, 0x000001ea24d6e0f8]
Event: 58.044 Thread 0x000001ea348337c0 9290       3       kotlin.jvm.internal.CallableReference::<init> (32 bytes)
Event: 58.044 Thread 0x000001ea34832180 9291       4       kotlin.jvm.internal.Lambda::<init> (10 bytes)
Event: 58.044 Thread 0x000001ea348337c0 nmethod 9290 0x000001ea1de0b610 code [0x000001ea1de0b7c0, 0x000001ea1de0ba98]
Event: 58.045 Thread 0x000001ea34832180 nmethod 9291 0x000001ea24d6e190 code [0x000001ea24d6e300, 0x000001ea24d6e378]
Event: 58.068 Thread 0x000001ea348337c0 9292       3       kotlin.properties.ObservableProperty::<init> (10 bytes)
Event: 58.068 Thread 0x000001ea348337c0 nmethod 9292 0x000001ea1de0bb90 code [0x000001ea1de0bd20, 0x000001ea1de0bed8]
Event: 58.075 Thread 0x000001ea348337c0 9293       3       org.jetbrains.kotlin.renderer.DescriptorRendererOptionsImpl::property (20 bytes)
Event: 58.076 Thread 0x000001ea348337c0 nmethod 9293 0x000001ea1de0bf90 code [0x000001ea1de0c140, 0x000001ea1de0c478]
Event: 58.076 Thread 0x000001ea348337c0 9294       3       org.jetbrains.kotlin.renderer.DescriptorRendererOptionsImpl$property$$inlined$vetoable$1::<init> (11 bytes)
Event: 58.076 Thread 0x000001ea348337c0 nmethod 9294 0x000001ea1de0c590 code [0x000001ea1de0c740, 0x000001ea1de0c9b8]
Event: 58.174 Thread 0x000001ea34832180 9295       4       java.util.zip.Checksum::update (11 bytes)
Event: 58.176 Thread 0x000001ea34832180 nmethod 9295 0x000001ea24d6e490 code [0x000001ea24d6e620, 0x000001ea24d6e778]

GC Heap History (20 events):
Event: 48.317 GC heap before
{Heap before GC invocations=40 (full 0):
 garbage-first heap   total 181248K, used 133817K [0x0000000080000000, 0x0000000100000000)
  region size 1024K, 31 young (31744K), 3 survivors (3072K)
 Metaspace       used 82211K, committed 82944K, reserved 1122304K
  class space    used 11421K, committed 11776K, reserved 1048576K
}
Event: 48.323 GC heap after
{Heap after GC invocations=41 (full 0):
 garbage-first heap   total 181248K, used 105822K [0x0000000080000000, 0x0000000100000000)
  region size 1024K, 4 young (4096K), 4 survivors (4096K)
 Metaspace       used 82211K, committed 82944K, reserved 1122304K
  class space    used 11421K, committed 11776K, reserved 1048576K
}
Event: 48.774 GC heap before
{Heap before GC invocations=41 (full 0):
 garbage-first heap   total 181248K, used 109918K [0x0000000080000000, 0x0000000100000000)
  region size 1024K, 8 young (8192K), 4 survivors (4096K)
 Metaspace       used 82611K, committed 83392K, reserved 1122304K
  class space    used 11470K, committed 11840K, reserved 1048576K
}
Event: 48.781 GC heap after
{Heap after GC invocations=42 (full 0):
 garbage-first heap   total 181248K, used 105294K [0x0000000080000000, 0x0000000100000000)
  region size 1024K, 1 young (1024K), 1 survivors (1024K)
 Metaspace       used 82611K, committed 83392K, reserved 1122304K
  class space    used 11470K, committed 11840K, reserved 1048576K
}
Event: 50.662 GC heap before
{Heap before GC invocations=42 (full 0):
 garbage-first heap   total 181248K, used 145230K [0x0000000080000000, 0x0000000100000000)
  region size 1024K, 40 young (40960K), 1 survivors (1024K)
 Metaspace       used 87626K, committed 88384K, reserved 1130496K
  class space    used 12121K, committed 12480K, reserved 1048576K
}
Event: 50.668 GC heap after
{Heap after GC invocations=43 (full 0):
 garbage-first heap   total 181248K, used 107963K [0x0000000080000000, 0x0000000100000000)
  region size 1024K, 4 young (4096K), 4 survivors (4096K)
 Metaspace       used 87626K, committed 88384K, reserved 1130496K
  class space    used 12121K, committed 12480K, reserved 1048576K
}
Event: 52.368 GC heap before
{Heap before GC invocations=43 (full 0):
 garbage-first heap   total 181248K, used 145851K [0x0000000080000000, 0x0000000100000000)
  region size 1024K, 42 young (43008K), 4 survivors (4096K)
 Metaspace       used 89949K, committed 90624K, reserved 1130496K
  class space    used 12408K, committed 12736K, reserved 1048576K
}
Event: 52.375 GC heap after
{Heap after GC invocations=44 (full 0):
 garbage-first heap   total 181248K, used 111101K [0x0000000080000000, 0x0000000100000000)
  region size 1024K, 6 young (6144K), 6 survivors (6144K)
 Metaspace       used 89949K, committed 90624K, reserved 1130496K
  class space    used 12408K, committed 12736K, reserved 1048576K
}
Event: 52.951 GC heap before
{Heap before GC invocations=44 (full 0):
 garbage-first heap   total 181248K, used 122365K [0x0000000080000000, 0x0000000100000000)
  region size 1024K, 18 young (18432K), 6 survivors (6144K)
 Metaspace       used 91817K, committed 92544K, reserved 1130496K
  class space    used 12647K, committed 12992K, reserved 1048576K
}
Event: 52.960 GC heap after
{Heap after GC invocations=45 (full 0):
 garbage-first heap   total 181248K, used 112055K [0x0000000080000000, 0x0000000100000000)
  region size 1024K, 2 young (2048K), 2 survivors (2048K)
 Metaspace       used 91817K, committed 92544K, reserved 1130496K
  class space    used 12647K, committed 12992K, reserved 1048576K
}
Event: 55.492 GC heap before
{Heap before GC invocations=46 (full 0):
 garbage-first heap   total 199680K, used 153015K [0x0000000080000000, 0x0000000100000000)
  region size 1024K, 38 young (38912K), 2 survivors (2048K)
 Metaspace       used 97648K, committed 98368K, reserved 1138688K
  class space    used 13386K, committed 13696K, reserved 1048576K
}
Event: 55.496 GC heap after
{Heap after GC invocations=47 (full 0):
 garbage-first heap   total 199680K, used 116307K [0x0000000080000000, 0x0000000100000000)
  region size 1024K, 2 young (2048K), 2 survivors (2048K)
 Metaspace       used 97648K, committed 98368K, reserved 1138688K
  class space    used 13386K, committed 13696K, reserved 1048576K
}
Event: 55.765 GC heap before
{Heap before GC invocations=47 (full 0):
 garbage-first heap   total 199680K, used 128595K [0x0000000080000000, 0x0000000100000000)
  region size 1024K, 9 young (9216K), 2 survivors (2048K)
 Metaspace       used 97833K, committed 98560K, reserved 1138688K
  class space    used 13406K, committed 13760K, reserved 1048576K
}
Event: 55.773 GC heap after
{Heap after GC invocations=48 (full 0):
 garbage-first heap   total 199680K, used 123344K [0x0000000080000000, 0x0000000100000000)
  region size 1024K, 2 young (2048K), 2 survivors (2048K)
 Metaspace       used 97833K, committed 98560K, reserved 1138688K
  class space    used 13406K, committed 13760K, reserved 1048576K
}
Event: 56.654 GC heap before
{Heap before GC invocations=48 (full 0):
 garbage-first heap   total 199680K, used 166352K [0x0000000080000000, 0x0000000100000000)
  region size 1024K, 44 young (45056K), 2 survivors (2048K)
 Metaspace       used 98000K, committed 98752K, reserved 1138688K
  class space    used 13411K, committed 13760K, reserved 1048576K
}
Event: 56.670 GC heap after
{Heap after GC invocations=49 (full 0):
 garbage-first heap   total 199680K, used 129898K [0x0000000080000000, 0x0000000100000000)
  region size 1024K, 6 young (6144K), 6 survivors (6144K)
 Metaspace       used 98000K, committed 98752K, reserved 1138688K
  class space    used 13411K, committed 13760K, reserved 1048576K
}
Event: 57.285 GC heap before
{Heap before GC invocations=49 (full 0):
 garbage-first heap   total 199680K, used 162666K [0x0000000080000000, 0x0000000100000000)
  region size 1024K, 38 young (38912K), 6 survivors (6144K)
 Metaspace       used 98018K, committed 98752K, reserved 1138688K
  class space    used 13412K, committed 13760K, reserved 1048576K
}
Event: 57.303 GC heap after
{Heap after GC invocations=50 (full 0):
 garbage-first heap   total 199680K, used 140959K [0x0000000080000000, 0x0000000100000000)
  region size 1024K, 5 young (5120K), 5 survivors (5120K)
 Metaspace       used 98018K, committed 98752K, reserved 1138688K
  class space    used 13412K, committed 13760K, reserved 1048576K
}
Event: 58.163 GC heap before
{Heap before GC invocations=50 (full 0):
 garbage-first heap   total 199680K, used 163487K [0x0000000080000000, 0x0000000100000000)
  region size 1024K, 27 young (27648K), 5 survivors (5120K)
 Metaspace       used 100159K, committed 100928K, reserved 1138688K
  class space    used 13670K, committed 14016K, reserved 1048576K
}
Event: 58.169 GC heap after
{Heap after GC invocations=51 (full 0):
 garbage-first heap   total 199680K, used 142665K [0x0000000080000000, 0x0000000100000000)
  region size 1024K, 2 young (2048K), 2 survivors (2048K)
 Metaspace       used 100159K, committed 100928K, reserved 1138688K
  class space    used 13670K, committed 14016K, reserved 1048576K
}

Dll operation events (2 events):
Event: 0.042 Loaded shared library C:\Users\Maksim Safonov\AppData\Local\Programs\Android Studio\jbr\bin\java.dll
Event: 2.969 Loaded shared library C:\Users\Maksim Safonov\AppData\Local\Programs\Android Studio\jbr\bin\verify.dll

Deoptimization events (20 events):
Event: 56.952 Thread 0x000001ea34dbf200 DEOPT PACKING pc=0x000001ea24d1ced8 sp=0x000000233a3f4f20
Event: 56.952 Thread 0x000001ea34dbf200 DEOPT UNPACKING pc=0x000001ea243369a3 sp=0x000000233a3f4e10 mode 2
Event: 56.953 Thread 0x000001ea34dbf200 Uncommon trap: trap_request=0xffffff45 fr.pc=0x000001ea24930e54 relative=0x00000000000001b4
Event: 56.953 Thread 0x000001ea34dbf200 Uncommon trap: reason=unstable_if action=reinterpret pc=0x000001ea24930e54 method=java.lang.String.lastIndexOf(II)I @ 4 c2
Event: 56.953 Thread 0x000001ea34dbf200 DEOPT PACKING pc=0x000001ea24930e54 sp=0x000000233a3f4ed0
Event: 56.953 Thread 0x000001ea34dbf200 DEOPT UNPACKING pc=0x000001ea243369a3 sp=0x000000233a3f4e00 mode 2
Event: 56.953 Thread 0x000001ea34dbf200 Uncommon trap: trap_request=0xffffff45 fr.pc=0x000001ea248b4db0 relative=0x0000000000000490
Event: 56.953 Thread 0x000001ea34dbf200 Uncommon trap: reason=unstable_if action=reinterpret pc=0x000001ea248b4db0 method=java.lang.String.substring(II)Ljava/lang/String; @ 31 c2
Event: 56.953 Thread 0x000001ea34dbf200 DEOPT PACKING pc=0x000001ea248b4db0 sp=0x000000233a3f4e90
Event: 56.953 Thread 0x000001ea34dbf200 DEOPT UNPACKING pc=0x000001ea243369a3 sp=0x000000233a3f4e60 mode 2
Event: 56.953 Thread 0x000001ea34dbf200 Uncommon trap: trap_request=0xffffff45 fr.pc=0x000001ea24958608 relative=0x0000000000000468
Event: 56.953 Thread 0x000001ea34dbf200 Uncommon trap: reason=unstable_if action=reinterpret pc=0x000001ea24958608 method=java.lang.String.substring(II)Ljava/lang/String; @ 31 c2
Event: 56.953 Thread 0x000001ea34dbf200 DEOPT PACKING pc=0x000001ea24958608 sp=0x000000233a3f4e90
Event: 56.954 Thread 0x000001ea34dbf200 DEOPT UNPACKING pc=0x000001ea243369a3 sp=0x000000233a3f4df0 mode 2
Event: 56.954 Thread 0x000001ea34dbf200 Uncommon trap: trap_request=0xffffff45 fr.pc=0x000001ea24d3ca34 relative=0x0000000000001bd4
Event: 56.954 Thread 0x000001ea34dbf200 Uncommon trap: reason=unstable_if action=reinterpret pc=0x000001ea24d3ca34 method=java.lang.String.equals(Ljava/lang/Object;)Z @ 33 c2
Event: 56.954 Thread 0x000001ea34dbf200 DEOPT PACKING pc=0x000001ea24d3ca34 sp=0x000000233a3f4fb0
Event: 56.954 Thread 0x000001ea34dbf200 DEOPT UNPACKING pc=0x000001ea243369a3 sp=0x000000233a3f4f30 mode 2
Event: 57.243 Thread 0x000001ea34dbf200 DEOPT PACKING pc=0x000001ea1dd79410 sp=0x000000233a3f5090
Event: 57.243 Thread 0x000001ea34dbf200 DEOPT UNPACKING pc=0x000001ea24337143 sp=0x000000233a3f4598 mode 0

Classes unloaded (0 events):
No events

Classes redefined (0 events):
No events

Internal exceptions (20 events):
Event: 48.071 Thread 0x000001ea34dbf200 Exception <a 'java/lang/ClassNotFoundException'{0x0000000089a43b38}: org/gradle/api/plugins/JavaPluginConventionCustomizer> (0x0000000089a43b38) 
thrown [s\src\hotspot\share\classfile\systemDictionary.cpp, line 256]
Event: 48.073 Thread 0x000001ea34dbf200 Exception <a 'java/lang/ClassNotFoundException'{0x0000000089a6eac0}: org/gradle/api/plugins/internal/DefaultJavaPluginConventionCustomizer> (0x0000000089a6eac0) 
thrown [s\src\hotspot\share\classfile\systemDictionary.cpp, line 256]
Event: 48.077 Thread 0x000001ea34dbf200 Exception <a 'java/lang/ClassNotFoundException'{0x0000000089aabb90}: org/gradle/api/plugins/internal/DefaultJavaPluginConvention_DecoratedCustomizer> (0x0000000089aabb90) 
thrown [s\src\hotspot\share\classfile\systemDictionary.cpp, line 256]
Event: 48.963 Thread 0x000001ea34dbf200 Exception <a 'java/lang/ClassNotFoundException'{0x000000008adb5328}: org/jetbrains/kotlin/gradle/targets/js/npm/DefaultNpmDependencyExtensionBeanInfo> (0x000000008adb5328) 
thrown [s\src\hotspot\share\classfile\systemDictionary.cpp, line 256]
Event: 48.964 Thread 0x000001ea34dbf200 Exception <a 'java/lang/ClassNotFoundException'{0x000000008adc0998}: org/jetbrains/kotlin/gradle/targets/js/npm/DefaultNpmDependencyExtensionCustomizer> (0x000000008adc0998) 
thrown [s\src\hotspot\share\classfile\systemDictionary.cpp, line 256]
Event: 48.987 Thread 0x000001ea34dbf200 Exception <a 'java/lang/ClassNotFoundException'{0x000000008ab2cc48}: org/jetbrains/kotlin/gradle/targets/js/npm/NpmDependencyExtensionKt$defaultNpmDependencyDelegate$1BeanInfo> (0x000000008ab2cc48) 
thrown [s\src\hotspot\share\classfile\systemDictionary.cpp, line 256]
Event: 48.991 Thread 0x000001ea34dbf200 Exception <a 'java/lang/ClassNotFoundException'{0x000000008ab38300}: org/jetbrains/kotlin/gradle/targets/js/npm/NpmDependencyExtensionDelegateBeanInfo> (0x000000008ab38300) 
thrown [s\src\hotspot\share\classfile\systemDictionary.cpp, line 256]
Event: 48.993 Thread 0x000001ea34dbf200 Exception <a 'java/lang/ClassNotFoundException'{0x000000008ab43980}: org/jetbrains/kotlin/gradle/targets/js/npm/NpmDependencyExtensionDelegateCustomizer> (0x000000008ab43980) 
thrown [s\src\hotspot\share\classfile\systemDictionary.cpp, line 256]
Event: 48.995 Thread 0x000001ea34dbf200 Exception <a 'java/lang/ClassNotFoundException'{0x000000008ab66d18}: org/jetbrains/kotlin/gradle/targets/js/npm/NpmDependencyExtensionKt$defaultNpmDependencyDelegate$1Customizer> (0x000000008ab66d18) 
thrown [s\src\hotspot\share\classfile\systemDictionary.cpp, line 256]
Event: 49.028 Thread 0x000001ea34dbf200 Exception <a 'java/lang/ClassNotFoundException'{0x000000008ab9c468}: org/jetbrains/kotlin/gradle/targets/js/npm/DefaultDevNpmDependencyExtensionBeanInfo> (0x000000008ab9c468) 
thrown [s\src\hotspot\share\classfile\systemDictionary.cpp, line 256]
Event: 49.037 Thread 0x000001ea34dbf200 Exception <a 'java/lang/ClassNotFoundException'{0x000000008aba7af0}: org/jetbrains/kotlin/gradle/targets/js/npm/DefaultDevNpmDependencyExtensionCustomizer> (0x000000008aba7af0) 
thrown [s\src\hotspot\share\classfile\systemDictionary.cpp, line 256]
Event: 49.102 Thread 0x000001ea34dbf200 Exception <a 'java/lang/ClassNotFoundException'{0x000000008abe19c8}: org/jetbrains/kotlin/gradle/targets/js/npm/DefaultPeerNpmDependencyExtensionBeanInfo> (0x000000008abe19c8) 
thrown [s\src\hotspot\share\classfile\systemDictionary.cpp, line 256]
Event: 49.103 Thread 0x000001ea34dbf200 Exception <a 'java/lang/ClassNotFoundException'{0x000000008abed080}: org/jetbrains/kotlin/gradle/targets/js/npm/DefaultPeerNpmDependencyExtensionCustomizer> (0x000000008abed080) 
thrown [s\src\hotspot\share\classfile\systemDictionary.cpp, line 256]
Event: 49.113 Thread 0x000001ea34dbf200 Exception <a 'java/lang/ClassNotFoundException'{0x000000008aa2e4d8}: org/jetbrains/kotlin/gradle/targets/js/npm/DefaultPeerNpmDependencyExtension$delegate$1BeanInfo> (0x000000008aa2e4d8) 
thrown [s\src\hotspot\share\classfile\systemDictionary.cpp, line 256]
Event: 49.114 Thread 0x000001ea34dbf200 Exception <a 'java/lang/ClassNotFoundException'{0x000000008aa39d58}: org/jetbrains/kotlin/gradle/targets/js/npm/DefaultPeerNpmDependencyExtension$delegate$1Customizer> (0x000000008aa39d58) 
thrown [s\src\hotspot\share\classfile\systemDictionary.cpp, line 256]
Event: 52.449 Thread 0x000001ea34dbf200 Exception <a 'java/lang/NoSuchMethodError'{0x000000008b090c58}: 'long java.lang.invoke.DirectMethodHandle$Holder.invokeStatic(java.lang.Object)'> (0x000000008b090c58) 
thrown [s\src\hotspot\share\interpreter\linkResolver.cpp, line 771]
Event: 52.460 Thread 0x000001ea34dbf200 Exception <a 'java/lang/NoSuchMethodError'{0x000000008b0957f8}: 'long java.lang.invoke.DirectMethodHandle$Holder.invokeStaticInit(java.lang.Object)'> (0x000000008b0957f8) 
thrown [s\src\hotspot\share\interpreter\linkResolver.cpp, line 771]
Event: 55.450 Thread 0x000001ea34dbf200 Exception <a 'java/lang/NoSuchMethodError'{0x0000000089d3f360}: 'java.lang.Object java.lang.invoke.Invokers$Holder.invoke_MT(java.lang.Object, java.lang.Object, java.lang.Object)'> (0x0000000089d3f360) 
thrown [s\src\hotspot\share\interpreter\linkResolver.cpp, line 771]
Event: 56.242 Thread 0x000001ea34dbf200 Implicit null exception at 0x000001ea24d220e6 to 0x000001ea24d24284
Event: 56.242 Thread 0x000001ea34dbf200 Implicit null exception at 0x000001ea24d1ee76 to 0x000001ea24d1fee8

VM Operations (20 events):
Event: 53.300 Executing VM operation: HandshakeAllThreads done
Event: 54.300 Executing VM operation: Cleanup
Event: 54.318 Executing VM operation: Cleanup done
Event: 54.726 Executing VM operation: HandshakeAllThreads
Event: 54.726 Executing VM operation: HandshakeAllThreads done
Event: 55.045 Executing VM operation: HandshakeAllThreads
Event: 55.046 Executing VM operation: HandshakeAllThreads done
Event: 55.492 Executing VM operation: G1CollectForAllocation
Event: 55.496 Executing VM operation: G1CollectForAllocation done
Event: 55.525 Executing VM operation: HandshakeAllThreads
Event: 55.526 Executing VM operation: HandshakeAllThreads done
Event: 55.765 Executing VM operation: G1CollectForAllocation
Event: 55.773 Executing VM operation: G1CollectForAllocation done
Event: 56.654 Executing VM operation: G1CollectForAllocation
Event: 56.671 Executing VM operation: G1CollectForAllocation done
Event: 57.285 Executing VM operation: G1CollectForAllocation
Event: 57.304 Executing VM operation: G1CollectForAllocation done
Event: 58.162 Executing VM operation: G1CollectForAllocation
Event: 58.169 Executing VM operation: G1CollectForAllocation done
Event: 58.304 Executing VM operation: G1Concurrent

Events (20 events):
Event: 55.448 loading class jdk/internal/misc/ExtendedMapMode
Event: 55.449 loading class jdk/internal/misc/ExtendedMapMode done
Event: 55.455 loading class sun/nio/ch/FileChannelImpl$DefaultUnmapper
Event: 55.456 loading class sun/nio/ch/FileChannelImpl$Unmapper
Event: 55.456 loading class jdk/internal/access/foreign/UnmapperProxy
Event: 55.456 loading class jdk/internal/access/foreign/UnmapperProxy done
Event: 55.456 loading class sun/nio/ch/FileChannelImpl$Unmapper done
Event: 55.456 loading class sun/nio/ch/FileChannelImpl$DefaultUnmapper done
Event: 55.457 loading class sun/nio/ch/Util$4
Event: 55.457 loading class sun/nio/ch/Util$4 done
Event: 55.460 loading class java/io/UTFDataFormatException
Event: 55.460 loading class java/io/UTFDataFormatException done
Event: 55.521 loading class java/nio/file/attribute/DosFileAttributeView
Event: 55.521 loading class java/nio/file/attribute/DosFileAttributeView done
Event: 55.521 loading class sun/nio/fs/WindowsFileAttributeViews$Dos
Event: 55.522 loading class sun/nio/fs/WindowsFileAttributeViews$Dos done
Event: 57.414 loading class java/nio/channels/Channels$ReadableByteChannelImpl
Event: 57.415 loading class java/nio/channels/Channels$ReadableByteChannelImpl done
Event: 57.416 loading class java/nio/channels/NonWritableChannelException
Event: 57.416 loading class java/nio/channels/NonWritableChannelException done


Dynamic libraries:
0x00007ff729510000 - 0x00007ff72951a000 	C:\Users\Maksim Safonov\AppData\Local\Programs\Android Studio\jbr\bin\java.exe
0x00007ffe00670000 - 0x00007ffe00868000 	C:\WINDOWS\SYSTEM32\ntdll.dll
0x00007ffdff950000 - 0x00007ffdffa0d000 	C:\WINDOWS\System32\KERNEL32.DLL
0x00007ffdfdf10000 - 0x00007ffdfe206000 	C:\WINDOWS\System32\KERNELBASE.dll
0x00007ffdfe210000 - 0x00007ffdfe310000 	C:\WINDOWS\System32\ucrtbase.dll
0x00007ffdbabb0000 - 0x00007ffdbabc7000 	C:\Users\Maksim Safonov\AppData\Local\Programs\Android Studio\jbr\bin\jli.dll
0x00007ffd95910000 - 0x00007ffd9592b000 	C:\Users\Maksim Safonov\AppData\Local\Programs\Android Studio\jbr\bin\VCRUNTIME140.dll
0x00007ffdffa10000 - 0x00007ffdffbae000 	C:\WINDOWS\System32\USER32.dll
0x00007ffdfe410000 - 0x00007ffdfe432000 	C:\WINDOWS\System32\win32u.dll
0x00007ffdffc60000 - 0x00007ffdffc8c000 	C:\WINDOWS\System32\GDI32.dll
0x00007ffde2da0000 - 0x00007ffde303a000 	C:\WINDOWS\WinSxS\amd64_microsoft.windows.common-controls_6595b64144ccf1df_6.0.19041.3636_none_60b6a03d71f818d5\COMCTL32.dll
0x00007ffdffd80000 - 0x00007ffdffe1e000 	C:\WINDOWS\System32\msvcrt.dll
0x00007ffdfdd50000 - 0x00007ffdfde6a000 	C:\WINDOWS\System32\gdi32full.dll
0x00007ffdfde70000 - 0x00007ffdfdf0d000 	C:\WINDOWS\System32\msvcp_win.dll
0x00007ffdff280000 - 0x00007ffdff2b0000 	C:\WINDOWS\System32\IMM32.DLL
0x00007ffd95900000 - 0x00007ffd9590c000 	C:\Users\Maksim Safonov\AppData\Local\Programs\Android Studio\jbr\bin\vcruntime140_1.dll
0x00007ffd95870000 - 0x00007ffd958fd000 	C:\Users\Maksim Safonov\AppData\Local\Programs\Android Studio\jbr\bin\msvcp140.dll
0x00007ffd8da80000 - 0x00007ffd8e6ee000 	C:\Users\Maksim Safonov\AppData\Local\Programs\Android Studio\jbr\bin\server\jvm.dll
0x00007ffdff890000 - 0x00007ffdff93f000 	C:\WINDOWS\System32\ADVAPI32.dll
0x00007ffdfe6e0000 - 0x00007ffdfe77c000 	C:\WINDOWS\System32\sechost.dll
0x00007ffdff140000 - 0x00007ffdff266000 	C:\WINDOWS\System32\RPCRT4.dll
0x00007ffdf1fc0000 - 0x00007ffdf1fca000 	C:\WINDOWS\SYSTEM32\VERSION.dll
0x00007ffdd7970000 - 0x00007ffdd7979000 	C:\WINDOWS\SYSTEM32\WSOCK32.dll
0x00007ffde9f00000 - 0x00007ffde9f27000 	C:\WINDOWS\SYSTEM32\WINMM.dll
0x00007ffe00420000 - 0x00007ffe0048b000 	C:\WINDOWS\System32\WS2_32.dll
0x00007ffdfc560000 - 0x00007ffdfc572000 	C:\WINDOWS\SYSTEM32\kernel.appcore.dll
0x00007ffde6190000 - 0x00007ffde619a000 	C:\Users\Maksim Safonov\AppData\Local\Programs\Android Studio\jbr\bin\jimage.dll
0x00007ffdfb960000 - 0x00007ffdfbb44000 	C:\WINDOWS\SYSTEM32\DBGHELP.DLL
0x00007ffddde50000 - 0x00007ffddde84000 	C:\WINDOWS\SYSTEM32\dbgcore.DLL
0x00007ffdfe380000 - 0x00007ffdfe402000 	C:\WINDOWS\System32\bcryptPrimitives.dll
0x00007ffde3b50000 - 0x00007ffde3b75000 	C:\Users\Maksim Safonov\AppData\Local\Programs\Android Studio\jbr\bin\java.dll
0x00007ffde4530000 - 0x00007ffde4548000 	C:\Users\Maksim Safonov\AppData\Local\Programs\Android Studio\jbr\bin\zip.dll
0x00007ffdfe840000 - 0x00007ffdfef85000 	C:\WINDOWS\System32\SHELL32.dll
0x00007ffdfbdb0000 - 0x00007ffdfc54b000 	C:\WINDOWS\SYSTEM32\windows.storage.dll
0x00007ffdff460000 - 0x00007ffdff7b4000 	C:\WINDOWS\System32\combase.dll
0x00007ffdfd790000 - 0x00007ffdfd7bd000 	C:\WINDOWS\SYSTEM32\Wldp.dll
0x00007ffdffbb0000 - 0x00007ffdffc5d000 	C:\WINDOWS\System32\SHCORE.dll
0x00007ffdfe7e0000 - 0x00007ffdfe835000 	C:\WINDOWS\System32\shlwapi.dll
0x00007ffdfdc80000 - 0x00007ffdfdca5000 	C:\WINDOWS\SYSTEM32\profapi.dll
0x00007ffde4110000 - 0x00007ffde4129000 	C:\Users\Maksim Safonov\AppData\Local\Programs\Android Studio\jbr\bin\net.dll
0x00007ffdf4ab0000 - 0x00007ffdf4bba000 	C:\WINDOWS\SYSTEM32\WINHTTP.dll
0x00007ffdfd4b0000 - 0x00007ffdfd51a000 	C:\WINDOWS\system32\mswsock.dll
0x00007ffde4080000 - 0x00007ffde4096000 	C:\Users\Maksim Safonov\AppData\Local\Programs\Android Studio\jbr\bin\nio.dll
0x00007ffde5b40000 - 0x00007ffde5b50000 	C:\Users\Maksim Safonov\AppData\Local\Programs\Android Studio\jbr\bin\verify.dll
0x00007ffdde4c0000 - 0x00007ffdde4e7000 	C:\Users\Maksim Safonov\.gradle\native\68d5fa5c4cc2d200863cafc0d521ce42e7d3e7ee720ec0a83991735586a16f82\windows-amd64\native-platform.dll
0x00007ffcf3c90000 - 0x00007ffcf3dd4000 	C:\Users\Maksim Safonov\.gradle\native\e376f236ea51e6404a007f0833ffe2c6e607c4080706a723a18a27aeea778392\windows-amd64\native-platform-file-events.dll
0x00007ffde5890000 - 0x00007ffde5899000 	C:\Users\Maksim Safonov\AppData\Local\Programs\Android Studio\jbr\bin\management.dll
0x00007ffde4f20000 - 0x00007ffde4f2b000 	C:\Users\Maksim Safonov\AppData\Local\Programs\Android Studio\jbr\bin\management_ext.dll
0x00007ffdff940000 - 0x00007ffdff948000 	C:\WINDOWS\System32\PSAPI.DLL
0x00007ffdfd6d0000 - 0x00007ffdfd6e8000 	C:\WINDOWS\SYSTEM32\CRYPTSP.dll
0x00007ffdfcd70000 - 0x00007ffdfcda4000 	C:\WINDOWS\system32\rsaenh.dll
0x00007ffdfe4f0000 - 0x00007ffdfe517000 	C:\WINDOWS\System32\bcrypt.dll
0x00007ffdfdc00000 - 0x00007ffdfdc2e000 	C:\WINDOWS\SYSTEM32\USERENV.dll
0x00007ffdfd6c0000 - 0x00007ffdfd6cc000 	C:\WINDOWS\SYSTEM32\CRYPTBASE.dll
0x00007ffdfd160000 - 0x00007ffdfd19b000 	C:\WINDOWS\SYSTEM32\IPHLPAPI.DLL
0x00007ffdff270000 - 0x00007ffdff278000 	C:\WINDOWS\System32\NSI.dll
0x00007ffdf45b0000 - 0x00007ffdf45c7000 	C:\WINDOWS\SYSTEM32\dhcpcsvc6.DLL
0x00007ffdf4590000 - 0x00007ffdf45ad000 	C:\WINDOWS\SYSTEM32\dhcpcsvc.DLL
0x00007ffdfd1a0000 - 0x00007ffdfd26a000 	C:\WINDOWS\SYSTEM32\DNSAPI.dll
0x00007ffde3880000 - 0x00007ffde3887000 	C:\WINDOWS\system32\wshunix.dll
0x0000000076eb0000 - 0x0000000076ed6000 	C:\Program Files\Bonjour\mdnsNSP.dll
0x00007ffdee2d0000 - 0x00007ffdee2da000 	C:\Windows\System32\rasadhlp.dll
0x00007ffdf2210000 - 0x00007ffdf2290000 	C:\WINDOWS\System32\fwpuclnt.dll

dbghelp: loaded successfully - version: 4.0.5 - missing functions: none
symbol engine: initialized successfully - sym options: 0x614 - pdb path: .;C:\Users\Maksim Safonov\AppData\Local\Programs\Android Studio\jbr\bin;C:\WINDOWS\SYSTEM32;C:\WINDOWS\WinSxS\amd64_microsoft.windows.common-controls_6595b64144ccf1df_6.0.19041.3636_none_60b6a03d71f818d5;C:\Users\Maksim Safonov\AppData\Local\Programs\Android Studio\jbr\bin\server;C:\Users\Maksim Safonov\.gradle\native\68d5fa5c4cc2d200863cafc0d521ce42e7d3e7ee720ec0a83991735586a16f82\windows-amd64;C:\Users\Maksim Safonov\.gradle\native\e376f236ea51e6404a007f0833ffe2c6e607c4080706a723a18a27aeea778392\windows-amd64;C:\Program Files\Bonjour

VM Arguments:
jvm_args: --add-opens=java.base/java.util=ALL-UNNAMED --add-opens=java.base/java.lang=ALL-UNNAMED --add-opens=java.base/java.lang.invoke=ALL-UNNAMED --add-opens=java.prefs/java.util.prefs=ALL-UNNAMED --add-opens=java.base/java.nio.charset=ALL-UNNAMED --add-opens=java.base/java.net=ALL-UNNAMED --add-opens=java.base/java.util.concurrent.atomic=ALL-UNNAMED -Xmx2048m -Dfile.encoding=UTF-8 -Duser.country=RU -Duser.language=ru -Duser.variant 
java_command: org.gradle.launcher.daemon.bootstrap.GradleDaemon 8.0
java_class_path (initial): C:\Users\Maksim Safonov\.gradle\wrapper\dists\gradle-8.0-bin\ca5e32bp14vu59qr306oxotwh\gradle-8.0\lib\gradle-launcher-8.0.jar
Launcher Type: SUN_STANDARD

[Global flags]
     intx CICompilerCount                          = 4                                         {product} {ergonomic}
     uint ConcGCThreads                            = 2                                         {product} {ergonomic}
     uint G1ConcRefinementThreads                  = 8                                         {product} {ergonomic}
   size_t G1HeapRegionSize                         = 1048576                                   {product} {ergonomic}
    uintx GCDrainStackTargetSize                   = 64                                        {product} {ergonomic}
   size_t InitialHeapSize                          = 132120576                                 {product} {ergonomic}
   size_t MarkStackSize                            = 4194304                                   {product} {ergonomic}
   size_t MaxHeapSize                              = 2147483648                                {product} {command line}
   size_t MaxNewSize                               = 1287651328                                {product} {ergonomic}
   size_t MinHeapDeltaBytes                        = 1048576                                   {product} {ergonomic}
   size_t MinHeapSize                              = 8388608                                   {product} {ergonomic}
    uintx NonNMethodCodeHeapSize                   = 5839372                                {pd product} {ergonomic}
    uintx NonProfiledCodeHeapSize                  = 122909434                              {pd product} {ergonomic}
    uintx ProfiledCodeHeapSize                     = 122909434                              {pd product} {ergonomic}
    uintx ReservedCodeCacheSize                    = 251658240                              {pd product} {ergonomic}
     bool SegmentedCodeCache                       = true                                      {product} {ergonomic}
   size_t SoftMaxHeapSize                          = 2147483648                             {manageable} {ergonomic}
     bool UseCompressedClassPointers               = true                           {product lp64_product} {ergonomic}
     bool UseCompressedOops                        = true                           {product lp64_product} {ergonomic}
     bool UseG1GC                                  = true                                      {product} {ergonomic}
     bool UseLargePagesIndividualAllocation        = false                                  {pd product} {ergonomic}

Logging:
Log output configuration:
 #0: stdout all=warning uptime,level,tags
 #1: stderr all=off uptime,level,tags

Environment Variables:
PATH=C:\Program Files (x86)\Common Files\Intel\Shared Libraries\redist\intel64\compiler;C:\Program Files\Microsoft\jdk-11.0.12.7-hotspot\bin;C:\Windows\system32;C:\Windows;C:\Windows\System32\Wbem;C:\Windows\System32\WindowsPowerShell\v1.0\;C:\Windows\System32\OpenSSH\;C:\Program Files (x86)\NVIDIA Corporation\PhysX\Common;C:\Program Files\NVIDIA Corporation\NVIDIA NvDLISR;C:\WINDOWS\system32;C:\WINDOWS;C:\WINDOWS\System32\Wbem;C:\WINDOWS\System32\WindowsPowerShell\v1.0\;C:\WINDOWS\System32\OpenSSH\;C:\Program Files\dotnet\;C:\Program Files\Azure Data Studio\bin;C:\Program Files (x86)\Microsoft SQL Server\150\Tools\Binn\;C:\Program Files\Microsoft SQL Server\150\Tools\Binn\;C:\Program Files (x86)\Microsoft SQL Server\150\DTS\Binn\;C:\Program Files\Microsoft SQL Server\150\DTS\Binn\;C:\Program Files\Microsoft SQL Server\Client SDK\ODBC\170\Tools\Binn\;C:\Program Files (x86)\Microsoft SQL Server\160\DTS\Binn\;C:\Program Files\Git\cmd;C:\Users\Maksim Safonov\AppData\Local\Microsoft\WindowsApps;C:\Users\Maksim Safonov\.dotnet\tools;C:\Program Files\Azure Data Studio\bin;C:\Users\Maksim Safonov\AppData\Local\GitHubDesktop\bin;C:\Users\Maksim Safonov\AppData\Local\Programs\Microsoft VS Code\bin;C:\Users\Maksim Safonov\AppData\Local\JetBrains\Toolbox\scripts;C:\Users\Maksim Safonov\.dotnet\tools
USERNAME=Maksim Safonov
OS=Windows_NT
PROCESSOR_IDENTIFIER=Intel64 Family 6 Model 142 Stepping 12, GenuineIntel
TMP=C:\Users\MAKSIM~1\AppData\Local\Temp
TEMP=C:\Users\MAKSIM~1\AppData\Local\Temp


JNI global refs:
JNI global refs: 26, weak refs: 0

JNI global refs memory usage: 843, weak refs: 209


---------------  S Y S T E M  ---------------

OS:
 Windows 10 , 64 bit Build 19041 (10.0.19041.3636)
OS uptime: 6 days 10:41 hours
Hyper-V role detected

CPU: total 8 (initial active 8) (4 cores per cpu, 2 threads per core) family 6 model 142 stepping 12 microcode 0xde, cx8, cmov, fxsr, ht, mmx, 3dnowpref, sse, sse2, sse3, ssse3, sse4.1, sse4.2, popcnt, lzcnt, tsc, tscinvbit, avx, avx2, aes, erms, clmul, bmi1, bmi2, adx, fma, vzeroupper, clflush, clflushopt, hv

Memory: 4k page, system-wide physical 8025M (161M free)
TotalPageFile size 32601M (AvailPageFile size 25M)
current process WorkingSet (physical memory assigned to process): 329M, peak: 330M
current process commit charge ("private bytes"): 475M, peak: 519M

vm_info: OpenJDK 64-Bit Server VM (17.0.6+0-b2043.56-10027231) for windows-amd64 JRE (17.0.6+0-b2043.56-10027231), built on Apr 28 2023 00:43:19 by "androidbuild" with MS VC++ 16.10 / 16.11 (VS2019)

END.
